{
  "timestamp": "2025-08-29T22:32:41.740852",
  "duration_seconds": 50.89539694786072,
  "summary": {
    "total_tests": 1,
    "passed": 0,
    "failed": 1,
    "skipped": 0,
    "success_rate": 0.0
  },
  "test_results": {
    "unit": {
      "status": "failed",
      "returncode": 1,
      "stdout": "============================= test session starts ==============================\nplatform darwin -- Python 3.12.7, pytest-8.0.2, pluggy-1.6.0 -- /opt/anaconda3/bin/python\ncachedir: .pytest_cache\nmetadata: {'Python': '3.12.7', 'Platform': 'macOS-10.16-x86_64-i386-64bit', 'Packages': {'pytest': '8.0.2', 'pluggy': '1.6.0'}, 'Plugins': {'asyncio': '0.23.5', 'anyio': '4.9.0', 'html': '4.1.1', 'metadata': '3.1.1', 'cov': '4.1.0', 'mock': '3.14.1'}}\nrootdir: /Users/johnniewatsoniii/Desktop/Mingus Application - Cursor\nconfigfile: pytest.ini\nplugins: asyncio-0.23.5, anyio-4.9.0, html-4.1.1, metadata-3.1.1, cov-4.1.0, mock-3.14.1\nasyncio: mode=Mode.STRICT\ncollecting ... collected 85 items\n\nbackend/tests/unit/test_assessment_scoring_service.py::TestAssessmentScoringService::test_calculate_career_score PASSED [  1%]\nbackend/tests/unit/test_assessment_scoring_service.py::TestAssessmentScoringService::test_calculate_company_score PASSED [  2%]\nbackend/tests/unit/test_assessment_scoring_service.py::TestAssessmentScoringService::test_calculate_growth_score PASSED [  3%]\nbackend/tests/unit/test_assessment_scoring_service.py::TestAssessmentScoringService::test_calculate_location_score PASSED [  4%]\nbackend/tests/unit/test_assessment_scoring_service.py::TestAssessmentScoringService::test_calculate_salary_score PASSED [  5%]\nbackend/tests/unit/test_assessment_scoring_service.py::TestAssessmentScoringService::test_calculate_skills_score PASSED [  7%]\nbackend/tests/unit/test_assessment_scoring_service.py::TestAssessmentScoringService::test_comprehensive_assessment_flow PASSED [  8%]\nbackend/tests/unit/test_assessment_scoring_service.py::TestAssessmentScoringService::test_confidence_interval_calculation PASSED [  9%]\nbackend/tests/unit/test_assessment_scoring_service.py::TestAssessmentScoringService::test_edge_case_empty_data PASSED [ 10%]\nbackend/tests/unit/test_assessment_scoring_service.py::TestAssessmentScoringService::test_edge_case_extreme_values PASSED [ 11%]\nbackend/tests/unit/test_assessment_scoring_service.py::TestAssessmentScoringService::test_edge_case_missing_fields PASSED [ 12%]\nbackend/tests/unit/test_assessment_scoring_service.py::TestAssessmentScoringService::test_exact_algorithm_implementation PASSED [ 14%]\nbackend/tests/unit/test_assessment_scoring_service.py::TestAssessmentScoringService::test_field_salary_multipliers PASSED [ 15%]\nbackend/tests/unit/test_assessment_scoring_service.py::TestAssessmentScoringService::test_initialization PASSED [ 16%]\nbackend/tests/unit/test_assessment_scoring_service.py::TestAssessmentScoringService::test_memory_usage PASSED [ 17%]\nbackend/tests/unit/test_assessment_scoring_service.py::TestAssessmentScoringService::test_performance_under_load PASSED [ 18%]\nbackend/tests/unit/test_assessment_scoring_service.py::TestAssessmentScoringService::test_recommendations_generation PASSED [ 20%]\nbackend/tests/unit/test_assessment_scoring_service.py::TestAssessmentScoringService::test_risk_factors_identification PASSED [ 21%]\nbackend/tests/unit/test_assessment_scoring_service.py::TestAssessmentScoringService::test_risk_level_classification FAILED [ 22%]\n\n=================================== FAILURES ===================================\n_________ TestAssessmentScoringService.test_risk_level_classification __________\nbackend/tests/unit/test_assessment_scoring_service.py:274: in test_risk_level_classification\n    self.assertEqual(low_risk.final_risk_level, RiskLevel.LOW)\nE   AssertionError: <RiskLevel.MEDIUM: 'medium'> != <RiskLevel.LOW: 'low'>\n----------------------------- Captured stderr call -----------------------------\nWARNING:backend.ml.models.resume_parser:spaCy model not found. Install with: python -m spacy download en_core_web_sm\nINFO:backend.ml.models.income_comparator_optimized:IncomeComparator initialized in 0.000s\nINFO:backend.services.assessment_scoring_service:AssessmentScoringService initialized with EXACT MINGUS algorithms\n------------------------------ Captured log call -------------------------------\nWARNING  backend.ml.models.resume_parser:resume_parser.py:118 spaCy model not found. Install with: python -m spacy download en_core_web_sm\nINFO     backend.ml.models.income_comparator_optimized:income_comparator_optimized.py:143 IncomeComparator initialized in 0.000s\nINFO     backend.services.assessment_scoring_service:assessment_scoring_service.py:161 AssessmentScoringService initialized with EXACT MINGUS algorithms\n=============================== warnings summary ===============================\nbackend/models/base.py:8\n  /Users/johnniewatsoniii/Desktop/Mingus Application - Cursor/backend/models/base.py:8: MovedIn20Warning: The ``declarative_base()`` function is now available as sqlalchemy.orm.declarative_base(). (deprecated since: 2.0) (Background on SQLAlchemy 2.0 at: https://sqlalche.me/e/b8d9)\n    Base = declarative_base()\n\nbackend/models/user_goals.py:13\n  /Users/johnniewatsoniii/Desktop/Mingus Application - Cursor/backend/models/user_goals.py:13: MovedIn20Warning: The ``declarative_base()`` function is now available as sqlalchemy.orm.declarative_base(). (deprecated since: 2.0) (Background on SQLAlchemy 2.0 at: https://sqlalche.me/e/b8d9)\n    Base = declarative_base()\n\n../../../../opt/anaconda3/lib/python3.12/site-packages/dateutil/tz/tz.py:37\n  /opt/anaconda3/lib/python3.12/site-packages/dateutil/tz/tz.py:37: DeprecationWarning: datetime.datetime.utcfromtimestamp() is deprecated and scheduled for removal in a future version. Use timezone-aware objects to represent datetimes in UTC: datetime.datetime.fromtimestamp(timestamp, datetime.UTC).\n    EPOCH = datetime.datetime.utcfromtimestamp(0)\n\nbackend/tests/unit/test_assessment_scoring_service.py::TestAssessmentScoringService::test_comprehensive_assessment_flow\n  /Users/johnniewatsoniii/Desktop/Mingus Application - Cursor/backend/services/assessment_scoring_service.py:497: DeprecationWarning: datetime.datetime.utcnow() is deprecated and scheduled for removal in a future version. Use timezone-aware objects to represent datetimes in UTC: datetime.datetime.now(datetime.UTC).\n    timestamp=datetime.utcnow(),\n\n-- Docs: https://docs.pytest.org/en/stable/how-to/capture-warnings.html\n- generated xml file: /Users/johnniewatsoniii/Desktop/Mingus Application - Cursor/reports/unit-tests.xml -\n\n---------- coverage: platform darwin, python 3.12.7-final-0 ----------\nCoverage HTML written to dir coverage/unit\nCoverage JSON written to file coverage/unit.json\n\n- Generated html report: file:///Users/johnniewatsoniii/Desktop/Mingus%20Application%20-%20Cursor/reports/unit-tests.html -\n=========================== short test summary info ============================\nFAILED backend/tests/unit/test_assessment_scoring_service.py::TestAssessmentScoringService::test_risk_level_classification\n!!!!!!!!!!!!!!!!!!!!!!!!!! stopping after 1 failures !!!!!!!!!!!!!!!!!!!!!!!!!!!\n================== 1 failed, 18 passed, 4 warnings in 24.50s ===================\n",
      "stderr": "/opt/anaconda3/lib/python3.12/site-packages/coverage/report_core.py:110: CoverageWarning: Couldn't parse Python file '/Users/johnniewatsoniii/Desktop/Mingus Application - Cursor/backend/celery_config.py' (couldnt-parse)\n  coverage._warn(msg, slug=\"couldnt-parse\")\n",
      "coverage": {
        "error": "Could not generate coverage summary"
      }
    }
  },
  "recommendations": [
    "Fix failing unit tests"
  ]
}