{"/Users/johnniewatsoniii/Desktop/Mingus Application - Cursor/MINGUS Marketing/src/App.tsx": {"path":"/Users/johnniewatsoniii/Desktop/Mingus Application - Cursor/MINGUS Marketing/src/App.tsx","statementMap":{"0":{"start":{"line":2,"column":0},"end":{"line":2,"column":68}},"1":{"start":{"line":5,"column":2},"end":{"line":9,"column":null}},"2":{"start":{"line":12,"column":0},"end":{"line":12,"column":null}}},"fnMap":{"0":{"name":"App","decl":{"start":{"line":4,"column":9},"end":{"line":4,"column":12}},"loc":{"start":{"line":4,"column":12},"end":{"line":10,"column":1}}}},"branchMap":{},"s":{"0":0,"1":0,"2":0},"f":{"0":0},"b":{}}
,"/Users/johnniewatsoniii/Desktop/Mingus Application - Cursor/MINGUS Marketing/src/api/assessmentService.ts": {"path":"/Users/johnniewatsoniii/Desktop/Mingus Application - Cursor/MINGUS Marketing/src/api/assessmentService.ts","statementMap":{"0":{"start":{"line":1,"column":0},"end":{"line":1,"column":104}},"1":{"start":{"line":2,"column":0},"end":{"line":2,"column":64}},"2":{"start":{"line":41,"column":21},"end":{"line":41,"column":22}},"3":{"start":{"line":44,"column":4},"end":{"line":68,"column":null}},"4":{"start":{"line":45,"column":23},"end":{"line":45,"column":74}},"5":{"start":{"line":45,"column":54},"end":{"line":45,"column":73}},"6":{"start":{"line":46,"column":6},"end":{"line":46,"column":27}},"7":{"start":{"line":46,"column":21},"end":{"line":46,"column":27}},"8":{"start":{"line":48,"column":6},"end":{"line":67,"column":null}},"9":{"start":{"line":49,"column":23},"end":{"line":49,"column":74}},"10":{"start":{"line":49,"column":53},"end":{"line":49,"column":73}},"11":{"start":{"line":50,"column":8},"end":{"line":52,"column":null}},"12":{"start":{"line":51,"column":10},"end":{"line":51,"column":null}},"13":{"start":{"line":53,"column":13},"end":{"line":67,"column":null}},"14":{"start":{"line":54,"column":8},"end":{"line":59,"column":null}},"15":{"start":{"line":55,"column":25},"end":{"line":55,"column":83}},"16":{"start":{"line":55,"column":55},"end":{"line":55,"column":82}},"17":{"start":{"line":56,"column":10},"end":{"line":58,"column":null}},"18":{"start":{"line":57,"column":12},"end":{"line":57,"column":null}},"19":{"start":{"line":60,"column":13},"end":{"line":67,"column":null}},"20":{"start":{"line":62,"column":8},"end":{"line":66,"column":null}},"21":{"start":{"line":63,"column":10},"end":{"line":65,"column":null}},"22":{"start":{"line":64,"column":12},"end":{"line":64,"column":null}},"23":{"start":{"line":74,"column":4},"end":{"line":86,"column":null}},"24":{"start":{"line":75,"column":6},"end":{"line":75,"column":null}},"25":{"start":{"line":76,"column":6},"end":{"line":76,"column":null}},"26":{"start":{"line":77,"column":11},"end":{"line":86,"column":null}},"27":{"start":{"line":78,"column":6},"end":{"line":78,"column":null}},"28":{"start":{"line":79,"column":6},"end":{"line":79,"column":null}},"29":{"start":{"line":80,"column":11},"end":{"line":86,"column":null}},"30":{"start":{"line":81,"column":6},"end":{"line":81,"column":null}},"31":{"start":{"line":82,"column":6},"end":{"line":82,"column":null}},"32":{"start":{"line":84,"column":6},"end":{"line":84,"column":null}},"33":{"start":{"line":85,"column":6},"end":{"line":85,"column":null}},"34":{"start":{"line":88,"column":4},"end":{"line":88,"column":null}},"35":{"start":{"line":95,"column":20},"end":{"line":144,"column":null}},"36":{"start":{"line":146,"column":4},"end":{"line":146,"column":null}},"37":{"start":{"line":153,"column":4},"end":{"line":251,"column":null}},"38":{"start":{"line":155,"column":46},"end":{"line":155,"column":85}},"39":{"start":{"line":156,"column":29},"end":{"line":156,"column":60}},"40":{"start":{"line":159,"column":56},"end":{"line":163,"column":17}},"41":{"start":{"line":165,"column":6},"end":{"line":167,"column":null}},"42":{"start":{"line":166,"column":8},"end":{"line":166,"column":null}},"43":{"start":{"line":171,"column":6},"end":{"line":235,"column":null}},"44":{"start":{"line":173,"column":58},"end":{"line":196,"column":19}},"45":{"start":{"line":198,"column":8},"end":{"line":200,"column":null}},"46":{"start":{"line":199,"column":10},"end":{"line":199,"column":null}},"47":{"start":{"line":202,"column":8},"end":{"line":202,"column":null}},"48":{"start":{"line":205,"column":54},"end":{"line":228,"column":19}},"49":{"start":{"line":230,"column":8},"end":{"line":232,"column":null}},"50":{"start":{"line":231,"column":10},"end":{"line":231,"column":null}},"51":{"start":{"line":234,"column":8},"end":{"line":234,"column":null}},"52":{"start":{"line":238,"column":6},"end":{"line":238,"column":null}},"53":{"start":{"line":240,"column":6},"end":{"line":247,"column":null}},"54":{"start":{"line":249,"column":6},"end":{"line":249,"column":null}},"55":{"start":{"line":250,"column":6},"end":{"line":250,"column":null}},"56":{"start":{"line":258,"column":4},"end":{"line":281,"column":null}},"57":{"start":{"line":260,"column":6},"end":{"line":268,"column":null}},"58":{"start":{"line":271,"column":6},"end":{"line":277,"column":null}},"59":{"start":{"line":272,"column":9},"end":{"line":276,"column":null}},"60":{"start":{"line":279,"column":6},"end":{"line":279,"column":null}},"61":{"start":{"line":288,"column":4},"end":{"line":288,"column":null}},"62":{"start":{"line":295,"column":4},"end":{"line":313,"column":null}},"63":{"start":{"line":296,"column":30},"end":{"line":300,"column":17}},"64":{"start":{"line":302,"column":6},"end":{"line":307,"column":null}},"65":{"start":{"line":303,"column":8},"end":{"line":305,"column":null}},"66":{"start":{"line":304,"column":10},"end":{"line":304,"column":22}},"67":{"start":{"line":306,"column":8},"end":{"line":306,"column":null}},"68":{"start":{"line":309,"column":6},"end":{"line":309,"column":null}},"69":{"start":{"line":311,"column":6},"end":{"line":311,"column":null}},"70":{"start":{"line":312,"column":6},"end":{"line":312,"column":null}},"71":{"start":{"line":320,"column":4},"end":{"line":339,"column":null}},"72":{"start":{"line":321,"column":30},"end":{"line":329,"column":17}},"73":{"start":{"line":331,"column":6},"end":{"line":333,"column":null}},"74":{"start":{"line":332,"column":8},"end":{"line":332,"column":null}},"75":{"start":{"line":335,"column":6},"end":{"line":335,"column":null}},"76":{"start":{"line":337,"column":6},"end":{"line":337,"column":null}},"77":{"start":{"line":338,"column":6},"end":{"line":338,"column":null}},"78":{"start":{"line":346,"column":4},"end":{"line":374,"column":null}},"79":{"start":{"line":347,"column":30},"end":{"line":350,"column":41}},"80":{"start":{"line":352,"column":6},"end":{"line":354,"column":null}},"81":{"start":{"line":353,"column":8},"end":{"line":353,"column":null}},"82":{"start":{"line":356,"column":20},"end":{"line":368,"column":null}},"83":{"start":{"line":358,"column":49},"end":{"line":358,"column":65}},"84":{"start":{"line":360,"column":10},"end":{"line":360,"column":null}},"85":{"start":{"line":361,"column":10},"end":{"line":361,"column":null}},"86":{"start":{"line":364,"column":28},"end":{"line":364,"column":53}},"87":{"start":{"line":365,"column":29},"end":{"line":365,"column":75}},"88":{"start":{"line":366,"column":10},"end":{"line":366,"column":null}},"89":{"start":{"line":370,"column":6},"end":{"line":370,"column":null}},"90":{"start":{"line":372,"column":6},"end":{"line":372,"column":null}},"91":{"start":{"line":373,"column":6},"end":{"line":373,"column":null}},"92":{"start":{"line":378,"column":13},"end":{"line":378,"column":null}}},"fnMap":{"0":{"name":"(anonymous_7)","decl":{"start":{"line":40,"column":10},"end":{"line":40,"column":24}},"loc":{"start":{"line":40,"column":53},"end":{"line":89,"column":3}}},"1":{"name":"(anonymous_8)","decl":{"start":{"line":44,"column":36},"end":{"line":44,"column":37}},"loc":{"start":{"line":44,"column":61},"end":{"line":68,"column":5}}},"2":{"name":"(anonymous_9)","decl":{"start":{"line":45,"column":49},"end":{"line":45,"column":50}},"loc":{"start":{"line":45,"column":54},"end":{"line":45,"column":73}}},"3":{"name":"(anonymous_10)","decl":{"start":{"line":49,"column":46},"end":{"line":49,"column":49}},"loc":{"start":{"line":49,"column":53},"end":{"line":49,"column":73}}},"4":{"name":"(anonymous_11)","decl":{"start":{"line":54,"column":23},"end":{"line":54,"column":24}},"loc":{"start":{"line":54,"column":49},"end":{"line":59,"column":9}}},"5":{"name":"(anonymous_12)","decl":{"start":{"line":55,"column":48},"end":{"line":55,"column":51}},"loc":{"start":{"line":55,"column":55},"end":{"line":55,"column":82}}},"6":{"name":"(anonymous_13)","decl":{"start":{"line":62,"column":38},"end":{"line":62,"column":39}},"loc":{"start":{"line":62,"column":54},"end":{"line":66,"column":9}}},"7":{"name":"(anonymous_14)","decl":{"start":{"line":94,"column":10},"end":{"line":94,"column":27}},"loc":{"start":{"line":94,"column":48},"end":{"line":147,"column":3}}},"8":{"name":"(anonymous_15)","decl":{"start":{"line":152,"column":8},"end":{"line":152,"column":24}},"loc":{"start":{"line":152,"column":57},"end":{"line":252,"column":null}}},"9":{"name":"(anonymous_17)","decl":{"start":{"line":257,"column":16},"end":{"line":257,"column":39}},"loc":{"start":{"line":257,"column":106},"end":{"line":282,"column":null}}},"10":{"name":"(anonymous_19)","decl":{"start":{"line":287,"column":8},"end":{"line":287,"column":30}},"loc":{"start":{"line":287,"column":30},"end":{"line":289,"column":null}}},"11":{"name":"(anonymous_21)","decl":{"start":{"line":294,"column":8},"end":{"line":294,"column":22}},"loc":{"start":{"line":294,"column":36},"end":{"line":314,"column":null}}},"12":{"name":"(anonymous_23)","decl":{"start":{"line":319,"column":8},"end":{"line":319,"column":18}},"loc":{"start":{"line":319,"column":57},"end":{"line":340,"column":null}}},"13":{"name":"(anonymous_25)","decl":{"start":{"line":345,"column":8},"end":{"line":345,"column":26}},"loc":{"start":{"line":345,"column":26},"end":{"line":375,"column":null}}},"14":{"name":"(anonymous_27)","decl":{"start":{"line":358,"column":34},"end":{"line":358,"column":35}},"loc":{"start":{"line":358,"column":49},"end":{"line":358,"column":65}}},"15":{"name":"(anonymous_28)","decl":{"start":{"line":359,"column":41},"end":{"line":359,"column":42}},"loc":{"start":{"line":359,"column":55},"end":{"line":362,"column":9}}},"16":{"name":"(anonymous_29)","decl":{"start":{"line":363,"column":39},"end":{"line":363,"column":43}},"loc":{"start":{"line":363,"column":46},"end":{"line":367,"column":9}}}},"branchMap":{"0":{"loc":{"start":{"line":46,"column":6},"end":{"line":46,"column":27}},"type":"if","locations":[{"start":{"line":46,"column":6},"end":{"line":46,"column":27}}]},"1":{"loc":{"start":{"line":48,"column":6},"end":{"line":67,"column":null}},"type":"if","locations":[{"start":{"line":48,"column":6},"end":{"line":67,"column":null}},{"start":{"line":53,"column":13},"end":{"line":67,"column":null}}]},"2":{"loc":{"start":{"line":48,"column":10},"end":{"line":48,"column":65}},"type":"binary-expr","locations":[{"start":{"line":48,"column":10},"end":{"line":48,"column":35}},{"start":{"line":48,"column":39},"end":{"line":48,"column":65}}]},"3":{"loc":{"start":{"line":49,"column":23},"end":{"line":49,"column":74}},"type":"cond-expr","locations":[{"start":{"line":49,"column":39},"end":{"line":49,"column":41}},{"start":{"line":49,"column":39},"end":{"line":49,"column":74}}]},"4":{"loc":{"start":{"line":49,"column":23},"end":{"line":49,"column":41}},"type":"binary-expr","locations":[{"start":{"line":49,"column":23},"end":{"line":49,"column":41}},{"start":{"line":49,"column":39},"end":{"line":49,"column":41}}]},"5":{"loc":{"start":{"line":50,"column":8},"end":{"line":52,"column":null}},"type":"if","locations":[{"start":{"line":50,"column":8},"end":{"line":52,"column":null}}]},"6":{"loc":{"start":{"line":53,"column":13},"end":{"line":67,"column":null}},"type":"if","locations":[{"start":{"line":53,"column":13},"end":{"line":67,"column":null}},{"start":{"line":60,"column":13},"end":{"line":67,"column":null}}]},"7":{"loc":{"start":{"line":53,"column":17},"end":{"line":53,"column":70}},"type":"binary-expr","locations":[{"start":{"line":53,"column":17},"end":{"line":53,"column":45}},{"start":{"line":53,"column":49},"end":{"line":53,"column":70}}]},"8":{"loc":{"start":{"line":55,"column":25},"end":{"line":55,"column":83}},"type":"cond-expr","locations":[{"start":{"line":55,"column":41},"end":{"line":55,"column":43}},{"start":{"line":55,"column":41},"end":{"line":55,"column":83}}]},"9":{"loc":{"start":{"line":55,"column":25},"end":{"line":55,"column":43}},"type":"binary-expr","locations":[{"start":{"line":55,"column":25},"end":{"line":55,"column":43}},{"start":{"line":55,"column":41},"end":{"line":55,"column":43}}]},"10":{"loc":{"start":{"line":56,"column":10},"end":{"line":58,"column":null}},"type":"if","locations":[{"start":{"line":56,"column":10},"end":{"line":58,"column":null}}]},"11":{"loc":{"start":{"line":60,"column":13},"end":{"line":67,"column":null}},"type":"if","locations":[{"start":{"line":60,"column":13},"end":{"line":67,"column":null}}]},"12":{"loc":{"start":{"line":60,"column":17},"end":{"line":60,"column":73}},"type":"binary-expr","locations":[{"start":{"line":60,"column":17},"end":{"line":60,"column":43}},{"start":{"line":60,"column":47},"end":{"line":60,"column":73}}]},"13":{"loc":{"start":{"line":63,"column":10},"end":{"line":65,"column":null}},"type":"if","locations":[{"start":{"line":63,"column":10},"end":{"line":65,"column":null}}]},"14":{"loc":{"start":{"line":63,"column":14},"end":{"line":63,"column":70}},"type":"binary-expr","locations":[{"start":{"line":63,"column":14},"end":{"line":63,"column":40}},{"start":{"line":63,"column":44},"end":{"line":63,"column":55}},{"start":{"line":63,"column":59},"end":{"line":63,"column":70}}]},"15":{"loc":{"start":{"line":74,"column":4},"end":{"line":86,"column":null}},"type":"if","locations":[{"start":{"line":74,"column":4},"end":{"line":86,"column":null}},{"start":{"line":77,"column":11},"end":{"line":86,"column":null}}]},"16":{"loc":{"start":{"line":77,"column":11},"end":{"line":86,"column":null}},"type":"if","locations":[{"start":{"line":77,"column":11},"end":{"line":86,"column":null}},{"start":{"line":80,"column":11},"end":{"line":86,"column":null}}]},"17":{"loc":{"start":{"line":80,"column":11},"end":{"line":86,"column":null}},"type":"if","locations":[{"start":{"line":80,"column":11},"end":{"line":86,"column":null}},{"start":{"line":83,"column":11},"end":{"line":86,"column":null}}]},"18":{"loc":{"start":{"line":165,"column":6},"end":{"line":167,"column":null}},"type":"if","locations":[{"start":{"line":165,"column":6},"end":{"line":167,"column":null}}]},"19":{"loc":{"start":{"line":165,"column":10},"end":{"line":165,"column":54}},"type":"binary-expr","locations":[{"start":{"line":165,"column":10},"end":{"line":165,"column":20}},{"start":{"line":165,"column":24},"end":{"line":165,"column":54}}]},"20":{"loc":{"start":{"line":171,"column":6},"end":{"line":235,"column":null}},"type":"if","locations":[{"start":{"line":171,"column":6},"end":{"line":235,"column":null}},{"start":{"line":203,"column":13},"end":{"line":235,"column":null}}]},"21":{"loc":{"start":{"line":188,"column":24},"end":{"line":188,"column":50}},"type":"cond-expr","locations":[{"start":{"line":188,"column":42},"end":{"line":188,"column":44}},{"start":{"line":188,"column":42},"end":{"line":188,"column":50}}]},"22":{"loc":{"start":{"line":188,"column":24},"end":{"line":188,"column":44}},"type":"binary-expr","locations":[{"start":{"line":188,"column":24},"end":{"line":188,"column":44}},{"start":{"line":188,"column":42},"end":{"line":188,"column":44}}]},"23":{"loc":{"start":{"line":189,"column":24},"end":{"line":189,"column":50}},"type":"cond-expr","locations":[{"start":{"line":189,"column":42},"end":{"line":189,"column":44}},{"start":{"line":189,"column":42},"end":{"line":189,"column":50}}]},"24":{"loc":{"start":{"line":189,"column":24},"end":{"line":189,"column":44}},"type":"binary-expr","locations":[{"start":{"line":189,"column":24},"end":{"line":189,"column":44}},{"start":{"line":189,"column":42},"end":{"line":189,"column":44}}]},"25":{"loc":{"start":{"line":190,"column":26},"end":{"line":190,"column":54}},"type":"cond-expr","locations":[{"start":{"line":190,"column":44},"end":{"line":190,"column":46}},{"start":{"line":190,"column":44},"end":{"line":190,"column":54}}]},"26":{"loc":{"start":{"line":190,"column":26},"end":{"line":190,"column":46}},"type":"binary-expr","locations":[{"start":{"line":190,"column":26},"end":{"line":190,"column":46}},{"start":{"line":190,"column":44},"end":{"line":190,"column":46}}]},"27":{"loc":{"start":{"line":191,"column":22},"end":{"line":191,"column":46}},"type":"cond-expr","locations":[{"start":{"line":191,"column":40},"end":{"line":191,"column":42}},{"start":{"line":191,"column":40},"end":{"line":191,"column":46}}]},"28":{"loc":{"start":{"line":191,"column":22},"end":{"line":191,"column":42}},"type":"binary-expr","locations":[{"start":{"line":191,"column":22},"end":{"line":191,"column":42}},{"start":{"line":191,"column":40},"end":{"line":191,"column":42}}]},"29":{"loc":{"start":{"line":192,"column":25},"end":{"line":192,"column":52}},"type":"cond-expr","locations":[{"start":{"line":192,"column":43},"end":{"line":192,"column":45}},{"start":{"line":192,"column":43},"end":{"line":192,"column":52}}]},"30":{"loc":{"start":{"line":192,"column":25},"end":{"line":192,"column":45}},"type":"binary-expr","locations":[{"start":{"line":192,"column":25},"end":{"line":192,"column":45}},{"start":{"line":192,"column":43},"end":{"line":192,"column":45}}]},"31":{"loc":{"start":{"line":198,"column":8},"end":{"line":200,"column":null}},"type":"if","locations":[{"start":{"line":198,"column":8},"end":{"line":200,"column":null}}]},"32":{"loc":{"start":{"line":220,"column":24},"end":{"line":220,"column":50}},"type":"cond-expr","locations":[{"start":{"line":220,"column":42},"end":{"line":220,"column":44}},{"start":{"line":220,"column":42},"end":{"line":220,"column":50}}]},"33":{"loc":{"start":{"line":220,"column":24},"end":{"line":220,"column":44}},"type":"binary-expr","locations":[{"start":{"line":220,"column":24},"end":{"line":220,"column":44}},{"start":{"line":220,"column":42},"end":{"line":220,"column":44}}]},"34":{"loc":{"start":{"line":221,"column":24},"end":{"line":221,"column":50}},"type":"cond-expr","locations":[{"start":{"line":221,"column":42},"end":{"line":221,"column":44}},{"start":{"line":221,"column":42},"end":{"line":221,"column":50}}]},"35":{"loc":{"start":{"line":221,"column":24},"end":{"line":221,"column":44}},"type":"binary-expr","locations":[{"start":{"line":221,"column":24},"end":{"line":221,"column":44}},{"start":{"line":221,"column":42},"end":{"line":221,"column":44}}]},"36":{"loc":{"start":{"line":222,"column":26},"end":{"line":222,"column":54}},"type":"cond-expr","locations":[{"start":{"line":222,"column":44},"end":{"line":222,"column":46}},{"start":{"line":222,"column":44},"end":{"line":222,"column":54}}]},"37":{"loc":{"start":{"line":222,"column":26},"end":{"line":222,"column":46}},"type":"binary-expr","locations":[{"start":{"line":222,"column":26},"end":{"line":222,"column":46}},{"start":{"line":222,"column":44},"end":{"line":222,"column":46}}]},"38":{"loc":{"start":{"line":223,"column":22},"end":{"line":223,"column":46}},"type":"cond-expr","locations":[{"start":{"line":223,"column":40},"end":{"line":223,"column":42}},{"start":{"line":223,"column":40},"end":{"line":223,"column":46}}]},"39":{"loc":{"start":{"line":223,"column":22},"end":{"line":223,"column":42}},"type":"binary-expr","locations":[{"start":{"line":223,"column":22},"end":{"line":223,"column":42}},{"start":{"line":223,"column":40},"end":{"line":223,"column":42}}]},"40":{"loc":{"start":{"line":224,"column":25},"end":{"line":224,"column":52}},"type":"cond-expr","locations":[{"start":{"line":224,"column":43},"end":{"line":224,"column":45}},{"start":{"line":224,"column":43},"end":{"line":224,"column":52}}]},"41":{"loc":{"start":{"line":224,"column":25},"end":{"line":224,"column":45}},"type":"binary-expr","locations":[{"start":{"line":224,"column":25},"end":{"line":224,"column":45}},{"start":{"line":224,"column":43},"end":{"line":224,"column":45}}]},"42":{"loc":{"start":{"line":230,"column":8},"end":{"line":232,"column":null}},"type":"if","locations":[{"start":{"line":230,"column":8},"end":{"line":232,"column":null}}]},"43":{"loc":{"start":{"line":250,"column":54},"end":{"line":250,"column":110}},"type":"cond-expr","locations":[{"start":{"line":250,"column":79},"end":{"line":250,"column":92}},{"start":{"line":250,"column":95},"end":{"line":250,"column":110}}]},"44":{"loc":{"start":{"line":271,"column":6},"end":{"line":277,"column":null}},"type":"if","locations":[{"start":{"line":271,"column":6},"end":{"line":277,"column":null}}]},"45":{"loc":{"start":{"line":271,"column":10},"end":{"line":271,"column":63}},"type":"binary-expr","locations":[{"start":{"line":271,"column":10},"end":{"line":271,"column":39}},{"start":{"line":271,"column":44},"end":{"line":271,"column":63}}]},"46":{"loc":{"start":{"line":302,"column":6},"end":{"line":307,"column":null}},"type":"if","locations":[{"start":{"line":302,"column":6},"end":{"line":307,"column":null}}]},"47":{"loc":{"start":{"line":303,"column":8},"end":{"line":305,"column":null}},"type":"if","locations":[{"start":{"line":303,"column":8},"end":{"line":305,"column":null}}]},"48":{"loc":{"start":{"line":312,"column":47},"end":{"line":312,"column":103}},"type":"cond-expr","locations":[{"start":{"line":312,"column":72},"end":{"line":312,"column":85}},{"start":{"line":312,"column":88},"end":{"line":312,"column":103}}]},"49":{"loc":{"start":{"line":331,"column":6},"end":{"line":333,"column":null}},"type":"if","locations":[{"start":{"line":331,"column":6},"end":{"line":333,"column":null}}]},"50":{"loc":{"start":{"line":338,"column":48},"end":{"line":338,"column":104}},"type":"cond-expr","locations":[{"start":{"line":338,"column":73},"end":{"line":338,"column":86}},{"start":{"line":338,"column":89},"end":{"line":338,"column":104}}]},"51":{"loc":{"start":{"line":352,"column":6},"end":{"line":354,"column":null}},"type":"if","locations":[{"start":{"line":352,"column":6},"end":{"line":354,"column":null}}]},"52":{"loc":{"start":{"line":360,"column":31},"end":{"line":360,"column":53}},"type":"binary-expr","locations":[{"start":{"line":360,"column":31},"end":{"line":360,"column":48}},{"start":{"line":360,"column":52},"end":{"line":360,"column":53}}]},"53":{"loc":{"start":{"line":373,"column":48},"end":{"line":373,"column":104}},"type":"cond-expr","locations":[{"start":{"line":373,"column":73},"end":{"line":373,"column":86}},{"start":{"line":373,"column":89},"end":{"line":373,"column":104}}]}},"s":{"0":0,"1":0,"2":0,"3":0,"4":0,"5":0,"6":0,"7":0,"8":0,"9":0,"10":0,"11":0,"12":0,"13":0,"14":0,"15":0,"16":0,"17":0,"18":0,"19":0,"20":0,"21":0,"22":0,"23":0,"24":0,"25":0,"26":0,"27":0,"28":0,"29":0,"30":0,"31":0,"32":0,"33":0,"34":0,"35":0,"36":0,"37":0,"38":0,"39":0,"40":0,"41":0,"42":0,"43":0,"44":0,"45":0,"46":0,"47":0,"48":0,"49":0,"50":0,"51":0,"52":0,"53":0,"54":0,"55":0,"56":0,"57":0,"58":0,"59":0,"60":0,"61":0,"62":0,"63":0,"64":0,"65":0,"66":0,"67":0,"68":0,"69":0,"70":0,"71":0,"72":0,"73":0,"74":0,"75":0,"76":0,"77":0,"78":0,"79":0,"80":0,"81":0,"82":0,"83":0,"84":0,"85":0,"86":0,"87":0,"88":0,"89":0,"90":0,"91":0,"92":0},"f":{"0":0,"1":0,"2":0,"3":0,"4":0,"5":0,"6":0,"7":0,"8":0,"9":0,"10":0,"11":0,"12":0,"13":0,"14":0,"15":0,"16":0},"b":{"0":[0],"1":[0,0],"2":[0,0],"3":[0,0],"4":[0,0],"5":[0],"6":[0,0],"7":[0,0],"8":[0,0],"9":[0,0],"10":[0],"11":[0],"12":[0,0],"13":[0],"14":[0,0,0],"15":[0,0],"16":[0,0],"17":[0,0],"18":[0],"19":[0,0],"20":[0,0],"21":[0,0],"22":[0,0],"23":[0,0],"24":[0,0],"25":[0,0],"26":[0,0],"27":[0,0],"28":[0,0],"29":[0,0],"30":[0,0],"31":[0],"32":[0,0],"33":[0,0],"34":[0,0],"35":[0,0],"36":[0,0],"37":[0,0],"38":[0,0],"39":[0,0],"40":[0,0],"41":[0,0],"42":[0],"43":[0,0],"44":[0],"45":[0,0],"46":[0],"47":[0],"48":[0,0],"49":[0],"50":[0,0],"51":[0],"52":[0,0],"53":[0,0]}}
,"/Users/johnniewatsoniii/Desktop/Mingus Application - Cursor/MINGUS Marketing/src/api/emailAutomation.ts": {"path":"/Users/johnniewatsoniii/Desktop/Mingus Application - Cursor/MINGUS Marketing/src/api/emailAutomation.ts","statementMap":{"0":{"start":{"line":1,"column":0},"end":{"line":1,"column":57}},"1":{"start":{"line":18,"column":24},"end":{"line":23,"column":null}},"2":{"start":{"line":55,"column":2},"end":{"line":110,"column":null}},"3":{"start":{"line":57,"column":4},"end":{"line":59,"column":null}},"4":{"start":{"line":58,"column":6},"end":{"line":58,"column":null}},"5":{"start":{"line":62,"column":20},"end":{"line":62,"column":48}},"6":{"start":{"line":63,"column":24},"end":{"line":63,"column":53}},"7":{"start":{"line":66,"column":33},"end":{"line":87,"column":null}},"8":{"start":{"line":89,"column":34},"end":{"line":93,"column":15}},"9":{"start":{"line":95,"column":4},"end":{"line":95,"column":null}},"10":{"start":{"line":95,"column":15},"end":{"line":95,"column":null}},"11":{"start":{"line":98,"column":4},"end":{"line":98,"column":null}},"12":{"start":{"line":101,"column":4},"end":{"line":101,"column":null}},"13":{"start":{"line":104,"column":4},"end":{"line":104,"column":null}},"14":{"start":{"line":106,"column":4},"end":{"line":106,"column":null}},"15":{"start":{"line":108,"column":4},"end":{"line":108,"column":null}},"16":{"start":{"line":109,"column":4},"end":{"line":109,"column":null}},"17":{"start":{"line":54,"column":0},"end":{"line":54,"column":22}},"18":{"start":{"line":115,"column":2},"end":{"line":175,"column":null}},"19":{"start":{"line":117,"column":35},"end":{"line":121,"column":15}},"20":{"start":{"line":123,"column":4},"end":{"line":137,"column":null}},"21":{"start":{"line":125,"column":43},"end":{"line":133,"column":17}},"22":{"start":{"line":135,"column":6},"end":{"line":135,"column":null}},"23":{"start":{"line":135,"column":17},"end":{"line":135,"column":null}},"24":{"start":{"line":136,"column":6},"end":{"line":136,"column":null}},"25":{"start":{"line":140,"column":33},"end":{"line":155,"column":null}},"26":{"start":{"line":157,"column":34},"end":{"line":161,"column":15}},"27":{"start":{"line":163,"column":4},"end":{"line":163,"column":null}},"28":{"start":{"line":163,"column":15},"end":{"line":163,"column":null}},"29":{"start":{"line":166,"column":4},"end":{"line":166,"column":null}},"30":{"start":{"line":169,"column":4},"end":{"line":169,"column":null}},"31":{"start":{"line":171,"column":4},"end":{"line":171,"column":null}},"32":{"start":{"line":173,"column":4},"end":{"line":173,"column":null}},"33":{"start":{"line":174,"column":4},"end":{"line":174,"column":null}},"34":{"start":{"line":114,"column":0},"end":{"line":114,"column":22}},"35":{"start":{"line":180,"column":2},"end":{"line":196,"column":null}},"36":{"start":{"line":181,"column":45},"end":{"line":185,"column":15}},"37":{"start":{"line":187,"column":4},"end":{"line":189,"column":null}},"38":{"start":{"line":188,"column":6},"end":{"line":188,"column":null}},"39":{"start":{"line":191,"column":21},"end":{"line":191,"column":49}},"40":{"start":{"line":192,"column":4},"end":{"line":192,"column":null}},"41":{"start":{"line":194,"column":4},"end":{"line":194,"column":null}},"42":{"start":{"line":195,"column":4},"end":{"line":195,"column":null}},"43":{"start":{"line":179,"column":0},"end":{"line":179,"column":22}},"44":{"start":{"line":201,"column":2},"end":{"line":221,"column":null}},"45":{"start":{"line":202,"column":34},"end":{"line":210,"column":15}},"46":{"start":{"line":212,"column":4},"end":{"line":212,"column":null}},"47":{"start":{"line":212,"column":15},"end":{"line":212,"column":null}},"48":{"start":{"line":215,"column":4},"end":{"line":215,"column":null}},"49":{"start":{"line":217,"column":4},"end":{"line":217,"column":null}},"50":{"start":{"line":219,"column":4},"end":{"line":219,"column":null}},"51":{"start":{"line":220,"column":4},"end":{"line":220,"column":null}},"52":{"start":{"line":200,"column":0},"end":{"line":200,"column":22}},"53":{"start":{"line":226,"column":2},"end":{"line":230,"column":null}},"54":{"start":{"line":227,"column":4},"end":{"line":229,"column":null}},"55":{"start":{"line":228,"column":6},"end":{"line":228,"column":null}},"56":{"start":{"line":231,"column":2},"end":{"line":231,"column":23}},"57":{"start":{"line":235,"column":23},"end":{"line":239,"column":5}},"58":{"start":{"line":235,"column":82},"end":{"line":239,"column":4}},"59":{"start":{"line":241,"column":20},"end":{"line":243,"column":25}},"60":{"start":{"line":245,"column":2},"end":{"line":247,"column":null}},"61":{"start":{"line":246,"column":4},"end":{"line":246,"column":null}},"62":{"start":{"line":251,"column":19},"end":{"line":251,"column":77}},"63":{"start":{"line":252,"column":20},"end":{"line":252,"column":65}},"64":{"start":{"line":253,"column":18},"end":{"line":253,"column":66}},"65":{"start":{"line":255,"column":35},"end":{"line":262,"column":null}},"66":{"start":{"line":264,"column":31},"end":{"line":268,"column":13}},"67":{"start":{"line":270,"column":2},"end":{"line":270,"column":null}},"68":{"start":{"line":270,"column":13},"end":{"line":270,"column":null}},"69":{"start":{"line":273,"column":2},"end":{"line":273,"column":null}},"70":{"start":{"line":275,"column":2},"end":{"line":275,"column":null}},"71":{"start":{"line":279,"column":19},"end":{"line":279,"column":58}},"72":{"start":{"line":280,"column":20},"end":{"line":280,"column":65}},"73":{"start":{"line":281,"column":18},"end":{"line":281,"column":66}},"74":{"start":{"line":283,"column":35},"end":{"line":290,"column":null}},"75":{"start":{"line":292,"column":31},"end":{"line":296,"column":13}},"76":{"start":{"line":298,"column":2},"end":{"line":298,"column":null}},"77":{"start":{"line":298,"column":13},"end":{"line":298,"column":null}},"78":{"start":{"line":300,"column":2},"end":{"line":300,"column":null}},"79":{"start":{"line":301,"column":2},"end":{"line":301,"column":null}},"80":{"start":{"line":305,"column":36},"end":{"line":311,"column":13}},"81":{"start":{"line":313,"column":2},"end":{"line":324,"column":null}},"82":{"start":{"line":315,"column":39},"end":{"line":321,"column":15}},"83":{"start":{"line":323,"column":4},"end":{"line":323,"column":null}},"84":{"start":{"line":326,"column":2},"end":{"line":326,"column":null}},"85":{"start":{"line":330,"column":2},"end":{"line":335,"column":null}},"86":{"start":{"line":341,"column":29},"end":{"line":341,"column":52}},"87":{"start":{"line":343,"column":2},"end":{"line":368,"column":null}},"88":{"start":{"line":344,"column":21},"end":{"line":361,"column":6}},"89":{"start":{"line":363,"column":4},"end":{"line":365,"column":null}},"90":{"start":{"line":364,"column":6},"end":{"line":364,"column":null}},"91":{"start":{"line":367,"column":4},"end":{"line":367,"column":null}},"92":{"start":{"line":372,"column":29},"end":{"line":372,"column":52}},"93":{"start":{"line":374,"column":2},"end":{"line":395,"column":null}},"94":{"start":{"line":375,"column":21},"end":{"line":388,"column":6}},"95":{"start":{"line":390,"column":4},"end":{"line":392,"column":null}},"96":{"start":{"line":391,"column":6},"end":{"line":391,"column":null}},"97":{"start":{"line":394,"column":4},"end":{"line":394,"column":null}},"98":{"start":{"line":399,"column":29},"end":{"line":399,"column":52}},"99":{"start":{"line":401,"column":2},"end":{"line":420,"column":null}},"100":{"start":{"line":402,"column":21},"end":{"line":413,"column":6}},"101":{"start":{"line":415,"column":4},"end":{"line":417,"column":null}},"102":{"start":{"line":416,"column":6},"end":{"line":416,"column":null}},"103":{"start":{"line":419,"column":4},"end":{"line":419,"column":null}},"104":{"start":{"line":424,"column":2},"end":{"line":429,"column":null}},"105":{"start":{"line":434,"column":2},"end":{"line":440,"column":null}},"106":{"start":{"line":433,"column":0},"end":{"line":433,"column":22}},"107":{"start":{"line":444,"column":2},"end":{"line":449,"column":null}},"108":{"start":{"line":443,"column":0},"end":{"line":443,"column":22}},"109":{"start":{"line":453,"column":25},"end":{"line":457,"column":13}},"110":{"start":{"line":459,"column":2},"end":{"line":468,"column":null}},"111":{"start":{"line":460,"column":20},"end":{"line":460,"column":43}},"112":{"start":{"line":461,"column":4},"end":{"line":461,"column":null}},"113":{"start":{"line":462,"column":4},"end":{"line":462,"column":null}},"114":{"start":{"line":464,"column":4},"end":{"line":467,"column":null}},"115":{"start":{"line":452,"column":0},"end":{"line":452,"column":22}}},"fnMap":{"0":{"name":"submitQuestionnaire","decl":{"start":{"line":54,"column":22},"end":{"line":54,"column":41}},"loc":{"start":{"line":54,"column":71},"end":{"line":111,"column":null}}},"1":{"name":"subscribeToEmailList","decl":{"start":{"line":114,"column":22},"end":{"line":114,"column":42}},"loc":{"start":{"line":114,"column":66},"end":{"line":176,"column":null}}},"2":{"name":"deliverResults","decl":{"start":{"line":179,"column":22},"end":{"line":179,"column":36}},"loc":{"start":{"line":179,"column":51},"end":{"line":197,"column":null}}},"3":{"name":"updateSegment","decl":{"start":{"line":200,"column":22},"end":{"line":200,"column":35}},"loc":{"start":{"line":200,"column":70},"end":{"line":222,"column":null}}},"4":{"name":"determineSegment","decl":{"start":{"line":225,"column":9},"end":{"line":225,"column":25}},"loc":{"start":{"line":225,"column":39},"end":{"line":232,"column":1}}},"5":{"name":"storeAssessmentResponses","decl":{"start":{"line":234,"column":15},"end":{"line":234,"column":39}},"loc":{"start":{"line":234,"column":89},"end":{"line":248,"column":null}}},"6":{"name":"(anonymous_18)","decl":{"start":{"line":235,"column":53},"end":{"line":235,"column":54}},"loc":{"start":{"line":235,"column":82},"end":{"line":239,"column":4}}},"7":{"name":"sendResultsEmail","decl":{"start":{"line":250,"column":15},"end":{"line":250,"column":31}},"loc":{"start":{"line":250,"column":42},"end":{"line":276,"column":null}}},"8":{"name":"sendWelcomeEmail","decl":{"start":{"line":278,"column":15},"end":{"line":278,"column":31}},"loc":{"start":{"line":278,"column":42},"end":{"line":302,"column":null}}},"9":{"name":"getEmailTemplate","decl":{"start":{"line":304,"column":15},"end":{"line":304,"column":31}},"loc":{"start":{"line":304,"column":68},"end":{"line":327,"column":null}}},"10":{"name":"replaceTemplateVariables","decl":{"start":{"line":329,"column":9},"end":{"line":329,"column":33}},"loc":{"start":{"line":329,"column":62},"end":{"line":336,"column":1}}},"11":{"name":"addToEmailService","decl":{"start":{"line":338,"column":15},"end":{"line":338,"column":32}},"loc":{"start":{"line":338,"column":43},"end":{"line":369,"column":null}}},"12":{"name":"updateEmailServiceTags","decl":{"start":{"line":371,"column":15},"end":{"line":371,"column":37}},"loc":{"start":{"line":371,"column":48},"end":{"line":396,"column":null}}},"13":{"name":"sendEmailViaService","decl":{"start":{"line":398,"column":15},"end":{"line":398,"column":34}},"loc":{"start":{"line":398,"column":76},"end":{"line":421,"column":null}}},"14":{"name":"getEmailServiceConfig","decl":{"start":{"line":423,"column":9},"end":{"line":423,"column":30}},"loc":{"start":{"line":423,"column":30},"end":{"line":430,"column":1}}},"15":{"name":"trackEmailOpen","decl":{"start":{"line":433,"column":22},"end":{"line":433,"column":36}},"loc":{"start":{"line":433,"column":55},"end":{"line":441,"column":null}}},"16":{"name":"trackEmailClick","decl":{"start":{"line":443,"column":22},"end":{"line":443,"column":37}},"loc":{"start":{"line":443,"column":56},"end":{"line":450,"column":null}}},"17":{"name":"updateEngagementMetrics","decl":{"start":{"line":452,"column":22},"end":{"line":452,"column":45}},"loc":{"start":{"line":452,"column":60},"end":{"line":469,"column":null}}}},"branchMap":{"0":{"loc":{"start":{"line":57,"column":4},"end":{"line":59,"column":null}},"type":"if","locations":[{"start":{"line":57,"column":4},"end":{"line":59,"column":null}}]},"1":{"loc":{"start":{"line":57,"column":8},"end":{"line":57,"column":72}},"type":"binary-expr","locations":[{"start":{"line":57,"column":8},"end":{"line":57,"column":19}},{"start":{"line":57,"column":23},"end":{"line":57,"column":38}},{"start":{"line":57,"column":42},"end":{"line":57,"column":72}}]},"2":{"loc":{"start":{"line":68,"column":12},"end":{"line":68,"column":29}},"type":"binary-expr","locations":[{"start":{"line":68,"column":12},"end":{"line":68,"column":21}},{"start":{"line":68,"column":25},"end":{"line":68,"column":29}}]},"3":{"loc":{"start":{"line":69,"column":13},"end":{"line":69,"column":31}},"type":"binary-expr","locations":[{"start":{"line":69,"column":13},"end":{"line":69,"column":23}},{"start":{"line":69,"column":27},"end":{"line":69,"column":31}}]},"4":{"loc":{"start":{"line":95,"column":4},"end":{"line":95,"column":null}},"type":"if","locations":[{"start":{"line":95,"column":4},"end":{"line":95,"column":null}}]},"5":{"loc":{"start":{"line":123,"column":4},"end":{"line":137,"column":null}},"type":"if","locations":[{"start":{"line":123,"column":4},"end":{"line":137,"column":null}}]},"6":{"loc":{"start":{"line":135,"column":6},"end":{"line":135,"column":null}},"type":"if","locations":[{"start":{"line":135,"column":6},"end":{"line":135,"column":null}}]},"7":{"loc":{"start":{"line":142,"column":12},"end":{"line":142,"column":29}},"type":"binary-expr","locations":[{"start":{"line":142,"column":12},"end":{"line":142,"column":21}},{"start":{"line":142,"column":25},"end":{"line":142,"column":29}}]},"8":{"loc":{"start":{"line":163,"column":4},"end":{"line":163,"column":null}},"type":"if","locations":[{"start":{"line":163,"column":4},"end":{"line":163,"column":null}}]},"9":{"loc":{"start":{"line":187,"column":4},"end":{"line":189,"column":null}},"type":"if","locations":[{"start":{"line":187,"column":4},"end":{"line":189,"column":null}}]},"10":{"loc":{"start":{"line":187,"column":8},"end":{"line":187,"column":26}},"type":"binary-expr","locations":[{"start":{"line":187,"column":8},"end":{"line":187,"column":17}},{"start":{"line":187,"column":21},"end":{"line":187,"column":26}}]},"11":{"loc":{"start":{"line":206,"column":22},"end":{"line":206,"column":105}},"type":"binary-expr","locations":[{"start":{"line":206,"column":22},"end":{"line":206,"column":87}},{"start":{"line":206,"column":91},"end":{"line":206,"column":105}}]},"12":{"loc":{"start":{"line":206,"column":22},"end":{"line":206,"column":87}},"type":"cond-expr","locations":[{"start":{"line":206,"column":81},"end":{"line":206,"column":83}},{"start":{"line":206,"column":81},"end":{"line":206,"column":87}}]},"13":{"loc":{"start":{"line":206,"column":22},"end":{"line":206,"column":83}},"type":"binary-expr","locations":[{"start":{"line":206,"column":22},"end":{"line":206,"column":83}},{"start":{"line":206,"column":81},"end":{"line":206,"column":83}}]},"14":{"loc":{"start":{"line":212,"column":4},"end":{"line":212,"column":null}},"type":"if","locations":[{"start":{"line":212,"column":4},"end":{"line":212,"column":null}}]},"15":{"loc":{"start":{"line":227,"column":4},"end":{"line":229,"column":null}},"type":"if","locations":[{"start":{"line":227,"column":4},"end":{"line":229,"column":null}}]},"16":{"loc":{"start":{"line":227,"column":8},"end":{"line":227,"column":48}},"type":"binary-expr","locations":[{"start":{"line":227,"column":8},"end":{"line":227,"column":26}},{"start":{"line":227,"column":30},"end":{"line":227,"column":48}}]},"17":{"loc":{"start":{"line":245,"column":2},"end":{"line":247,"column":null}},"type":"if","locations":[{"start":{"line":245,"column":2},"end":{"line":247,"column":null}}]},"18":{"loc":{"start":{"line":270,"column":2},"end":{"line":270,"column":null}},"type":"if","locations":[{"start":{"line":270,"column":2},"end":{"line":270,"column":null}}]},"19":{"loc":{"start":{"line":298,"column":2},"end":{"line":298,"column":null}},"type":"if","locations":[{"start":{"line":298,"column":2},"end":{"line":298,"column":null}}]},"20":{"loc":{"start":{"line":313,"column":2},"end":{"line":324,"column":null}},"type":"if","locations":[{"start":{"line":313,"column":2},"end":{"line":324,"column":null}}]},"21":{"loc":{"start":{"line":313,"column":6},"end":{"line":313,"column":24}},"type":"binary-expr","locations":[{"start":{"line":313,"column":6},"end":{"line":313,"column":11}},{"start":{"line":313,"column":15},"end":{"line":313,"column":24}}]},"22":{"loc":{"start":{"line":331,"column":25},"end":{"line":331,"column":45}},"type":"binary-expr","locations":[{"start":{"line":331,"column":25},"end":{"line":331,"column":34}},{"start":{"line":331,"column":38},"end":{"line":331,"column":45}}]},"23":{"loc":{"start":{"line":354,"column":17},"end":{"line":354,"column":32}},"type":"binary-expr","locations":[{"start":{"line":354,"column":17},"end":{"line":354,"column":26}},{"start":{"line":354,"column":30},"end":{"line":354,"column":32}}]},"24":{"loc":{"start":{"line":363,"column":4},"end":{"line":365,"column":null}},"type":"if","locations":[{"start":{"line":363,"column":4},"end":{"line":365,"column":null}}]},"25":{"loc":{"start":{"line":390,"column":4},"end":{"line":392,"column":null}},"type":"if","locations":[{"start":{"line":390,"column":4},"end":{"line":392,"column":null}}]},"26":{"loc":{"start":{"line":415,"column":4},"end":{"line":417,"column":null}},"type":"if","locations":[{"start":{"line":415,"column":4},"end":{"line":417,"column":null}}]},"27":{"loc":{"start":{"line":425,"column":15},"end":{"line":425,"column":110}},"type":"binary-expr","locations":[{"start":{"line":425,"column":15},"end":{"line":425,"column":95}},{"start":{"line":425,"column":99},"end":{"line":425,"column":110}}]},"28":{"loc":{"start":{"line":459,"column":2},"end":{"line":468,"column":null}},"type":"if","locations":[{"start":{"line":459,"column":2},"end":{"line":468,"column":null}}]}},"s":{"0":0,"1":0,"2":0,"3":0,"4":0,"5":0,"6":0,"7":0,"8":0,"9":0,"10":0,"11":0,"12":0,"13":0,"14":0,"15":0,"16":0,"17":0,"18":0,"19":0,"20":0,"21":0,"22":0,"23":0,"24":0,"25":0,"26":0,"27":0,"28":0,"29":0,"30":0,"31":0,"32":0,"33":0,"34":0,"35":0,"36":0,"37":0,"38":0,"39":0,"40":0,"41":0,"42":0,"43":0,"44":0,"45":0,"46":0,"47":0,"48":0,"49":0,"50":0,"51":0,"52":0,"53":0,"54":0,"55":0,"56":0,"57":0,"58":0,"59":0,"60":0,"61":0,"62":0,"63":0,"64":0,"65":0,"66":0,"67":0,"68":0,"69":0,"70":0,"71":0,"72":0,"73":0,"74":0,"75":0,"76":0,"77":0,"78":0,"79":0,"80":0,"81":0,"82":0,"83":0,"84":0,"85":0,"86":0,"87":0,"88":0,"89":0,"90":0,"91":0,"92":0,"93":0,"94":0,"95":0,"96":0,"97":0,"98":0,"99":0,"100":0,"101":0,"102":0,"103":0,"104":0,"105":0,"106":0,"107":0,"108":0,"109":0,"110":0,"111":0,"112":0,"113":0,"114":0,"115":0},"f":{"0":0,"1":0,"2":0,"3":0,"4":0,"5":0,"6":0,"7":0,"8":0,"9":0,"10":0,"11":0,"12":0,"13":0,"14":0,"15":0,"16":0,"17":0},"b":{"0":[0],"1":[0,0,0],"2":[0,0],"3":[0,0],"4":[0],"5":[0],"6":[0],"7":[0,0],"8":[0],"9":[0],"10":[0,0],"11":[0,0],"12":[0,0],"13":[0,0],"14":[0],"15":[0],"16":[0,0],"17":[0],"18":[0],"19":[0],"20":[0],"21":[0,0],"22":[0,0],"23":[0,0],"24":[0],"25":[0],"26":[0],"27":[0,0],"28":[0]}}
,"/Users/johnniewatsoniii/Desktop/Mingus Application - Cursor/MINGUS Marketing/src/api/emailAutomationService.ts": {"path":"/Users/johnniewatsoniii/Desktop/Mingus Application - Cursor/MINGUS Marketing/src/api/emailAutomationService.ts","statementMap":{"0":{"start":{"line":1,"column":0},"end":{"line":1,"column":109}},"1":{"start":{"line":2,"column":0},"end":{"line":2,"column":61}},"2":{"start":{"line":34,"column":4},"end":{"line":34,"column":null}},"3":{"start":{"line":41,"column":4},"end":{"line":95,"column":null}},"4":{"start":{"line":43,"column":50},"end":{"line":53,"column":17}},"5":{"start":{"line":55,"column":6},"end":{"line":57,"column":null}},"6":{"start":{"line":56,"column":8},"end":{"line":56,"column":null}},"7":{"start":{"line":62,"column":6},"end":{"line":74,"column":null}},"8":{"start":{"line":64,"column":10},"end":{"line":64,"column":null}},"9":{"start":{"line":65,"column":10},"end":{"line":65,"column":15}},"10":{"start":{"line":67,"column":10},"end":{"line":67,"column":null}},"11":{"start":{"line":68,"column":10},"end":{"line":68,"column":15}},"12":{"start":{"line":70,"column":10},"end":{"line":70,"column":null}},"13":{"start":{"line":71,"column":10},"end":{"line":71,"column":15}},"14":{"start":{"line":73,"column":10},"end":{"line":73,"column":null}},"15":{"start":{"line":77,"column":6},"end":{"line":86,"column":null}},"16":{"start":{"line":78,"column":8},"end":{"line":85,"column":null}},"17":{"start":{"line":88,"column":6},"end":{"line":88,"column":null}},"18":{"start":{"line":90,"column":6},"end":{"line":90,"column":null}},"19":{"start":{"line":91,"column":6},"end":{"line":94,"column":null}},"20":{"start":{"line":102,"column":21},"end":{"line":102,"column":73}},"21":{"start":{"line":103,"column":4},"end":{"line":105,"column":null}},"22":{"start":{"line":104,"column":6},"end":{"line":104,"column":null}},"23":{"start":{"line":107,"column":22},"end":{"line":112,"column":null}},"24":{"start":{"line":114,"column":20},"end":{"line":114,"column":70}},"25":{"start":{"line":115,"column":17},"end":{"line":115,"column":64}},"26":{"start":{"line":117,"column":4},"end":{"line":125,"column":null}},"27":{"start":{"line":132,"column":21},"end":{"line":132,"column":91}},"28":{"start":{"line":133,"column":4},"end":{"line":135,"column":null}},"29":{"start":{"line":134,"column":6},"end":{"line":134,"column":null}},"30":{"start":{"line":137,"column":22},"end":{"line":142,"column":null}},"31":{"start":{"line":144,"column":20},"end":{"line":144,"column":70}},"32":{"start":{"line":145,"column":17},"end":{"line":145,"column":64}},"33":{"start":{"line":147,"column":4},"end":{"line":155,"column":null}},"34":{"start":{"line":162,"column":4},"end":{"line":197,"column":null}},"35":{"start":{"line":163,"column":18},"end":{"line":166,"column":42}},"36":{"start":{"line":168,"column":6},"end":{"line":170,"column":null}},"37":{"start":{"line":169,"column":8},"end":{"line":169,"column":null}},"38":{"start":{"line":172,"column":30},"end":{"line":172,"column":50}},"39":{"start":{"line":174,"column":6},"end":{"line":191,"column":null}},"40":{"start":{"line":175,"column":8},"end":{"line":189,"column":null}},"41":{"start":{"line":177,"column":63},"end":{"line":182,"column":21}},"42":{"start":{"line":184,"column":10},"end":{"line":186,"column":null}},"43":{"start":{"line":185,"column":12},"end":{"line":185,"column":null}},"44":{"start":{"line":188,"column":10},"end":{"line":188,"column":null}},"45":{"start":{"line":190,"column":8},"end":{"line":190,"column":null}},"46":{"start":{"line":193,"column":6},"end":{"line":193,"column":null}},"47":{"start":{"line":195,"column":6},"end":{"line":195,"column":null}},"48":{"start":{"line":196,"column":6},"end":{"line":196,"column":null}},"49":{"start":{"line":204,"column":17},"end":{"line":204,"column":21}},"50":{"start":{"line":205,"column":4},"end":{"line":207,"column":null}},"51":{"start":{"line":206,"column":6},"end":{"line":206,"column":null}},"52":{"start":{"line":208,"column":4},"end":{"line":208,"column":null}},"53":{"start":{"line":215,"column":4},"end":{"line":253,"column":null}},"54":{"start":{"line":216,"column":21},"end":{"line":216,"column":60}},"55":{"start":{"line":217,"column":27},"end":{"line":217,"column":81}},"56":{"start":{"line":219,"column":6},"end":{"line":221,"column":null}},"57":{"start":{"line":220,"column":8},"end":{"line":220,"column":null}},"58":{"start":{"line":223,"column":23},"end":{"line":236,"column":8}},"59":{"start":{"line":238,"column":6},"end":{"line":241,"column":null}},"60":{"start":{"line":239,"column":22},"end":{"line":239,"column":43}},"61":{"start":{"line":240,"column":8},"end":{"line":240,"column":null}},"62":{"start":{"line":243,"column":21},"end":{"line":243,"column":42}},"63":{"start":{"line":244,"column":6},"end":{"line":247,"column":null}},"64":{"start":{"line":249,"column":6},"end":{"line":252,"column":null}},"65":{"start":{"line":260,"column":4},"end":{"line":309,"column":null}},"66":{"start":{"line":261,"column":21},"end":{"line":261,"column":59}},"67":{"start":{"line":262,"column":24},"end":{"line":262,"column":95}},"68":{"start":{"line":263,"column":23},"end":{"line":263,"column":82}},"69":{"start":{"line":265,"column":6},"end":{"line":267,"column":null}},"70":{"start":{"line":266,"column":8},"end":{"line":266,"column":null}},"71":{"start":{"line":269,"column":23},"end":{"line":293,"column":8}},"72":{"start":{"line":295,"column":6},"end":{"line":298,"column":null}},"73":{"start":{"line":296,"column":22},"end":{"line":296,"column":43}},"74":{"start":{"line":297,"column":8},"end":{"line":297,"column":null}},"75":{"start":{"line":300,"column":6},"end":{"line":303,"column":null}},"76":{"start":{"line":305,"column":6},"end":{"line":308,"column":null}},"77":{"start":{"line":316,"column":4},"end":{"line":354,"column":null}},"78":{"start":{"line":317,"column":21},"end":{"line":317,"column":61}},"79":{"start":{"line":318,"column":21},"end":{"line":318,"column":61}},"80":{"start":{"line":320,"column":6},"end":{"line":322,"column":null}},"81":{"start":{"line":321,"column":8},"end":{"line":321,"column":null}},"82":{"start":{"line":325,"column":23},"end":{"line":339,"column":8}},"83":{"start":{"line":341,"column":6},"end":{"line":344,"column":null}},"84":{"start":{"line":342,"column":22},"end":{"line":342,"column":43}},"85":{"start":{"line":343,"column":8},"end":{"line":343,"column":null}},"86":{"start":{"line":346,"column":6},"end":{"line":348,"column":null}},"87":{"start":{"line":350,"column":6},"end":{"line":353,"column":null}},"88":{"start":{"line":361,"column":4},"end":{"line":366,"column":null}},"89":{"start":{"line":369,"column":4},"end":{"line":369,"column":null}},"90":{"start":{"line":369,"column":33},"end":{"line":369,"column":57}},"91":{"start":{"line":371,"column":4},"end":{"line":374,"column":null}},"92":{"start":{"line":381,"column":4},"end":{"line":403,"column":null}},"93":{"start":{"line":382,"column":30},"end":{"line":386,"column":47}},"94":{"start":{"line":388,"column":6},"end":{"line":390,"column":null}},"95":{"start":{"line":389,"column":8},"end":{"line":389,"column":null}},"96":{"start":{"line":392,"column":6},"end":{"line":399,"column":null}},"97":{"start":{"line":394,"column":41},"end":{"line":394,"column":64}},"98":{"start":{"line":395,"column":46},"end":{"line":395,"column":74}},"99":{"start":{"line":396,"column":43},"end":{"line":396,"column":68}},"100":{"start":{"line":401,"column":6},"end":{"line":401,"column":null}},"101":{"start":{"line":402,"column":6},"end":{"line":402,"column":null}},"102":{"start":{"line":410,"column":4},"end":{"line":427,"column":null}},"103":{"start":{"line":411,"column":24},"end":{"line":417,"column":25}},"104":{"start":{"line":419,"column":6},"end":{"line":421,"column":null}},"105":{"start":{"line":420,"column":8},"end":{"line":420,"column":null}},"106":{"start":{"line":423,"column":6},"end":{"line":423,"column":null}},"107":{"start":{"line":425,"column":6},"end":{"line":425,"column":null}},"108":{"start":{"line":426,"column":6},"end":{"line":426,"column":null}},"109":{"start":{"line":434,"column":4},"end":{"line":463,"column":null}},"110":{"start":{"line":436,"column":35},"end":{"line":442,"column":25}},"111":{"start":{"line":444,"column":6},"end":{"line":446,"column":null}},"112":{"start":{"line":445,"column":8},"end":{"line":445,"column":null}},"113":{"start":{"line":449,"column":6},"end":{"line":457,"column":null}},"114":{"start":{"line":459,"column":6},"end":{"line":459,"column":null}},"115":{"start":{"line":461,"column":6},"end":{"line":461,"column":null}},"116":{"start":{"line":462,"column":6},"end":{"line":462,"column":null}},"117":{"start":{"line":467,"column":13},"end":{"line":467,"column":null}}},"fnMap":{"0":{"name":"(anonymous_7)","decl":{"start":{"line":33,"column":2},"end":{"line":33,"column":null}},"loc":{"start":{"line":33,"column":2},"end":{"line":35,"column":3}}},"1":{"name":"(anonymous_8)","decl":{"start":{"line":40,"column":8},"end":{"line":40,"column":17}},"loc":{"start":{"line":40,"column":38},"end":{"line":96,"column":null}}},"2":{"name":"(anonymous_10)","decl":{"start":{"line":101,"column":8},"end":{"line":101,"column":24}},"loc":{"start":{"line":101,"column":35},"end":{"line":126,"column":null}}},"3":{"name":"(anonymous_12)","decl":{"start":{"line":131,"column":8},"end":{"line":131,"column":25}},"loc":{"start":{"line":131,"column":58},"end":{"line":156,"column":null}}},"4":{"name":"(anonymous_14)","decl":{"start":{"line":161,"column":16},"end":{"line":161,"column":32}},"loc":{"start":{"line":161,"column":71},"end":{"line":198,"column":null}}},"5":{"name":"(anonymous_16)","decl":{"start":{"line":203,"column":10},"end":{"line":203,"column":26}},"loc":{"start":{"line":203,"column":74},"end":{"line":209,"column":3}}},"6":{"name":"(anonymous_17)","decl":{"start":{"line":205,"column":38},"end":{"line":205,"column":39}},"loc":{"start":{"line":205,"column":55},"end":{"line":207,"column":5}}},"7":{"name":"(anonymous_18)","decl":{"start":{"line":214,"column":16},"end":{"line":214,"column":32}},"loc":{"start":{"line":214,"column":53},"end":{"line":254,"column":null}}},"8":{"name":"(anonymous_20)","decl":{"start":{"line":259,"column":16},"end":{"line":259,"column":31}},"loc":{"start":{"line":259,"column":52},"end":{"line":310,"column":null}}},"9":{"name":"(anonymous_22)","decl":{"start":{"line":315,"column":16},"end":{"line":315,"column":33}},"loc":{"start":{"line":315,"column":54},"end":{"line":355,"column":null}}},"10":{"name":"(anonymous_24)","decl":{"start":{"line":360,"column":16},"end":{"line":360,"column":27}},"loc":{"start":{"line":360,"column":48},"end":{"line":375,"column":null}}},"11":{"name":"(anonymous_26)","decl":{"start":{"line":369,"column":22},"end":{"line":369,"column":29}},"loc":{"start":{"line":369,"column":33},"end":{"line":369,"column":57}}},"12":{"name":"(anonymous_27)","decl":{"start":{"line":380,"column":8},"end":{"line":380,"column":21}},"loc":{"start":{"line":380,"column":36},"end":{"line":404,"column":null}}},"13":{"name":"(anonymous_29)","decl":{"start":{"line":394,"column":32},"end":{"line":394,"column":37}},"loc":{"start":{"line":394,"column":41},"end":{"line":394,"column":64}}},"14":{"name":"(anonymous_30)","decl":{"start":{"line":395,"column":37},"end":{"line":395,"column":42}},"loc":{"start":{"line":395,"column":46},"end":{"line":395,"column":74}}},"15":{"name":"(anonymous_31)","decl":{"start":{"line":396,"column":34},"end":{"line":396,"column":39}},"loc":{"start":{"line":396,"column":43},"end":{"line":396,"column":68}}},"16":{"name":"(anonymous_32)","decl":{"start":{"line":409,"column":8},"end":{"line":409,"column":30}},"loc":{"start":{"line":409,"column":79},"end":{"line":428,"column":null}}},"17":{"name":"(anonymous_34)","decl":{"start":{"line":433,"column":8},"end":{"line":433,"column":23}},"loc":{"start":{"line":433,"column":55},"end":{"line":464,"column":null}}}},"branchMap":{"0":{"loc":{"start":{"line":55,"column":6},"end":{"line":57,"column":null}},"type":"if","locations":[{"start":{"line":55,"column":6},"end":{"line":57,"column":null}}]},"1":{"loc":{"start":{"line":62,"column":6},"end":{"line":74,"column":null}},"type":"switch","locations":[{"start":{"line":63,"column":8},"end":{"line":65,"column":15}},{"start":{"line":66,"column":8},"end":{"line":68,"column":15}},{"start":{"line":69,"column":8},"end":{"line":71,"column":15}},{"start":{"line":72,"column":8},"end":{"line":73,"column":null}}]},"2":{"loc":{"start":{"line":77,"column":6},"end":{"line":86,"column":null}},"type":"if","locations":[{"start":{"line":77,"column":6},"end":{"line":86,"column":null}}]},"3":{"loc":{"start":{"line":77,"column":10},"end":{"line":77,"column":22}},"type":"cond-expr","locations":[{"start":{"line":77,"column":18},"end":{"line":77,"column":20}},{"start":{"line":77,"column":10},"end":{"line":77,"column":22}}]},"4":{"loc":{"start":{"line":77,"column":10},"end":{"line":77,"column":20}},"type":"binary-expr","locations":[{"start":{"line":77,"column":10},"end":{"line":77,"column":20}},{"start":{"line":77,"column":10},"end":{"line":77,"column":20}}]},"5":{"loc":{"start":{"line":81,"column":20},"end":{"line":81,"column":59}},"type":"cond-expr","locations":[{"start":{"line":81,"column":37},"end":{"line":81,"column":48}},{"start":{"line":81,"column":51},"end":{"line":81,"column":59}}]},"6":{"loc":{"start":{"line":93,"column":15},"end":{"line":93,"column":71}},"type":"cond-expr","locations":[{"start":{"line":93,"column":40},"end":{"line":93,"column":53}},{"start":{"line":93,"column":56},"end":{"line":93,"column":71}}]},"7":{"loc":{"start":{"line":103,"column":4},"end":{"line":105,"column":null}},"type":"if","locations":[{"start":{"line":103,"column":4},"end":{"line":105,"column":null}}]},"8":{"loc":{"start":{"line":108,"column":17},"end":{"line":108,"column":37}},"type":"binary-expr","locations":[{"start":{"line":108,"column":17},"end":{"line":108,"column":26}},{"start":{"line":108,"column":30},"end":{"line":108,"column":37}}]},"9":{"loc":{"start":{"line":133,"column":4},"end":{"line":135,"column":null}},"type":"if","locations":[{"start":{"line":133,"column":4},"end":{"line":135,"column":null}}]},"10":{"loc":{"start":{"line":138,"column":17},"end":{"line":138,"column":37}},"type":"binary-expr","locations":[{"start":{"line":138,"column":17},"end":{"line":138,"column":26}},{"start":{"line":138,"column":30},"end":{"line":138,"column":37}}]},"11":{"loc":{"start":{"line":168,"column":6},"end":{"line":170,"column":null}},"type":"if","locations":[{"start":{"line":168,"column":6},"end":{"line":170,"column":null}}]},"12":{"loc":{"start":{"line":174,"column":6},"end":{"line":191,"column":null}},"type":"if","locations":[{"start":{"line":174,"column":6},"end":{"line":191,"column":null}}]},"13":{"loc":{"start":{"line":175,"column":8},"end":{"line":189,"column":null}},"type":"if","locations":[{"start":{"line":175,"column":8},"end":{"line":189,"column":null}}]},"14":{"loc":{"start":{"line":184,"column":10},"end":{"line":186,"column":null}},"type":"if","locations":[{"start":{"line":184,"column":10},"end":{"line":186,"column":null}}]},"15":{"loc":{"start":{"line":217,"column":27},"end":{"line":217,"column":81}},"type":"binary-expr","locations":[{"start":{"line":217,"column":27},"end":{"line":217,"column":72}},{"start":{"line":217,"column":76},"end":{"line":217,"column":81}}]},"16":{"loc":{"start":{"line":219,"column":6},"end":{"line":221,"column":null}},"type":"if","locations":[{"start":{"line":219,"column":6},"end":{"line":221,"column":null}}]},"17":{"loc":{"start":{"line":238,"column":6},"end":{"line":241,"column":null}},"type":"if","locations":[{"start":{"line":238,"column":6},"end":{"line":241,"column":null}}]},"18":{"loc":{"start":{"line":251,"column":15},"end":{"line":251,"column":73}},"type":"cond-expr","locations":[{"start":{"line":251,"column":40},"end":{"line":251,"column":53}},{"start":{"line":251,"column":56},"end":{"line":251,"column":73}}]},"19":{"loc":{"start":{"line":262,"column":24},"end":{"line":262,"column":95}},"type":"binary-expr","locations":[{"start":{"line":262,"column":24},"end":{"line":262,"column":65}},{"start":{"line":262,"column":69},"end":{"line":262,"column":95}}]},"20":{"loc":{"start":{"line":263,"column":23},"end":{"line":263,"column":82}},"type":"binary-expr","locations":[{"start":{"line":263,"column":23},"end":{"line":263,"column":63}},{"start":{"line":263,"column":67},"end":{"line":263,"column":82}}]},"21":{"loc":{"start":{"line":265,"column":6},"end":{"line":267,"column":null}},"type":"if","locations":[{"start":{"line":265,"column":6},"end":{"line":267,"column":null}}]},"22":{"loc":{"start":{"line":295,"column":6},"end":{"line":298,"column":null}},"type":"if","locations":[{"start":{"line":295,"column":6},"end":{"line":298,"column":null}}]},"23":{"loc":{"start":{"line":302,"column":19},"end":{"line":302,"column":68}},"type":"binary-expr","locations":[{"start":{"line":302,"column":19},"end":{"line":302,"column":55}},{"start":{"line":302,"column":59},"end":{"line":302,"column":68}}]},"24":{"loc":{"start":{"line":307,"column":15},"end":{"line":307,"column":72}},"type":"cond-expr","locations":[{"start":{"line":307,"column":40},"end":{"line":307,"column":53}},{"start":{"line":307,"column":56},"end":{"line":307,"column":72}}]},"25":{"loc":{"start":{"line":320,"column":6},"end":{"line":322,"column":null}},"type":"if","locations":[{"start":{"line":320,"column":6},"end":{"line":322,"column":null}}]},"26":{"loc":{"start":{"line":320,"column":10},"end":{"line":320,"column":28}},"type":"binary-expr","locations":[{"start":{"line":320,"column":10},"end":{"line":320,"column":17}},{"start":{"line":320,"column":21},"end":{"line":320,"column":28}}]},"27":{"loc":{"start":{"line":333,"column":22},"end":{"line":333,"column":58}},"type":"binary-expr","locations":[{"start":{"line":333,"column":22},"end":{"line":333,"column":52}},{"start":{"line":333,"column":56},"end":{"line":333,"column":58}}]},"28":{"loc":{"start":{"line":333,"column":22},"end":{"line":333,"column":52}},"type":"cond-expr","locations":[{"start":{"line":333,"column":41},"end":{"line":333,"column":43}},{"start":{"line":333,"column":41},"end":{"line":333,"column":52}}]},"29":{"loc":{"start":{"line":333,"column":22},"end":{"line":333,"column":43}},"type":"binary-expr","locations":[{"start":{"line":333,"column":22},"end":{"line":333,"column":43}},{"start":{"line":333,"column":41},"end":{"line":333,"column":43}}]},"30":{"loc":{"start":{"line":335,"column":21},"end":{"line":335,"column":55}},"type":"binary-expr","locations":[{"start":{"line":335,"column":21},"end":{"line":335,"column":49}},{"start":{"line":335,"column":53},"end":{"line":335,"column":55}}]},"31":{"loc":{"start":{"line":335,"column":21},"end":{"line":335,"column":49}},"type":"cond-expr","locations":[{"start":{"line":335,"column":40},"end":{"line":335,"column":42}},{"start":{"line":335,"column":40},"end":{"line":335,"column":49}}]},"32":{"loc":{"start":{"line":335,"column":21},"end":{"line":335,"column":42}},"type":"binary-expr","locations":[{"start":{"line":335,"column":21},"end":{"line":335,"column":42}},{"start":{"line":335,"column":40},"end":{"line":335,"column":42}}]},"33":{"loc":{"start":{"line":336,"column":19},"end":{"line":336,"column":51}},"type":"binary-expr","locations":[{"start":{"line":336,"column":19},"end":{"line":336,"column":45}},{"start":{"line":336,"column":49},"end":{"line":336,"column":51}}]},"34":{"loc":{"start":{"line":336,"column":19},"end":{"line":336,"column":45}},"type":"cond-expr","locations":[{"start":{"line":336,"column":38},"end":{"line":336,"column":40}},{"start":{"line":336,"column":38},"end":{"line":336,"column":45}}]},"35":{"loc":{"start":{"line":336,"column":19},"end":{"line":336,"column":40}},"type":"binary-expr","locations":[{"start":{"line":336,"column":19},"end":{"line":336,"column":40}},{"start":{"line":336,"column":38},"end":{"line":336,"column":40}}]},"36":{"loc":{"start":{"line":341,"column":6},"end":{"line":344,"column":null}},"type":"if","locations":[{"start":{"line":341,"column":6},"end":{"line":344,"column":null}}]},"37":{"loc":{"start":{"line":352,"column":15},"end":{"line":352,"column":74}},"type":"cond-expr","locations":[{"start":{"line":352,"column":40},"end":{"line":352,"column":53}},{"start":{"line":352,"column":56},"end":{"line":352,"column":74}}]},"38":{"loc":{"start":{"line":388,"column":6},"end":{"line":390,"column":null}},"type":"if","locations":[{"start":{"line":388,"column":6},"end":{"line":390,"column":null}}]},"39":{"loc":{"start":{"line":397,"column":23},"end":{"line":397,"column":47}},"type":"binary-expr","locations":[{"start":{"line":397,"column":23},"end":{"line":397,"column":39}},{"start":{"line":397,"column":43},"end":{"line":397,"column":47}}]},"40":{"loc":{"start":{"line":397,"column":23},"end":{"line":397,"column":39}},"type":"cond-expr","locations":[{"start":{"line":397,"column":30},"end":{"line":397,"column":32}},{"start":{"line":397,"column":30},"end":{"line":397,"column":39}}]},"41":{"loc":{"start":{"line":397,"column":23},"end":{"line":397,"column":32}},"type":"binary-expr","locations":[{"start":{"line":397,"column":23},"end":{"line":397,"column":32}},{"start":{"line":397,"column":30},"end":{"line":397,"column":32}}]},"42":{"loc":{"start":{"line":402,"column":54},"end":{"line":402,"column":110}},"type":"cond-expr","locations":[{"start":{"line":402,"column":79},"end":{"line":402,"column":92}},{"start":{"line":402,"column":95},"end":{"line":402,"column":110}}]},"43":{"loc":{"start":{"line":419,"column":6},"end":{"line":421,"column":null}},"type":"if","locations":[{"start":{"line":419,"column":6},"end":{"line":421,"column":null}}]},"44":{"loc":{"start":{"line":426,"column":61},"end":{"line":426,"column":117}},"type":"cond-expr","locations":[{"start":{"line":426,"column":86},"end":{"line":426,"column":99}},{"start":{"line":426,"column":102},"end":{"line":426,"column":117}}]},"45":{"loc":{"start":{"line":444,"column":6},"end":{"line":446,"column":null}},"type":"if","locations":[{"start":{"line":444,"column":6},"end":{"line":446,"column":null}}]},"46":{"loc":{"start":{"line":455,"column":36},"end":{"line":455,"column":63}},"type":"cond-expr","locations":[{"start":{"line":455,"column":45},"end":{"line":455,"column":58}},{"start":{"line":455,"column":61},"end":{"line":455,"column":63}}]},"47":{"loc":{"start":{"line":462,"column":53},"end":{"line":462,"column":109}},"type":"cond-expr","locations":[{"start":{"line":462,"column":78},"end":{"line":462,"column":91}},{"start":{"line":462,"column":94},"end":{"line":462,"column":109}}]}},"s":{"0":0,"1":0,"2":0,"3":0,"4":0,"5":0,"6":0,"7":0,"8":0,"9":0,"10":0,"11":0,"12":0,"13":0,"14":0,"15":0,"16":0,"17":0,"18":0,"19":0,"20":0,"21":0,"22":0,"23":0,"24":0,"25":0,"26":0,"27":0,"28":0,"29":0,"30":0,"31":0,"32":0,"33":0,"34":0,"35":0,"36":0,"37":0,"38":0,"39":0,"40":0,"41":0,"42":0,"43":0,"44":0,"45":0,"46":0,"47":0,"48":0,"49":0,"50":0,"51":0,"52":0,"53":0,"54":0,"55":0,"56":0,"57":0,"58":0,"59":0,"60":0,"61":0,"62":0,"63":0,"64":0,"65":0,"66":0,"67":0,"68":0,"69":0,"70":0,"71":0,"72":0,"73":0,"74":0,"75":0,"76":0,"77":0,"78":0,"79":0,"80":0,"81":0,"82":0,"83":0,"84":0,"85":0,"86":0,"87":0,"88":0,"89":0,"90":0,"91":0,"92":0,"93":0,"94":0,"95":0,"96":0,"97":0,"98":0,"99":0,"100":0,"101":0,"102":0,"103":0,"104":0,"105":0,"106":0,"107":0,"108":0,"109":0,"110":0,"111":0,"112":0,"113":0,"114":0,"115":0,"116":0,"117":0},"f":{"0":0,"1":0,"2":0,"3":0,"4":0,"5":0,"6":0,"7":0,"8":0,"9":0,"10":0,"11":0,"12":0,"13":0,"14":0,"15":0,"16":0,"17":0},"b":{"0":[0],"1":[0,0,0,0],"2":[0],"3":[0,0],"4":[0,0],"5":[0,0],"6":[0,0],"7":[0],"8":[0,0],"9":[0],"10":[0,0],"11":[0],"12":[0],"13":[0],"14":[0],"15":[0,0],"16":[0],"17":[0],"18":[0,0],"19":[0,0],"20":[0,0],"21":[0],"22":[0],"23":[0,0],"24":[0,0],"25":[0],"26":[0,0],"27":[0,0],"28":[0,0],"29":[0,0],"30":[0,0],"31":[0,0],"32":[0,0],"33":[0,0],"34":[0,0],"35":[0,0],"36":[0],"37":[0,0],"38":[0],"39":[0,0],"40":[0,0],"41":[0,0],"42":[0,0],"43":[0],"44":[0,0],"45":[0],"46":[0,0],"47":[0,0]}}
,"/Users/johnniewatsoniii/Desktop/Mingus Application - Cursor/MINGUS Marketing/src/api/leadService.ts": {"path":"/Users/johnniewatsoniii/Desktop/Mingus Application - Cursor/MINGUS Marketing/src/api/leadService.ts","statementMap":{"0":{"start":{"line":1,"column":0},"end":{"line":1,"column":104}},"1":{"start":{"line":56,"column":4},"end":{"line":127,"column":null}},"2":{"start":{"line":58,"column":56},"end":{"line":62,"column":17}},"3":{"start":{"line":64,"column":6},"end":{"line":66,"column":null}},"4":{"start":{"line":65,"column":8},"end":{"line":65,"column":null}},"5":{"start":{"line":68,"column":6},"end":{"line":94,"column":null}},"6":{"start":{"line":70,"column":58},"end":{"line":87,"column":19}},"7":{"start":{"line":89,"column":8},"end":{"line":91,"column":null}},"8":{"start":{"line":90,"column":10},"end":{"line":90,"column":null}},"9":{"start":{"line":93,"column":8},"end":{"line":93,"column":null}},"10":{"start":{"line":97,"column":52},"end":{"line":114,"column":17}},"11":{"start":{"line":116,"column":6},"end":{"line":118,"column":null}},"12":{"start":{"line":117,"column":8},"end":{"line":117,"column":null}},"13":{"start":{"line":121,"column":6},"end":{"line":121,"column":null}},"14":{"start":{"line":123,"column":6},"end":{"line":123,"column":null}},"15":{"start":{"line":125,"column":6},"end":{"line":125,"column":null}},"16":{"start":{"line":126,"column":6},"end":{"line":126,"column":null}},"17":{"start":{"line":134,"column":4},"end":{"line":152,"column":null}},"18":{"start":{"line":135,"column":30},"end":{"line":139,"column":17}},"19":{"start":{"line":141,"column":6},"end":{"line":146,"column":null}},"20":{"start":{"line":142,"column":8},"end":{"line":144,"column":null}},"21":{"start":{"line":143,"column":10},"end":{"line":143,"column":22}},"22":{"start":{"line":145,"column":8},"end":{"line":145,"column":null}},"23":{"start":{"line":148,"column":6},"end":{"line":148,"column":null}},"24":{"start":{"line":150,"column":6},"end":{"line":150,"column":null}},"25":{"start":{"line":151,"column":6},"end":{"line":151,"column":null}},"26":{"start":{"line":159,"column":4},"end":{"line":177,"column":null}},"27":{"start":{"line":160,"column":30},"end":{"line":164,"column":17}},"28":{"start":{"line":166,"column":6},"end":{"line":171,"column":null}},"29":{"start":{"line":167,"column":8},"end":{"line":169,"column":null}},"30":{"start":{"line":168,"column":10},"end":{"line":168,"column":22}},"31":{"start":{"line":170,"column":8},"end":{"line":170,"column":null}},"32":{"start":{"line":173,"column":6},"end":{"line":173,"column":null}},"33":{"start":{"line":175,"column":6},"end":{"line":175,"column":null}},"34":{"start":{"line":176,"column":6},"end":{"line":176,"column":null}},"35":{"start":{"line":184,"column":4},"end":{"line":210,"column":null}},"36":{"start":{"line":185,"column":22},"end":{"line":187,"column":null}},"37":{"start":{"line":191,"column":6},"end":{"line":193,"column":null}},"38":{"start":{"line":192,"column":8},"end":{"line":192,"column":null}},"39":{"start":{"line":195,"column":30},"end":{"line":200,"column":17}},"40":{"start":{"line":202,"column":6},"end":{"line":204,"column":null}},"41":{"start":{"line":203,"column":8},"end":{"line":203,"column":null}},"42":{"start":{"line":206,"column":6},"end":{"line":206,"column":null}},"43":{"start":{"line":208,"column":6},"end":{"line":208,"column":null}},"44":{"start":{"line":209,"column":6},"end":{"line":209,"column":null}},"45":{"start":{"line":217,"column":4},"end":{"line":237,"column":null}},"46":{"start":{"line":218,"column":30},"end":{"line":227,"column":17}},"47":{"start":{"line":229,"column":6},"end":{"line":231,"column":null}},"48":{"start":{"line":230,"column":8},"end":{"line":230,"column":null}},"49":{"start":{"line":233,"column":6},"end":{"line":233,"column":null}},"50":{"start":{"line":235,"column":6},"end":{"line":235,"column":null}},"51":{"start":{"line":236,"column":6},"end":{"line":236,"column":null}},"52":{"start":{"line":244,"column":4},"end":{"line":324,"column":null}},"53":{"start":{"line":245,"column":23},"end":{"line":245,"column":25}},"54":{"start":{"line":246,"column":6},"end":{"line":263,"column":null}},"55":{"start":{"line":247,"column":20},"end":{"line":247,"column":30}},"56":{"start":{"line":250,"column":8},"end":{"line":260,"column":null}},"57":{"start":{"line":252,"column":12},"end":{"line":252,"column":null}},"58":{"start":{"line":253,"column":12},"end":{"line":253,"column":17}},"59":{"start":{"line":255,"column":12},"end":{"line":255,"column":null}},"60":{"start":{"line":256,"column":12},"end":{"line":256,"column":17}},"61":{"start":{"line":258,"column":12},"end":{"line":258,"column":null}},"62":{"start":{"line":259,"column":12},"end":{"line":259,"column":17}},"63":{"start":{"line":262,"column":8},"end":{"line":262,"column":null}},"64":{"start":{"line":266,"column":37},"end":{"line":270,"column":50}},"65":{"start":{"line":272,"column":6},"end":{"line":274,"column":null}},"66":{"start":{"line":273,"column":8},"end":{"line":273,"column":null}},"67":{"start":{"line":277,"column":25},"end":{"line":277,"column":37}},"68":{"start":{"line":278,"column":29},"end":{"line":278,"column":72}},"69":{"start":{"line":278,"column":50},"end":{"line":278,"column":64}},"70":{"start":{"line":279,"column":36},"end":{"line":279,"column":90}},"71":{"start":{"line":279,"column":57},"end":{"line":279,"column":82}},"72":{"start":{"line":280,"column":27},"end":{"line":282,"column":88}},"73":{"start":{"line":281,"column":24},"end":{"line":281,"column":63}},"74":{"start":{"line":282,"column":31},"end":{"line":282,"column":47}},"75":{"start":{"line":285,"column":34},"end":{"line":290,"column":38}},"76":{"start":{"line":286,"column":8},"end":{"line":288,"column":null}},"77":{"start":{"line":287,"column":10},"end":{"line":287,"column":null}},"78":{"start":{"line":289,"column":8},"end":{"line":289,"column":null}},"79":{"start":{"line":293,"column":26},"end":{"line":297,"column":38}},"80":{"start":{"line":294,"column":23},"end":{"line":294,"column":51}},"81":{"start":{"line":295,"column":8},"end":{"line":295,"column":null}},"82":{"start":{"line":296,"column":8},"end":{"line":296,"column":null}},"83":{"start":{"line":299,"column":29},"end":{"line":302,"column":20}},"84":{"start":{"line":300,"column":35},"end":{"line":300,"column":69}},"85":{"start":{"line":301,"column":25},"end":{"line":301,"column":65}},"86":{"start":{"line":305,"column":25},"end":{"line":305,"column":71}},"87":{"start":{"line":306,"column":26},"end":{"line":306,"column":93}},"88":{"start":{"line":306,"column":47},"end":{"line":306,"column":85}},"89":{"start":{"line":309,"column":29},"end":{"line":309,"column":85}},"90":{"start":{"line":311,"column":6},"end":{"line":320,"column":null}},"91":{"start":{"line":322,"column":6},"end":{"line":322,"column":null}},"92":{"start":{"line":323,"column":6},"end":{"line":323,"column":null}},"93":{"start":{"line":331,"column":4},"end":{"line":360,"column":null}},"94":{"start":{"line":332,"column":26},"end":{"line":334,"column":20}},"95":{"start":{"line":337,"column":6},"end":{"line":339,"column":null}},"96":{"start":{"line":338,"column":8},"end":{"line":338,"column":null}},"97":{"start":{"line":342,"column":6},"end":{"line":348,"column":null}},"98":{"start":{"line":343,"column":8},"end":{"line":347,"column":null}},"99":{"start":{"line":344,"column":10},"end":{"line":346,"column":null}},"100":{"start":{"line":345,"column":12},"end":{"line":345,"column":null}},"101":{"start":{"line":350,"column":30},"end":{"line":350,"column":91}},"102":{"start":{"line":352,"column":6},"end":{"line":354,"column":null}},"103":{"start":{"line":353,"column":8},"end":{"line":353,"column":null}},"104":{"start":{"line":356,"column":6},"end":{"line":356,"column":null}},"105":{"start":{"line":358,"column":6},"end":{"line":358,"column":null}},"106":{"start":{"line":359,"column":6},"end":{"line":359,"column":null}},"107":{"start":{"line":367,"column":4},"end":{"line":382,"column":null}},"108":{"start":{"line":368,"column":24},"end":{"line":374,"column":25}},"109":{"start":{"line":376,"column":6},"end":{"line":378,"column":null}},"110":{"start":{"line":377,"column":8},"end":{"line":377,"column":null}},"111":{"start":{"line":380,"column":6},"end":{"line":380,"column":null}},"112":{"start":{"line":381,"column":6},"end":{"line":381,"column":null}},"113":{"start":{"line":389,"column":4},"end":{"line":409,"column":null}},"114":{"start":{"line":391,"column":6},"end":{"line":397,"column":null}},"115":{"start":{"line":392,"column":9},"end":{"line":396,"column":null}},"116":{"start":{"line":400,"column":6},"end":{"line":405,"column":null}},"117":{"start":{"line":401,"column":9},"end":{"line":404,"column":null}},"118":{"start":{"line":407,"column":6},"end":{"line":407,"column":null}},"119":{"start":{"line":416,"column":4},"end":{"line":472,"column":null}},"120":{"start":{"line":417,"column":37},"end":{"line":420,"column":50}},"121":{"start":{"line":422,"column":6},"end":{"line":424,"column":null}},"122":{"start":{"line":423,"column":8},"end":{"line":423,"column":null}},"123":{"start":{"line":426,"column":6},"end":{"line":428,"column":null}},"124":{"start":{"line":427,"column":8},"end":{"line":427,"column":null}},"125":{"start":{"line":431,"column":22},"end":{"line":446,"column":null}},"126":{"start":{"line":448,"column":22},"end":{"line":466,"column":null}},"127":{"start":{"line":450,"column":29},"end":{"line":465,"column":19}},"128":{"start":{"line":468,"column":6},"end":{"line":468,"column":null}},"129":{"start":{"line":470,"column":6},"end":{"line":470,"column":null}},"130":{"start":{"line":471,"column":6},"end":{"line":471,"column":null}},"131":{"start":{"line":476,"column":13},"end":{"line":476,"column":null}}},"fnMap":{"0":{"name":"(anonymous_7)","decl":{"start":{"line":55,"column":8},"end":{"line":55,"column":18}},"loc":{"start":{"line":55,"column":43},"end":{"line":128,"column":null}}},"1":{"name":"(anonymous_9)","decl":{"start":{"line":133,"column":8},"end":{"line":133,"column":22}},"loc":{"start":{"line":133,"column":36},"end":{"line":153,"column":null}}},"2":{"name":"(anonymous_11)","decl":{"start":{"line":158,"column":8},"end":{"line":158,"column":19}},"loc":{"start":{"line":158,"column":34},"end":{"line":178,"column":null}}},"3":{"name":"(anonymous_13)","decl":{"start":{"line":183,"column":8},"end":{"line":183,"column":18}},"loc":{"start":{"line":183,"column":58},"end":{"line":211,"column":null}}},"4":{"name":"(anonymous_15)","decl":{"start":{"line":216,"column":8},"end":{"line":216,"column":19}},"loc":{"start":{"line":216,"column":34},"end":{"line":238,"column":null}}},"5":{"name":"(anonymous_17)","decl":{"start":{"line":243,"column":8},"end":{"line":243,"column":24}},"loc":{"start":{"line":243,"column":76},"end":{"line":325,"column":null}}},"6":{"name":"(anonymous_19)","decl":{"start":{"line":278,"column":42},"end":{"line":278,"column":46}},"loc":{"start":{"line":278,"column":50},"end":{"line":278,"column":64}}},"7":{"name":"(anonymous_20)","decl":{"start":{"line":279,"column":49},"end":{"line":279,"column":53}},"loc":{"start":{"line":279,"column":57},"end":{"line":279,"column":82}}},"8":{"name":"(anonymous_21)","decl":{"start":{"line":281,"column":16},"end":{"line":281,"column":20}},"loc":{"start":{"line":281,"column":24},"end":{"line":281,"column":63}}},"9":{"name":"(anonymous_22)","decl":{"start":{"line":282,"column":16},"end":{"line":282,"column":17}},"loc":{"start":{"line":282,"column":31},"end":{"line":282,"column":47}}},"10":{"name":"(anonymous_23)","decl":{"start":{"line":285,"column":47},"end":{"line":285,"column":48}},"loc":{"start":{"line":285,"column":61},"end":{"line":290,"column":7}}},"11":{"name":"(anonymous_24)","decl":{"start":{"line":293,"column":39},"end":{"line":293,"column":40}},"loc":{"start":{"line":293,"column":53},"end":{"line":297,"column":7}}},"12":{"name":"(anonymous_25)","decl":{"start":{"line":300,"column":13},"end":{"line":300,"column":14}},"loc":{"start":{"line":300,"column":35},"end":{"line":300,"column":69}}},"13":{"name":"(anonymous_26)","decl":{"start":{"line":301,"column":14},"end":{"line":301,"column":15}},"loc":{"start":{"line":301,"column":25},"end":{"line":301,"column":65}}},"14":{"name":"(anonymous_27)","decl":{"start":{"line":306,"column":39},"end":{"line":306,"column":43}},"loc":{"start":{"line":306,"column":47},"end":{"line":306,"column":85}}},"15":{"name":"(anonymous_28)","decl":{"start":{"line":330,"column":8},"end":{"line":330,"column":19}},"loc":{"start":{"line":330,"column":64},"end":{"line":361,"column":null}}},"16":{"name":"(anonymous_30)","decl":{"start":{"line":343,"column":40},"end":{"line":343,"column":41}},"loc":{"start":{"line":343,"column":57},"end":{"line":347,"column":9}}},"17":{"name":"(anonymous_31)","decl":{"start":{"line":366,"column":8},"end":{"line":366,"column":18}},"loc":{"start":{"line":366,"column":33},"end":{"line":383,"column":null}}},"18":{"name":"(anonymous_33)","decl":{"start":{"line":388,"column":10},"end":{"line":388,"column":27}},"loc":{"start":{"line":388,"col
[...]
"start":{"line":358,"column":2},"end":{"line":360,"column":null}}]},"57":{"loc":{"start":{"line":362,"column":2},"end":{"line":370,"column":null}},"type":"if","locations":[{"start":{"line":362,"column":2},"end":{"line":370,"column":null}}]},"58":{"loc":{"start":{"line":362,"column":6},"end":{"line":362,"column":47}},"type":"binary-expr","locations":[{"start":{"line":362,"column":6},"end":{"line":362,"column":30}},{"start":{"line":362,"column":34},"end":{"line":362,"column":47}}]},"59":{"loc":{"start":{"line":363,"column":27},"end":{"line":363,"column":56}},"type":"cond-expr","locations":[{"start":{"line":363,"column":49},"end":{"line":363,"column":51}},{"start":{"line":363,"column":54},"end":{"line":363,"column":56}}]},"60":{"loc":{"start":{"line":376,"column":48},"end":{"line":376,"column":68}},"type":"default-arg","locations":[{"start":{"line":376,"column":65},"end":{"line":376,"column":68}}]},"61":{"loc":{"start":{"line":389,"column":51},"end":{"line":389,"column":71}},"type":"default-arg","locations":[{"start":{"line":389,"column":68},"end":{"line":389,"column":71}}]}},"s":{"0":0,"1":0,"2":0,"3":0,"4":0,"5":0,"6":0,"7":0,"8":0,"9":0,"10":0,"11":0,"12":0,"13":0,"14":0,"15":0,"16":0,"17":0,"18":0,"19":0,"20":0,"21":0,"22":0,"23":0,"24":0,"25":0,"26":0,"27":0,"28":0,"29":0,"30":0,"31":0,"32":0,"33":0,"34":0,"35":0,"36":0,"37":0,"38":0,"39":0,"40":0,"41":0,"42":0,"43":0,"44":0,"45":0,"46":0,"47":0,"48":0,"49":0,"50":0,"51":0,"52":0,"53":0,"54":0,"55":0,"56":0,"57":0,"58":0,"59":0,"60":0,"61":0,"62":0,"63":0,"64":0,"65":0,"66":0,"67":0,"68":0,"69":0,"70":0,"71":0,"72":0,"73":0,"74":0,"75":0,"76":0,"77":0,"78":0,"79":0,"80":0,"81":0,"82":0,"83":0,"84":0,"85":0,"86":0,"87":0,"88":0,"89":0,"90":0,"91":0,"92":0,"93":0,"94":0,"95":0,"96":0,"97":0,"98":0,"99":0,"100":0,"101":0,"102":0,"103":0,"104":0,"105":0,"106":0,"107":0,"108":0,"109":0,"110":0,"111":0,"112":0,"113":0,"114":0,"115":0,"116":0,"117":0,"118":0,"119":0,"120":0,"121":0,"122":0,"123":0,"124":0,"125":0,"126":0},"f":{"0":0,"1":0,"2":0,"3":0,"4":0,"5":0,"6":0,"7":0,"8":0,"9":0,"10":0,"11":0,"12":0,"13":0,"14":0,"15":0,"16":0,"17":0,"18":0,"19":0,"20":0},"b":{"0":[0,0],"1":[0,0],"2":[0,0],"3":[0,0],"4":[0,0],"5":[0,0],"6":[0,0],"7":[0,0],"8":[0,0],"9":[0,0],"10":[0,0],"11":[0],"12":[0],"13":[0,0],"14":[0],"15":[0],"16":[0,0],"17":[0],"18":[0],"19":[0],"20":[0],"21":[0],"22":[0],"23":[0,0],"24":[0,0],"25":[0],"26":[0,0],"27":[0],"28":[0,0],"29":[0],"30":[0],"31":[0],"32":[0,0],"33":[0],"34":[0],"35":[0,0],"36":[0],"37":[0],"38":[0,0,0,0],"39":[0],"40":[0,0,0,0],"41":[0],"42":[0,0],"43":[0],"44":[0,0],"45":[0],"46":[0,0],"47":[0],"48":[0,0],"49":[0],"50":[0],"51":[0,0],"52":[0],"53":[0,0],"54":[0,0],"55":[0,0],"56":[0],"57":[0],"58":[0,0],"59":[0,0],"60":[0],"61":[0]}}
,"/Users/johnniewatsoniii/Desktop/Mingus Application - Cursor/MINGUS Marketing/src/utils/validation.ts": {"path":"/Users/johnniewatsoniii/Desktop/Mingus Application - Cursor/MINGUS Marketing/src/utils/validation.ts","statementMap":{"0":{"start":{"line":1,"column":0},"end":{"line":1,"column":null}},"1":{"start":{"line":11,"column":13},"end":{"line":17,"column":null}},"2":{"start":{"line":20,"column":13},"end":{"line":48,"column":null}},"3":{"start":{"line":22,"column":16},"end":{"line":22,"column":31}},"4":{"start":{"line":23,"column":4},"end":{"line":23,"column":null}},"5":{"start":{"line":28,"column":19},"end":{"line":28,"column":43}},"6":{"start":{"line":29,"column":4},"end":{"line":29,"column":null}},"7":{"start":{"line":34,"column":24},"end":{"line":37,"column":null}},"8":{"start":{"line":38,"column":4},"end":{"line":38,"column":null}},"9":{"start":{"line":42,"column":4},"end":{"line":42,"column":null}},"10":{"start":{"line":46,"column":4},"end":{"line":46,"column":null}},"11":{"start":{"line":51,"column":13},"end":{"line":126,"column":null}},"12":{"start":{"line":98,"column":35},"end":{"line":98,"column":51}},"13":{"start":{"line":110,"column":35},"end":{"line":110,"column":51}},"14":{"start":{"line":129,"column":29},"end":{"line":187,"column":1}},"15":{"start":{"line":134,"column":2},"end":{"line":184,"column":null}},"16":{"start":{"line":136,"column":4},"end":{"line":142,"column":null}},"17":{"start":{"line":137,"column":6},"end":{"line":141,"column":null}},"18":{"start":{"line":145,"column":4},"end":{"line":147,"column":null}},"19":{"start":{"line":146,"column":6},"end":{"line":146,"column":14}},"20":{"start":{"line":150,"column":4},"end":{"line":156,"column":null}},"21":{"start":{"line":151,"column":6},"end":{"line":155,"column":null}},"22":{"start":{"line":159,"column":4},"end":{"line":165,"column":null}},"23":{"start":{"line":160,"column":6},"end":{"line":164,"column":null}},"24":{"start":{"line":168,"column":4},"end":{"line":174,"column":null}},"25":{"start":{"line":169,"column":6},"end":{"line":173,"column":null}},"26":{"start":{"line":177,"column":4},"end":{"line":183,"column":null}},"27":{"start":{"line":178,"column":6},"end":{"line":182,"column":null}},"28":{"start":{"line":186,"column":2},"end":{"line":186,"column":null}},"29":{"start":{"line":129,"column":13},"end":{"line":129,"column":29}},"30":{"start":{"line":190,"column":28},"end":{"line":204,"column":1}},"31":{"start":{"line":191,"column":36},"end":{"line":191,"column":38}},"32":{"start":{"line":193,"column":2},"end":{"line":201,"column":null}},"33":{"start":{"line":194,"column":23},"end":{"line":194,"column":85}},"34":{"start":{"line":195,"column":23},"end":{"line":195,"column":60}},"35":{"start":{"line":197,"column":18},"end":{"line":197,"column":66}},"36":{"start":{"line":198,"column":4},"end":{"line":200,"column":null}},"37":{"start":{"line":199,"column":6},"end":{"line":199,"column":null}},"38":{"start":{"line":203,"column":2},"end":{"line":203,"column":null}},"39":{"start":{"line":190,"column":13},"end":{"line":190,"column":28}},"40":{"start":{"line":207,"column":37},"end":{"line":220,"column":1}},"41":{"start":{"line":211,"column":16},"end":{"line":211,"column":84}},"42":{"start":{"line":212,"column":16},"end":{"line":212,"column":54}},"43":{"start":{"line":214,"column":2},"end":{"line":219,"column":null}},"44":{"start":{"line":207,"column":13},"end":{"line":207,"column":37}},"45":{"start":{"line":223,"column":33},"end":{"line":235,"column":1}},"46":{"start":{"line":225,"column":17},"end":{"line":225,"column":41}},"47":{"start":{"line":228,"column":2},"end":{"line":234,"column":null}},"48":{"start":{"line":229,"column":4},"end":{"line":229,"column":null}},"49":{"start":{"line":230,"column":9},"end":{"line":234,"column":null}},"50":{"start":{"line":231,"column":4},"end":{"line":231,"column":null}},"51":{"start":{"line":233,"column":4},"end":{"line":233,"column":null}},"52":{"start":{"line":223,"column":13},"end":{"line":223,"column":33}},"53":{"start":{"line":238,"column":32},"end":{"line":240,"column":1}},"54":{"start":{"line":239,"column":2},"end":{"line":239,"column":null}},"55":{"start":{"line":238,"column":13},"end":{"line":238,"column":32}},"56":{"start":{"line":243,"column":27},"end":{"line":245,"column":1}},"57":{"start":{"line":244,"column":2},"end":{"line":244,"column":null}},"58":{"start":{"line":244,"column":55},"end":{"line":244,"column":68}},"59":{"start":{"line":243,"column":13},"end":{"line":243,"column":27}},"60":{"start":{"line":248,"column":37},"end":{"line":265,"column":1}},"61":{"start":{"line":253,"column":24},"end":{"line":253,"column":92}},"62":{"start":{"line":255,"column":2},"end":{"line":262,"column":null}},"63":{"start":{"line":256,"column":4},"end":{"line":258,"column":null}},"64":{"start":{"line":257,"column":6},"end":{"line":257,"column":null}},"65":{"start":{"line":259,"column":4},"end":{"line":261,"column":null}},"66":{"start":{"line":260,"column":6},"end":{"line":260,"column":null}},"67":{"start":{"line":264,"column":2},"end":{"line":264,"column":null}},"68":{"start":{"line":248,"column":13},"end":{"line":248,"column":37}}},"fnMap":{"0":{"name":"(anonymous_0)","decl":{"start":{"line":21,"column":7},"end":{"line":21,"column":8}},"loc":{"start":{"line":21,"column":34},"end":{"line":24,"column":3}}},"1":{"name":"(anonymous_1)","decl":{"start":{"line":26,"column":9},"end":{"line":26,"column":10}},"loc":{"start":{"line":26,"column":36},"end":{"line":30,"column":3}}},"2":{"name":"(anonymous_2)","decl":{"start":{"line":32,"column":10},"end":{"line":32,"column":11}},"loc":{"start":{"line":32,"column":37},"end":{"line":39,"column":3}}},"3":{"name":"(anonymous_3)","decl":{"start":{"line":41,"column":9},"end":{"line":41,"column":10}},"loc":{"start":{"line":41,"column":36},"end":{"line":43,"column":3}}},"4":{"name":"(anonymous_4)","decl":{"start":{"line":45,"column":8},"end":{"line":45,"column":9}},"loc":{"start":{"line":45,"column":35},"end":{"line":47,"column":3}}},"5":{"name":"(anonymous_5)","decl":{"start":{"line":98,"column":14},"end":{"line":98,"column":15}},"loc":{"start":{"line":98,"column":35},"end":{"line":98,"column":51}}},"6":{"name":"(anonymous_6)","decl":{"start":{"line":110,"column":14},"end":{"line":110,"column":15}},"loc":{"start":{"line":110,"column":35},"end":{"line":110,"column":51}}},"7":{"name":"(anonymous_7)","decl":{"start":{"line":129,"column":29},"end":{"line":129,"column":null}},"loc":{"start":{"line":133,"column":28},"end":{"line":187,"column":1}}},"8":{"name":"(anonymous_8)","decl":{"start":{"line":190,"column":28},"end":{"line":190,"column":29}},"loc":{"start":{"line":190,"column":79},"end":{"line":204,"column":1}}},"9":{"name":"(anonymous_9)","decl":{"start":{"line":193,"column":41},"end":{"line":193,"column":50}},"loc":{"start":{"line":193,"column":53},"end":{"line":201,"column":3}}},"10":{"name":"(anonymous_10)","decl":{"start":{"line":207,"column":37},"end":{"line":207,"column":null}},"loc":{"start":{"line":210,"column":21},"end":{"line":220,"column":1}}},"11":{"name":"(anonymous_11)","decl":{"start":{"line":223,"column":33},"end":{"line":223,"column":34}},"loc":{"start":{"line":223,"column":59},"end":{"line":235,"column":1}}},"12":{"name":"(anonymous_12)","decl":{"start":{"line":238,"column":32},"end":{"line":238,"column":33}},"loc":{"start":{"line":238,"column":58},"end":{"line":240,"column":1}}},"13":{"name":"(anonymous_13)","decl":{"start":{"line":243,"column":27},"end":{"line":243,"column":28}},"loc":{"start":{"line":243,"column":89},"end":{"line":245,"column":1}}},"14":{"name":"(anonymous_14)","decl":{"start":{"line":244,"column":46},"end":{"line":244,"column":51}},"loc":{"start":{"line":244,"column":55},"end":{"line":244,"column":68}}},"15":{"name":"(anonymous_15)","decl":{"start":{"line":248,"column":37},"end":{"line":248,"column":null}},"loc":{"start":{"line":252,"column":12},"end":{"line":265,"column":1}}}},"branchMap":{"0":{"loc":{"start":{"line":23,"column":11},"end":{"line":23,"column":33}},"type":"binary-expr","locations":[{"start":{"line":23,"column":11},"end":{"line":23,"column":20}},{"start":{"line":23,"column":24},"end":{"line":23,"column":33}}]},"1":{"loc":{"start":{"line":29,"column":11},"end":{"line":29,"column":53}},"type":"binary-expr","locations":[{"start":{"line":29,"column":11},"end":{"line":29,"column":30}},{"start":{"line":29,"column":34},"end":{"line":29,"column":53}}]},"2":{"loc":{"start":{"line":46,"column":11},"end":{"line":46,"column":75}},"type":"binary-expr","locations":[{"start":{"line":46,"column":11},"end":{"line":46,"column":47}},{"start":{"line":46,"column":51},"end":{"line":46,"column":75}}]},"3":{"loc":{"start":{"line":136,"column":4},"end":{"line":142,"column":null}},"type":"if","locations":[{"start":{"line":136,"column":4},"end":{"line":142,"column":null}}]},"4":{"loc":{"start":{"line":136,"column":8},"end":{"line":136,"column":81}},"type":"binary-expr","locations":[{"start":{"line":136,"column":8},"end":{"line":136,"column":21}},{"start":{"line":136,"column":26},"end":{"line":136,"column":32}},{"start":{"line":136,"column":37},"end":{"line":136,"column":57}},{"start":{"line":136,"column":61},"end":{"line":136,"column":79}}]},"5":{"loc":{"start":{"line":139,"column":17},"end":{"line":139,"column":61}},"type":"binary-expr","locations":[{"start":{"line":139,"column":17},"end":{"line":139,"column":29}},{"start":{"line":139,"column":33},"end":{"line":139,"column":61}}]},"6":{"loc":{"start":{"line":145,"column":4},"end":{"line":147,"column":null}},"type":"if","locations":[{"start":{"line":145,"column":4},"end":{"line":147,"column":null}}]},"7":{"loc":{"start":{"line":145,"column":8},"end":{"line":145,"column":62}},"type":"binary-expr","locations":[{"start":{"line":145,"column":8},"end":{"line":145,"column":14}},{"start":{"line":145,"column":19},"end":{"line":145,"column":39}},{"start":{"line":145,"column":43},"end":{"line":145,"column":61}}]},"8":{"loc":{"start":{"line":150,"column":4},"end":{"line":156,"column":null}},"type":"if","locations":[{"start":{"line":150,"column":4},"end":{"line":156,"column":null}}]},"9":{"loc":{"start":{"line":150,"column":8},"end":{"line":150,"column":84}},"type":"binary-expr","locations":[{"start":{"line":150,"column":8},"end":{"line":150,"column":22}},{"start":{"line":150,"column":26},"end":{"line":150,"column":51}},{"start":{"line":150,"column":55},"end":{"line":150,"column":84}}]},"10":{"loc":{"start":{"line":153,"column":17},"end":{"line":153,"column":78}},"type":"binary-expr","locations":[{"start":{"line":153,"column":17},"end":{"line":153,"column":29}},{"start":{"line":153,"column":33},"end":{"line":153,"column":78}}]},"11":{"loc":{"start":{"line":159,"column":4},"end":{"line":165,"column":null}},"type":"if","locations":[{"start":{"line":159,"column":4},"end":{"line":165,"column":null}}]},"12":{"loc":{"start":{"line":159,"column":8},"end":{"line":159,"column":84}},"type":"binary-expr","locations":[{"start":{"line":159,"column":8},"end":{"line":159,"column":22}},{"start":{"line":159,"column":26},"end":{"line":159,"column":51}},{"start":{"line":159,"column":55},"end":{"line":159,"column":84}}]},"13":{"loc":{"start":{"line":162,"column":17},"end":{"line":162,"column":78}},"type":"binary-expr","locations":[{"start":{"line":162,"column":17},"end":{"line":162,"column":29}},{"start":{"line":162,"column":33},"end":{"line":162,"column":78}}]},"14":{"loc":{"start":{"line":168,"column":4},"end":{"line":174,"column":null}},"type":"if","locations":[{"start":{"line":168,"column":4},"end":{"line":174,"column":null}}]},"15":{"loc":{"start":{"line":168,"column":8},"end":{"line":168,"column":78}},"type":"binary-expr","locations":[{"start":{"line":168,"column":8},"end":{"line":168,"column":20}},{"start":{"line":168,"column":24},"end":{"line":168,"column":49}},{"start":{"line":168,"column":53},"end":{"line":168,"column":78}}]},"16":{"loc":{"start":{"line":171,"column":17},"end":{"line":171,"column":60}},"type":"binary-expr","locations":[{"start":{"line":171,"column":17},"end":{"line":171,"column":29}},{"start":{"line":171,"column":33},"end":{"line":171,"column":60}}]},"17":{"loc":{"start":{"line":177,"column":4},"end":{"line":183,"column":null}},"type":"if","locations":[{"start":{"line":177,"column":4},"end":{"line":183,"column":null}}]},"18":{"loc":{"start":{"line":177,"column":8},"end":{"line":177,"column":42}},"type":"binary-expr","locations":[{"start":{"line":177,"column":8},"end":{"line":177,"column":19}},{"start":{"line":177,"column":23},"end":{"line":177,"column":42}}]},"19":{"loc":{"start":{"line":180,"column":17},"end":{"line":180,"column":59}},"type":"binary-expr","locations":[{"start":{"line":180,"column":17},"end":{"line":180,"column":29}},{"start":{"line":180,"column":33},"end":{"line":180,"column":59}}]},"20":{"loc":{"start":{"line":198,"column":4},"end":{"line":200,"column":null}},"type":"if","locations":[{"start":{"line":198,"column":4},"end":{"line":200,"column":null}}]},"21":{"loc":{"start":{"line":211,"column":16},"end":{"line":211,"column":84}},"type":"binary-expr","locations":[{"start":{"line":211,"column":16},"end":{"line":211,"column":78}},{"start":{"line":211,"column":82},"end":{"line":211,"column":84}}]},"22":{"loc":{"start":{"line":216,"column":18},"end":{"line":216,"column":38}},"type":"binary-expr","locations":[{"start":{"line":216,"column":18},"end":{"line":216,"column":32}},{"start":{"line":216,"column":36},"end":{"line":216,"column":38}}]},"23":{"loc":{"start":{"line":216,"column":18},"end":{"line":216,"column":32}},"type":"cond-expr","locations":[{"start":{"line":216,"column":23},"end":{"line":216,"column":25}},{"start":{"line":216,"column":18},"end":{"line":216,"column":32}}]},"24":{"loc":{"start":{"line":216,"column":18},"end":{"line":216,"column":25}},"type":"binary-expr","locations":[{"start":{"line":216,"column":18},"end":{"line":216,"column":25}},{"start":{"line":216,"column":18},"end":{"line":216,"column":25}}]},"25":{"loc":{"start":{"line":228,"column":2},"end":{"line":234,"column":null}},"type":"if","locations":[{"start":{"line":228,"column":2},"end":{"line":234,"column":null}},{"start":{"line":230,"column":9},"end":{"line":234,"column":null}}]},"26":{"loc":{"start":{"line":230,"column":9},"end":{"line":234,"column":null}},"type":"if","locations":[{"start":{"line":230,"column":9},"end":{"line":234,"column":null}},{"start":{"line":232,"column":9},"end":{"line":234,"column":null}}]},"27":{"loc":{"start":{"line":255,"column":2},"end":{"line":262,"column":null}},"type":"if","locations":[{"start":{"line":255,"column":2},"end":{"line":262,"column":null}}]},"28":{"loc":{"start":{"line":255,"column":6},"end":{"line":255,"column":56}},"type":"binary-expr","locations":[{"start":{"line":255,"column":6},"end":{"line":255,"column":19}},{"start":{"line":255,"column":23},"end":{"line":255,"column":56}}]},"29":{"loc":{"start":{"line":256,"column":4},"end":{"line":258,"column":null}},"type":"if","locations":[{"start":{"line":256,"column":4},"end":{"line":258,"column":null}}]},"30":{"loc":{"start":{"line":256,"column":8},"end":{"line":256,"column":70}},"type":"binary-expr","locations":[{"start":{"line":256,"column":8},"end":{"line":256,"column":32}},{"start":{"line":256,"column":36},"end":{"line":256,"column":42}},{"start":{"line":256,"column":46},"end":{"line":256,"column":70}}]},"31":{"loc":{"start":{"line":257,"column":14},"end":{"line":257,"column":82}},"type":"binary-expr","locations":[{"start":{"line":257,"column":14},"end":{"line":257,"column":41}},{"start":{"line":257,"column":45},"end":{"line":257,"column":82}}]},"32":{"loc":{"start":{"line":259,"column":4},"end":{"line":261,"column":null}},"type":"if","locations":[{"start":{"line":259,"column":4},"end":{"line":261,"column":null}}]},"33":{"loc":{"start":{"line":259,"column":8},"end":{"line":259,"column":88}},"type":"binary-expr","locations":[{"start":{"line":259,"column":9},"end":{"line":259,"column":31}},{"start":{"line":259,"column":35},"end":{"line":259,"column":57}},{"start":{"line":259,"column":62},"end":{"line":259,"column":88}}]},"34":{"loc":{"start":{"line":260,"column":14},"end":{"line":260,"column":84}},"type":"binary-expr","locations":[{"start":{"line":260,"column":14},"end":{"line":260,"column":43}},{"start":{"line":260,"column":47},"end":{"line":260,"column":84}}]}},"s":{"0":0,"1":0,"2":0,"3":0,"4":0,"5":0,"6":0,"7":0,"8":0,"9":0,"10":0,"11":0,"12":0,"13":0,"14":0,"15":0,"16":0,"17":0,"18":0,"19":0,"20":0,"21":0,"22":0,"23":0,"24":0,"25":0,"26":0,"27":0,"28":0,"29":0,"30":0,"31":0,"32":0,"33":0,"34":0,"35":0,"36":0,"37":0,"38":0,"39":0,"40":0,"41":0,"42":0,"43":0,"44":0,"45":0,"46":0,"47":0,"48":0,"49":0,"50":0,"51":0,"52":0,"53":0,"54":0,"55":0,"56":0,"57":0,"58":0,"59":0,"60":0,"61":0,"62":0,"63":0,"64":0,"65":0,"66":0,"67":0,"68":0},"f":{"0":0,"1":0,"2":0,"3":0,"4":0,"5":0,"6":0,"7":0,"8":0,"9":0,"10":0,"11":0,"12":0,"13":0,"14":0,"15":0},"b":{"0":[0,0],"1":[0,0],"2":[0,0],"3":[0],"4":[0,0,0,0],"5":[0,0],"6":[0],"7":[0,0,0],"8":[0],"9":[0,0,0],"10":[0,0],"11":[0],"12":[0,0,0],"13":[0,0],"14":[0],"15":[0,0,0],"16":[0,0],"17":[0],"18":[0,0],"19":[0,0],"20":[0],"21":[0,0],"22":[0,0],"23":[0,0],"24":[0,0],"25":[0,0],"26":[0,0],"27":[0],"28":[0,0],"29":[0],"30":[0,0,0],"31":[0,0],"32":[0],"33":[0,0,0],"34":[0,0]}}
}
