TN:
SF:src/App.tsx
FN:4,App
FNF:1
FNH:0
FNDA:0,App
DA:2,0
DA:5,0
DA:12,0
LF:3
LH:0
BRF:0
BRH:0
end_of_record
TN:
SF:src/api/assessmentService.ts
FN:40,(anonymous_7)
FN:44,(anonymous_8)
FN:45,(anonymous_9)
FN:49,(anonymous_10)
FN:54,(anonymous_11)
FN:55,(anonymous_12)
FN:62,(anonymous_13)
FN:94,(anonymous_14)
FN:152,(anonymous_15)
FN:257,(anonymous_17)
FN:287,(anonymous_19)
FN:294,(anonymous_21)
FN:319,(anonymous_23)
FN:345,(anonymous_25)
FN:358,(anonymous_27)
FN:359,(anonymous_28)
FN:363,(anonymous_29)
FNF:17
FNH:0
FNDA:0,(anonymous_7)
FNDA:0,(anonymous_8)
FNDA:0,(anonymous_9)
FNDA:0,(anonymous_10)
FNDA:0,(anonymous_11)
FNDA:0,(anonymous_12)
FNDA:0,(anonymous_13)
FNDA:0,(anonymous_14)
FNDA:0,(anonymous_15)
FNDA:0,(anonymous_17)
FNDA:0,(anonymous_19)
FNDA:0,(anonymous_21)
FNDA:0,(anonymous_23)
FNDA:0,(anonymous_25)
FNDA:0,(anonymous_27)
FNDA:0,(anonymous_28)
FNDA:0,(anonymous_29)
DA:1,0
DA:2,0
DA:41,0
DA:44,0
DA:45,0
DA:46,0
DA:48,0
DA:49,0
DA:50,0
DA:51,0
DA:53,0
DA:54,0
DA:55,0
DA:56,0
DA:57,0
DA:60,0
DA:62,0
DA:63,0
DA:64,0
DA:74,0
DA:75,0
DA:76,0
DA:77,0
DA:78,0
DA:79,0
DA:80,0
DA:81,0
DA:82,0
DA:84,0
DA:85,0
DA:88,0
DA:95,0
DA:146,0
DA:153,0
DA:155,0
DA:156,0
DA:159,0
DA:165,0
DA:166,0
DA:171,0
DA:173,0
DA:198,0
DA:199,0
DA:202,0
DA:205,0
DA:230,0
DA:231,0
DA:234,0
DA:238,0
DA:240,0
DA:249,0
DA:250,0
DA:258,0
DA:260,0
DA:271,0
DA:272,0
DA:279,0
DA:288,0
DA:295,0
DA:296,0
DA:302,0
DA:303,0
DA:304,0
DA:306,0
DA:309,0
DA:311,0
DA:312,0
DA:320,0
DA:321,0
DA:331,0
DA:332,0
DA:335,0
DA:337,0
DA:338,0
DA:346,0
DA:347,0
DA:352,0
DA:353,0
DA:356,0
DA:358,0
DA:360,0
DA:361,0
DA:364,0
DA:365,0
DA:366,0
DA:370,0
DA:372,0
DA:373,0
DA:378,0
LF:89
LH:0
BRDA:46,0,0,0
BRDA:48,1,0,0
BRDA:48,1,1,0
BRDA:48,2,0,0
BRDA:48,2,1,0
BRDA:49,3,0,0
BRDA:49,3,1,0
BRDA:49,4,0,0
BRDA:49,4,1,0
BRDA:50,5,0,0
BRDA:53,6,0,0
BRDA:53,6,1,0
BRDA:53,7,0,0
BRDA:53,7,1,0
BRDA:55,8,0,0
BRDA:55,8,1,0
BRDA:55,9,0,0
BRDA:55,9,1,0
BRDA:56,10,0,0
BRDA:60,11,0,0
BRDA:60,12,0,0
BRDA:60,12,1,0
BRDA:63,13,0,0
BRDA:63,14,0,0
BRDA:63,14,1,0
BRDA:63,14,2,0
BRDA:74,15,0,0
BRDA:74,15,1,0
BRDA:77,16,0,0
BRDA:77,16,1,0
BRDA:80,17,0,0
BRDA:80,17,1,0
BRDA:165,18,0,0
BRDA:165,19,0,0
BRDA:165,19,1,0
BRDA:171,20,0,0
BRDA:171,20,1,0
BRDA:188,21,0,0
BRDA:188,21,1,0
BRDA:188,22,0,0
BRDA:188,22,1,0
BRDA:189,23,0,0
BRDA:189,23,1,0
BRDA:189,24,0,0
BRDA:189,24,1,0
BRDA:190,25,0,0
BRDA:190,25,1,0
BRDA:190,26,0,0
BRDA:190,26,1,0
BRDA:191,27,0,0
BRDA:191,27,1,0
BRDA:191,28,0,0
BRDA:191,28,1,0
BRDA:192,29,0,0
BRDA:192,29,1,0
BRDA:192,30,0,0
BRDA:192,30,1,0
BRDA:198,31,0,0
BRDA:220,32,0,0
BRDA:220,32,1,0
BRDA:220,33,0,0
BRDA:220,33,1,0
BRDA:221,34,0,0
BRDA:221,34,1,0
BRDA:221,35,0,0
BRDA:221,35,1,0
BRDA:222,36,0,0
BRDA:222,36,1,0
BRDA:222,37,0,0
BRDA:222,37,1,0
BRDA:223,38,0,0
BRDA:223,38,1,0
BRDA:223,39,0,0
BRDA:223,39,1,0
BRDA:224,40,0,0
BRDA:224,40,1,0
BRDA:224,41,0,0
BRDA:224,41,1,0
BRDA:230,42,0,0
BRDA:250,43,0,0
BRDA:250,43,1,0
BRDA:271,44,0,0
BRDA:271,45,0,0
BRDA:271,45,1,0
BRDA:302,46,0,0
BRDA:303,47,0,0
BRDA:312,48,0,0
BRDA:312,48,1,0
BRDA:331,49,0,0
BRDA:338,50,0,0
BRDA:338,50,1,0
BRDA:352,51,0,0
BRDA:360,52,0,0
BRDA:360,52,1,0
BRDA:373,53,0,0
BRDA:373,53,1,0
BRF:96
BRH:0
end_of_record
TN:
SF:src/api/emailAutomation.ts
FN:54,submitQuestionnaire
FN:114,subscribeToEmailList
FN:179,deliverResults
FN:200,updateSegment
FN:225,determineSegment
FN:234,storeAssessmentResponses
FN:235,(anonymous_18)
FN:250,sendResultsEmail
FN:278,sendWelcomeEmail
FN:304,getEmailTemplate
FN:329,replaceTemplateVariables
FN:338,addToEmailService
FN:371,updateEmailServiceTags
FN:398,sendEmailViaService
FN:423,getEmailServiceConfig
FN:433,trackEmailOpen
FN:443,trackEmailClick
FN:452,updateEngagementMetrics
FNF:18
FNH:0
FNDA:0,submitQuestionnaire
FNDA:0,subscribeToEmailList
FNDA:0,deliverResults
FNDA:0,updateSegment
FNDA:0,determineSegment
FNDA:0,storeAssessmentResponses
FNDA:0,(anonymous_18)
FNDA:0,sendResultsEmail
FNDA:0,sendWelcomeEmail
FNDA:0,getEmailTemplate
FNDA:0,replaceTemplateVariables
FNDA:0,addToEmailService
FNDA:0,updateEmailServiceTags
FNDA:0,sendEmailViaService
FNDA:0,getEmailServiceConfig
FNDA:0,trackEmailOpen
FNDA:0,trackEmailClick
FNDA:0,updateEngagementMetrics
DA:1,0
DA:18,0
DA:54,0
DA:55,0
DA:57,0
DA:58,0
DA:62,0
DA:63,0
DA:66,0
DA:89,0
DA:95,0
DA:98,0
DA:101,0
DA:104,0
DA:106,0
DA:108,0
DA:109,0
DA:114,0
DA:115,0
DA:117,0
DA:123,0
DA:125,0
DA:135,0
DA:136,0
DA:140,0
DA:157,0
DA:163,0
DA:166,0
DA:169,0
DA:171,0
DA:173,0
DA:174,0
DA:179,0
DA:180,0
DA:181,0
DA:187,0
DA:188,0
DA:191,0
DA:192,0
DA:194,0
DA:195,0
DA:200,0
DA:201,0
DA:202,0
DA:212,0
DA:215,0
DA:217,0
DA:219,0
DA:220,0
DA:226,0
DA:227,0
DA:228,0
DA:231,0
DA:235,0
DA:241,0
DA:245,0
DA:246,0
DA:251,0
DA:252,0
DA:253,0
DA:255,0
DA:264,0
DA:270,0
DA:273,0
DA:275,0
DA:279,0
DA:280,0
DA:281,0
DA:283,0
DA:292,0
DA:298,0
DA:300,0
DA:301,0
DA:305,0
DA:313,0
DA:315,0
DA:323,0
DA:326,0
DA:330,0
DA:341,0
DA:343,0
DA:344,0
DA:363,0
DA:364,0
DA:367,0
DA:372,0
DA:374,0
DA:375,0
DA:390,0
DA:391,0
DA:394,0
DA:399,0
DA:401,0
DA:402,0
DA:415,0
DA:416,0
DA:419,0
DA:424,0
DA:433,0
DA:434,0
DA:443,0
DA:444,0
DA:452,0
DA:453,0
DA:459,0
DA:460,0
DA:461,0
DA:462,0
DA:464,0
LF:109
LH:0
BRDA:57,0,0,0
BRDA:57,1,0,0
BRDA:57,1,1,0
BRDA:57,1,2,0
BRDA:68,2,0,0
BRDA:68,2,1,0
BRDA:69,3,0,0
BRDA:69,3,1,0
BRDA:95,4,0,0
BRDA:123,5,0,0
BRDA:135,6,0,0
BRDA:142,7,0,0
BRDA:142,7,1,0
BRDA:163,8,0,0
BRDA:187,9,0,0
BRDA:187,10,0,0
BRDA:187,10,1,0
BRDA:206,11,0,0
BRDA:206,11,1,0
BRDA:206,12,0,0
BRDA:206,12,1,0
BRDA:206,13,0,0
BRDA:206,13,1,0
BRDA:212,14,0,0
BRDA:227,15,0,0
BRDA:227,16,0,0
BRDA:227,16,1,0
BRDA:245,17,0,0
BRDA:270,18,0,0
BRDA:298,19,0,0
BRDA:313,20,0,0
BRDA:313,21,0,0
BRDA:313,21,1,0
BRDA:331,22,0,0
BRDA:331,22,1,0
BRDA:354,23,0,0
BRDA:354,23,1,0
BRDA:363,24,0,0
BRDA:390,25,0,0
BRDA:415,26,0,0
BRDA:425,27,0,0
BRDA:425,27,1,0
BRDA:459,28,0,0
BRF:43
BRH:0
end_of_record
TN:
SF:src/api/emailAutomationService.ts
FN:33,(anonymous_7)
FN:40,(anonymous_8)
FN:101,(anonymous_10)
FN:131,(anonymous_12)
FN:161,(anonymous_14)
FN:203,(anonymous_16)
FN:205,(anonymous_17)
FN:214,(anonymous_18)
FN:259,(anonymous_20)
FN:315,(anonymous_22)
FN:360,(anonymous_24)
FN:369,(anonymous_26)
FN:380,(anonymous_27)
FN:394,(anonymous_29)
FN:395,(anonymous_30)
FN:396,(anonymous_31)
FN:409,(anonymous_32)
FN:433,(anonymous_34)
FNF:18
FNH:0
FNDA:0,(anonymous_7)
FNDA:0,(anonymous_8)
FNDA:0,(anonymous_10)
FNDA:0,(anonymous_12)
FNDA:0,(anonymous_14)
FNDA:0,(anonymous_16)
FNDA:0,(anonymous_17)
FNDA:0,(anonymous_18)
FNDA:0,(anonymous_20)
FNDA:0,(anonymous_22)
FNDA:0,(anonymous_24)
FNDA:0,(anonymous_26)
FNDA:0,(anonymous_27)
FNDA:0,(anonymous_29)
FNDA:0,(anonymous_30)
FNDA:0,(anonymous_31)
FNDA:0,(anonymous_32)
FNDA:0,(anonymous_34)
DA:1,0
DA:2,0
DA:34,0
DA:41,0
DA:43,0
DA:55,0
DA:56,0
DA:62,0
DA:64,0
DA:65,0
DA:67,0
DA:68,0
DA:70,0
DA:71,0
DA:73,0
DA:77,0
DA:78,0
DA:88,0
DA:90,0
DA:91,0
DA:102,0
DA:103,0
DA:104,0
DA:107,0
DA:114,0
DA:115,0
DA:117,0
DA:132,0
DA:133,0
DA:134,0
DA:137,0
DA:144,0
DA:145,0
DA:147,0
DA:162,0
DA:163,0
DA:168,0
DA:169,0
DA:172,0
DA:174,0
DA:175,0
DA:177,0
DA:184,0
DA:185,0
DA:188,0
DA:190,0
DA:193,0
DA:195,0
DA:196,0
DA:204,0
DA:205,0
DA:206,0
DA:208,0
DA:215,0
DA:216,0
DA:217,0
DA:219,0
DA:220,0
DA:223,0
DA:238,0
DA:239,0
DA:240,0
DA:243,0
DA:244,0
DA:249,0
DA:260,0
DA:261,0
DA:262,0
DA:263,0
DA:265,0
DA:266,0
DA:269,0
DA:295,0
DA:296,0
DA:297,0
DA:300,0
DA:305,0
DA:316,0
DA:317,0
DA:318,0
DA:320,0
DA:321,0
DA:325,0
DA:341,0
DA:342,0
DA:343,0
DA:346,0
DA:350,0
DA:361,0
DA:369,0
DA:371,0
DA:381,0
DA:382,0
DA:388,0
DA:389,0
DA:392,0
DA:394,0
DA:395,0
DA:396,0
DA:401,0
DA:402,0
DA:410,0
DA:411,0
DA:419,0
DA:420,0
DA:423,0
DA:425,0
DA:426,0
DA:434,0
DA:436,0
DA:444,0
DA:445,0
DA:449,0
DA:459,0
DA:461,0
DA:462,0
DA:467,0
LF:117
LH:0
BRDA:55,0,0,0
BRDA:62,1,0,0
BRDA:62,1,1,0
BRDA:62,1,2,0
BRDA:62,1,3,0
BRDA:77,2,0,0
BRDA:77,3,0,0
BRDA:77,3,1,0
BRDA:77,4,0,0
BRDA:77,4,1,0
BRDA:81,5,0,0
BRDA:81,5,1,0
BRDA:93,6,0,0
BRDA:93,6,1,0
BRDA:103,7,0,0
BRDA:108,8,0,0
BRDA:108,8,1,0
BRDA:133,9,0,0
BRDA:138,10,0,0
BRDA:138,10,1,0
BRDA:168,11,0,0
BRDA:174,12,0,0
BRDA:175,13,0,0
BRDA:184,14,0,0
BRDA:217,15,0,0
BRDA:217,15,1,0
BRDA:219,16,0,0
BRDA:238,17,0,0
BRDA:251,18,0,0
BRDA:251,18,1,0
BRDA:262,19,0,0
BRDA:262,19,1,0
BRDA:263,20,0,0
BRDA:263,20,1,0
BRDA:265,21,0,0
BRDA:295,22,0,0
BRDA:302,23,0,0
BRDA:302,23,1,0
BRDA:307,24,0,0
BRDA:307,24,1,0
BRDA:320,25,0,0
BRDA:320,26,0,0
BRDA:320,26,1,0
BRDA:333,27,0,0
BRDA:333,27,1,0
BRDA:333,28,0,0
BRDA:333,28,1,0
BRDA:333,29,0,0
BRDA:333,29,1,0
BRDA:335,30,0,0
BRDA:335,30,1,0
BRDA:335,31,0,0
BRDA:335,31,1,0
BRDA:335,32,0,0
BRDA:335,32,1,0
BRDA:336,33,0,0
BRDA:336,33,1,0
BRDA:336,34,0,0
BRDA:336,34,1,0
BRDA:336,35,0,0
BRDA:336,35,1,0
BRDA:341,36,0,0
BRDA:352,37,0,0
BRDA:352,37,1,0
BRDA:388,38,0,0
BRDA:397,39,0,0
BRDA:397,39,1,0
BRDA:397,40,0,0
BRDA:397,40,1,0
BRDA:397,41,0,0
BRDA:397,41,1,0
BRDA:402,42,0,0
BRDA:402,42,1,0
BRDA:419,43,0,0
BRDA:426,44,0,0
BRDA:426,44,1,0
BRDA:444,45,0,0
BRDA:455,46,0,0
BRDA:455,46,1,0
BRDA:462,47,0,0
BRDA:462,47,1,0
BRF:81
BRH:0
end_of_record
TN:
SF:src/api/leadService.ts
FN:55,(anonymous_7)
FN:133,(anonymous_9)
FN:158,(anonymous_11)
FN:183,(anonymous_13)
FN:216,(anonymous_15)
FN:243,(anonymous_17)
FN:278,(anonymous_19)
FN:279,(anonymous_20)
FN:281,(anonymous_21)
FN:282,(anonymous_22)
FN:285,(anonymous_23)
FN:293,(anonymous_24)
FN:300,(anonymous_25)
FN:301,(anonymous_26)
FN:306,(anonymous_27)
FN:330,(anonymous_28)
FN:343,(anonymous_30)
FN:366,(anonymous_31)
FN:388,(anonymous_33)
FN:415,(anonymous_34)
FN:450,(anonymous_36)
FNF:21
FNH:0
FNDA:0,(anonymous_7)
FNDA:0,(anonymous_9)
FNDA:0,(anonymous_11)
FNDA:0,(anonymous_13)
FNDA:0,(anonymous_15)
FNDA:0,(anonymous_17)
FNDA:0,(anonymous_19)
FNDA:0,(anonymous_20)
FNDA:0,(anonymous_21)
FNDA:0,(anonymous_22)
FNDA:0,(anonymous_23)
FNDA:0,(anonymous_24)
FNDA:0,(anonymous_25)
FNDA:0,(anonymous_26)
FNDA:0,(anonymous_27)
FNDA:0,(anonymous_28)
FNDA:0,(anonymous_30)
FNDA:0,(anonymous_31)
FNDA:0,(anonymous_33)
FNDA:0,(anonymous_34)
FNDA:0,(anonymous_36)
DA:1,0
DA:56,0
DA:58,0
DA:64,0
DA:65,0
DA:68,0
DA:70,0
DA:89,0
DA:90,0
DA:93,0
DA:97,0
DA:116,0
DA:117,0
DA:121,0
DA:123,0
DA:125,0
DA:126,0
DA:134,0
DA:135,0
DA:141,0
DA:142,0
DA:143,0
DA:145,0
DA:148,0
DA:150,0
DA:151,0
DA:159,0
DA:160,0
DA:166,0
DA:167,0
DA:168,0
DA:170,0
DA:173,0
DA:175,0
DA:176,0
DA:184,0
DA:185,0
DA:191,0
DA:192,0
DA:195,0
DA:202,0
DA:203,0
DA:206,0
DA:208,0
DA:209,0
DA:217,0
DA:218,0
DA:229,0
DA:230,0
DA:233,0
DA:235,0
DA:236,0
DA:244,0
DA:245,0
DA:246,0
DA:247,0
DA:250,0
DA:252,0
DA:253,0
DA:255,0
DA:256,0
DA:258,0
DA:259,0
DA:262,0
DA:266,0
DA:272,0
DA:273,0
DA:277,0
DA:278,0
DA:279,0
DA:280,0
DA:281,0
DA:282,0
DA:285,0
DA:286,0
DA:287,0
DA:289,0
DA:293,0
DA:294,0
DA:295,0
DA:296,0
DA:299,0
DA:300,0
DA:301,0
DA:305,0
DA:306,0
DA:309,0
DA:311,0
DA:322,0
DA:323,0
DA:331,0
DA:332,0
DA:337,0
DA:338,0
DA:342,0
DA:343,0
DA:344,0
DA:345,0
DA:350,0
DA:352,0
DA:353,0
DA:356,0
DA:358,0
DA:359,0
DA:367,0
DA:368,0
DA:376,0
DA:377,0
DA:380,0
DA:381,0
DA:389,0
DA:391,0
DA:392,0
DA:400,0
DA:401,0
DA:407,0
DA:416,0
DA:417,0
DA:422,0
DA:423,0
DA:426,0
DA:427,0
DA:431,0
DA:448,0
DA:450,0
DA:468,0
DA:470,0
DA:471,0
DA:476,0
LF:129
LH:0
BRDA:64,0,0,0
BRDA:64,1,0,0
BRDA:64,1,1,0
BRDA:68,2,0,0
BRDA:73,3,0,0
BRDA:73,3,1,0
BRDA:74,4,0,0
BRDA:74,4,1,0
BRDA:76,5,0,0
BRDA:76,5,1,0
BRDA:76,6,0,0
BRDA:76,6,1,0
BRDA:77,7,0,0
BRDA:77,7,1,0
BRDA:77,8,0,0
BRDA:77,8,1,0
BRDA:78,9,0,0
BRDA:78,9,1,0
BRDA:78,10,0,0
BRDA:78,10,1,0
BRDA:79,11,0,0
BRDA:79,11,1,0
BRDA:79,12,0,0
BRDA:79,12,1,0
BRDA:80,13,0,0
BRDA:80,13,1,0
BRDA:80,14,0,0
BRDA:80,14,1,0
BRDA:81,15,0,0
BRDA:81,15,1,0
BRDA:82,16,0,0
BRDA:82,16,1,0
BRDA:89,17,0,0
BRDA:104,18,0,0
BRDA:104,18,1,0
BRDA:104,19,0,0
BRDA:104,19,1,0
BRDA:105,20,0,0
BRDA:105,20,1,0
BRDA:105,21,0,0
BRDA:105,21,1,0
BRDA:106,22,0,0
BRDA:106,22,1,0
BRDA:106,23,0,0
BRDA:106,23,1,0
BRDA:107,24,0,0
BRDA:107,24,1,0
BRDA:107,25,0,0
BRDA:107,25,1,0
BRDA:108,26,0,0
BRDA:108,26,1,0
BRDA:108,27,0,0
BRDA:108,27,1,0
BRDA:109,28,0,0
BRDA:109,28,1,0
BRDA:110,29,0,0
BRDA:110,29,1,0
BRDA:116,30,0,0
BRDA:126,31,0,0
BRDA:126,31,1,0
BRDA:141,32,0,0
BRDA:142,33,0,0
BRDA:151,34,0,0
BRDA:151,34,1,0
BRDA:166,35,0,0
BRDA:167,36,0,0
BRDA:176,37,0,0
BRDA:176,37,1,0
BRDA:191,38,0,0
BRDA:202,39,0,0
BRDA:209,40,0,0
BRDA:209,40,1,0
BRDA:229,41,0,0
BRDA:236,42,0,0
BRDA:236,42,1,0
BRDA:243,43,0,0
BRDA:246,44,0,0
BRDA:250,45,0,0
BRDA:250,45,1,0
BRDA:250,45,2,0
BRDA:269,46,0,0
BRDA:269,46,1,0
BRDA:272,47,0,0
BRDA:281,48,0,0
BRDA:281,48,1,0
BRDA:286,49,0,0
BRDA:287,50,0,0
BRDA:287,50,1,0
BRDA:294,51,0,0
BRDA:294,51,1,0
BRDA:295,52,0,0
BRDA:295,52,1,0
BRDA:309,53,0,0
BRDA:309,53,1,0
BRDA:323,54,0,0
BRDA:323,54,1,0
BRDA:337,55,0,0
BRDA:342,56,0,0
BRDA:344,57,0,0
BRDA:344,58,0,0
BRDA:344,58,1,0
BRDA:352,59,0,0
BRDA:356,60,0,0
BRDA:356,60,1,0
BRDA:359,61,0,0
BRDA:359,61,1,0
BRDA:376,62,0,0
BRDA:381,63,0,0
BRDA:381,63,1,0
BRDA:391,64,0,0
BRDA:391,65,0,0
BRDA:391,65,1,0
BRDA:394,66,0,0
BRDA:394,66,1,0
BRDA:400,67,0,0
BRDA:400,68,0,0
BRDA:400,68,1,0
BRDA:415,69,0,0
BRDA:422,70,0,0
BRDA:426,71,0,0
BRDA:453,72,0,0
BRDA:453,72,1,0
BRDA:454,73,0,0
BRDA:454,73,1,0
BRDA:455,74,0,0
BRDA:455,74,1,0
BRDA:456,75,0,0
BRDA:456,75,1,0
BRDA:457,76,0,0
BRDA:457,76,1,0
BRDA:458,77,0,0
BRDA:458,77,1,0
BRDA:459,78,0,0
BRDA:459,78,1,0
BRDA:461,79,0,0
BRDA:461,79,1,0
BRDA:462,80,0,0
BRDA:462,80,1,0
BRDA:463,81,0,0
BRDA:463,81,1,0
BRDA:464,82,0,0
BRDA:464,82,1,0
BRDA:471,83,0,0
BRDA:471,83,1,0
BRF:144
BRH:0
end_of_record
TN:
SF:src/components/ABTesting.tsx
FN:14,(anonymous_0)
FN:24,(anonymous_1)
FN:35,(anonymous_2)
FN:69,(anonymous_3)
FN:77,(anonymous_4)
FN:97,(anonymous_5)
FN:120,(anonymous_6)
FN:123,(anonymous_7)
FN:139,(anonymous_8)
FN:142,(anonymous_9)
FN:166,(anonymous_10)
FN:176,(anonymous_11)
FN:181,(anonymous_12)
FN:203,(anonymous_13)
FN:253,(anonymous_14)
FN:289,(anonymous_15)
FN:328,(anonymous_16)
FN:338,(anonymous_17)
FN:360,(anonymous_18)
FN:382,(anonymous_19)
FN:403,(anonymous_20)
FN:419,(anonymous_21)
FN:438,(anonymous_22)
FN:442,(anonymous_23)
FN:446,(anonymous_24)
FN:454,(anonymous_25)
FN:464,(anonymous_26)
FNF:27
FNH:0
FNDA:0,(anonymous_0)
FNDA:0,(anonymous_1)
FNDA:0,(anonymous_2)
FNDA:0,(anonymous_3)
FNDA:0,(anonymous_4)
FNDA:0,(anonymous_5)
FNDA:0,(anonymous_6)
FNDA:0,(anonymous_7)
FNDA:0,(anonymous_8)
FNDA:0,(anonymous_9)
FNDA:0,(anonymous_10)
FNDA:0,(anonymous_11)
FNDA:0,(anonymous_12)
FNDA:0,(anonymous_13)
FNDA:0,(anonymous_14)
FNDA:0,(anonymous_15)
FNDA:0,(anonymous_16)
FNDA:0,(anonymous_17)
FNDA:0,(anonymous_18)
FNDA:0,(anonymous_19)
FNDA:0,(anonymous_20)
FNDA:0,(anonymous_21)
FNDA:0,(anonymous_22)
FNDA:0,(anonymous_23)
FNDA:0,(anonymous_24)
FNDA:0,(anonymous_25)
FNDA:0,(anonymous_26)
DA:2,0
DA:14,0
DA:22,0
DA:24,0
DA:25,0
DA:27,0
DA:29,0
DA:31,0
DA:35,0
DA:36,0
DA:39,0
DA:69,0
DA:75,0
DA:77,0
DA:78,0
DA:80,0
DA:83,0
DA:84,0
DA:85,0
DA:86,0
DA:88,0
DA:90,0
DA:94,0
DA:95,0
DA:97,0
DA:98,0
DA:99,0
DA:102,0
DA:103,0
DA:106,0
DA:121,0
DA:123,0
DA:140,0
DA:142,0
DA:166,0
DA:174,0
DA:176,0
DA:177,0
DA:178,0
DA:181,0
DA:182,0
DA:184,0
DA:204,0
DA:222,0
DA:254,0
DA:270,0
DA:290,0
DA:308,0
DA:328,0
DA:336,0
DA:338,0
DA:339,0
DA:341,0
DA:346,0
DA:351,0
DA:358,0
DA:360,0
DA:361,0
DA:362,0
DA:365,0
DA:382,0
DA:387,0
DA:390,0
DA:391,0
DA:394,0
DA:403,0
DA:407,0
DA:409,0
DA:410,0
DA:413,0
DA:419,0
DA:438,0
DA:442,0
DA:443,0
DA:446,0
DA:447,0
DA:453,0
DA:454,0
DA:457,0
DA:459,0
DA:465,0
LF:81
LH:0
BRDA:20,0,0,0
BRDA:25,1,0,0
BRDA:25,1,1,0
BRDA:25,1,2,0
BRDA:44,2,0,0
BRDA:44,2,1,0
BRDA:78,3,0,0
BRDA:78,3,1,0
BRDA:78,3,2,0
BRDA:102,4,0,0
BRDA:118,5,0,0
BRDA:118,5,1,0
BRDA:118,5,2,0
BRDA:132,6,0,0
BRDA:132,6,1,0
BRDA:182,7,0,0
BRDA:182,7,1,0
BRDA:182,7,2,0
BRDA:334,8,0,0
BRDA:339,9,0,0
BRDA:339,9,1,0
BRDA:339,9,2,0
BRDA:390,10,0,0
BRDA:390,11,0,0
BRDA:390,11,1,0
BRDA:391,12,0,0
BRDA:391,12,1,0
BRDA:405,13,0,0
BRDA:409,14,0,0
BRDA:443,15,0,0
BRDA:443,15,1,0
BRDA:468,16,0,0
BRDA:468,16,1,0
BRDA:473,17,0,0
BRDA:473,17,1,0
BRDA:485,18,0,0
BRDA:485,18,1,0
BRF:37
BRH:0
end_of_record
TN:
SF:src/components/AnalyticsDashboard.tsx
FN:50,(anonymous_0)
FN:102,(anonymous_1)
FN:105,(anonymous_2)
FN:111,(anonymous_3)
FN:113,(anonymous_4)
FN:117,(anonymous_5)
FN:140,(anonymous_6)
FN:142,(anonymous_7)
FN:163,(anonymous_8)
FN:165,(anonymous_9)
FN:177,(anonymous_10)
FN:209,(anonymous_11)
FN:212,(anonymous_12)
FN:231,(anonymous_13)
FN:233,(anonymous_14)
FN:270,(anonymous_15)
FN:273,(anonymous_16)
FN:287,(anonymous_17)
FN:304,(anonymous_18)
FN:307,(anonymous_19)
FNF:20
FNH:0
FNDA:0,(anonymous_0)
FNDA:0,(anonymous_1)
FNDA:0,(anonymous_2)
FNDA:0,(anonymous_3)
FNDA:0,(anonymous_4)
FNDA:0,(anonymous_5)
FNDA:0,(anonymous_6)
FNDA:0,(anonymous_7)
FNDA:0,(anonymous_8)
FNDA:0,(anonymous_9)
FNDA:0,(anonymous_10)
FNDA:0,(anonymous_11)
FNDA:0,(anonymous_12)
FNDA:0,(anonymous_13)
FNDA:0,(anonymous_14)
FNDA:0,(anonymous_15)
FNDA:0,(anonymous_16)
FNDA:0,(anonymous_17)
FNDA:0,(anonymous_18)
FNDA:0,(anonymous_19)
DA:1,0
DA:2,0
DA:50,0
DA:51,0
DA:52,0
DA:53,0
DA:56,0
DA:65,0
DA:73,0
DA:88,0
DA:94,0
DA:102,0
DA:103,0
DA:105,0
DA:106,0
DA:111,0
DA:112,0
DA:114,0
DA:117,0
DA:140,0
DA:141,0
DA:143,0
DA:163,0
DA:164,0
DA:166,0
DA:178,0
DA:209,0
DA:210,0
DA:213,0
DA:231,0
DA:232,0
DA:234,0
DA:257,0
DA:271,0
DA:273,0
DA:287,0
DA:305,0
DA:307,0
LF:38
LH:0
BRDA:128,0,0,0
BRDA:128,0,1,0
BRDA:147,1,0,0
BRDA:147,1,1,0
BRDA:148,2,0,0
BRDA:148,2,1,0
BRDA:150,3,0,0
BRDA:150,3,1,0
BRDA:150,4,0,0
BRDA:150,4,1,0
BRDA:169,5,0,0
BRDA:169,5,1,0
BRDA:181,6,0,0
BRDA:181,6,1,0
BRDA:186,7,0,0
BRDA:186,7,1,0
BRDA:275,8,0,0
BRDA:275,8,1,0
BRDA:280,9,0,0
BRDA:280,9,1,0
BRDA:280,10,0,0
BRDA:280,10,1,0
BRDA:291,11,0,0
BRDA:291,11,1,0
BRDA:309,12,0,0
BRDA:309,12,1,0
BRDA:322,13,0,0
BRDA:322,13,1,0
BRDA:328,14,0,0
BRDA:328,14,1,0
BRDA:335,15,0,0
BRDA:335,15,1,0
BRDA:342,16,0,0
BRDA:342,16,1,0
BRDA:349,17,0,0
BRDA:349,17,1,0
BRDA:356,18,0,0
BRDA:356,18,1,0
BRF:38
BRH:0
end_of_record
TN:
SF:src/components/AssessmentForm.tsx
FN:11,(anonymous_7)
FN:20,(anonymous_8)
FN:25,(anonymous_9)
FN:32,(anonymous_10)
FN:37,(anonymous_11)
FN:44,(anonymous_12)
FN:52,(anonymous_13)
FN:53,(anonymous_14)
FN:59,(anonymous_15)
FN:63,(anonymous_16)
FN:69,(anonymous_17)
FN:71,(anonymous_18)
FN:75,(anonymous_19)
FN:75,(anonymous_20)
FN:130,(anonymous_21)
FN:138,(anonymous_22)
FN:152,(anonymous_23)
FN:164,(anonymous_24)
FN:177,(anonymous_25)
FN:181,(anonymous_26)
FN:195,(anonymous_27)
FN:199,(anonymous_28)
FN:203,(anonymous_29)
FN:230,(anonymous_30)
FNF:24
FNH:0
FNDA:0,(anonymous_7)
FNDA:0,(anonymous_8)
FNDA:0,(anonymous_9)
FNDA:0,(anonymous_10)
FNDA:0,(anonymous_11)
FNDA:0,(anonymous_12)
FNDA:0,(anonymous_13)
FNDA:0,(anonymous_14)
FNDA:0,(anonymous_15)
FNDA:0,(anonymous_16)
FNDA:0,(anonymous_17)
FNDA:0,(anonymous_18)
FNDA:0,(anonymous_19)
FNDA:0,(anonymous_20)
FNDA:0,(anonymous_21)
FNDA:0,(anonymous_22)
FNDA:0,(anonymous_23)
FNDA:0,(anonymous_24)
FNDA:0,(anonymous_25)
FNDA:0,(anonymous_26)
FNDA:0,(anonymous_27)
FNDA:0,(anonymous_28)
FNDA:0,(anonymous_29)
FNDA:0,(anonymous_30)
DA:1,0
DA:2,0
DA:3,0
DA:4,0
DA:5,0
DA:11,0
DA:12,0
DA:13,0
DA:14,0
DA:15,0
DA:17,0
DA:18,0
DA:20,0
DA:21,0
DA:25,0
DA:26,0
DA:27,0
DA:28,0
DA:32,0
DA:33,0
DA:35,0
DA:36,0
DA:37,0
DA:41,0
DA:44,0
DA:45,0
DA:46,0
DA:47,0
DA:49,0
DA:52,0
DA:53,0
DA:59,0
DA:60,0
DA:62,0
DA:63,0
DA:65,0
DA:69,0
DA:70,0
DA:71,0
DA:75,0
DA:76,0
DA:78,0
DA:79,0
DA:80,0
DA:81,0
DA:85,0
DA:86,0
DA:95,0
DA:107,0
DA:110,0
DA:111,0
DA:112,0
DA:113,0
DA:116,0
DA:123,0
DA:126,0
DA:130,0
DA:131,0
DA:132,0
DA:134,0
DA:136,0
DA:139,0
DA:152,0
DA:162,0
DA:165,0
DA:178,0
DA:179,0
DA:181,0
DA:182,0
DA:193,0
DA:196,0
DA:200,0
DA:204,0
DA:205,0
DA:226,0
DA:230,0
DA:238,0
LF:77
LH:0
BRDA:27,0,0,0
BRDA:33,1,0,0
BRDA:36,2,0,0
BRDA:36,3,0,0
BRDA:36,3,1,0
BRDA:36,3,2,0
BRDA:60,4,0,0
BRDA:62,5,0,0
BRDA:62,5,1,0
BRDA:70,6,0,0
BRDA:80,7,0,0
BRDA:87,8,0,0
BRDA:87,8,1,0
BRDA:88,9,0,0
BRDA:88,9,1,0
BRDA:89,10,0,0
BRDA:89,10,1,0
BRDA:90,11,0,0
BRDA:90,11,1,0
BRDA:91,12,0,0
BRDA:91,12,1,0
BRDA:97,13,0,0
BRDA:97,13,1,0
BRDA:98,14,0,0
BRDA:98,14,1,0
BRDA:134,15,0,0
BRDA:134,15,1,0
BRDA:134,15,2,0
BRDA:134,15,3,0
BRDA:138,16,0,0
BRDA:138,16,1,0
BRDA:138,17,0,0
BRDA:138,17,1,0
BRDA:142,18,0,0
BRDA:142,18,1,0
BRDA:164,19,0,0
BRDA:164,19,1,0
BRDA:164,20,0,0
BRDA:164,20,1,0
BRDA:168,21,0,0
BRDA:168,21,1,0
BRDA:168,22,0,0
BRDA:168,22,1,0
BRDA:176,23,0,0
BRDA:176,23,1,0
BRDA:178,24,0,0
BRDA:178,24,1,0
BRDA:179,25,0,0
BRDA:179,25,1,0
BRDA:195,26,0,0
BRDA:195,26,1,0
BRDA:195,27,0,0
BRDA:195,27,1,0
BRDA:204,28,0,0
BRDA:204,28,1,0
BRDA:211,29,0,0
BRDA:211,29,1,0
BRDA:211,30,0,0
BRDA:211,30,1,0
BRDA:211,31,0,0
BRDA:211,31,1,0
BRDA:229,32,0,0
BRDA:229,32,1,0
BRDA:270,33,0,0
BRDA:270,33,1,0
BRDA:292,34,0,0
BRDA:292,34,1,0
BRDA:297,35,0,0
BRDA:297,35,1,0
BRF:69
BRH:0
end_of_record
TN:
SF:src/components/AssessmentResults.tsx
FN:36,(anonymous_7)
FN:125,(anonymous_8)
FN:126,(anonymous_9)
FN:132,(anonymous_10)
FN:132,(anonymous_11)
FN:277,(anonymous_12)
FN:299,(anonymous_13)
FN:324,(anonymous_14)
FN:428,(anonymous_15)
FN:458,(anonymous_16)
FN:477,(anonymous_17)
FN:496,(anonymous_18)
FN:513,(anonymous_19)
FN:520,(anonymous_20)
FN:539,(anonymous_21)
FN:546,(anonymous_22)
FNF:16
FNH:0
FNDA:0,(anonymous_7)
FNDA:0,(anonymous_8)
FNDA:0,(anonymous_9)
FNDA:0,(anonymous_10)
FNDA:0,(anonymous_11)
FNDA:0,(anonymous_12)
FNDA:0,(anonymous_13)
FNDA:0,(anonymous_14)
FNDA:0,(anonymous_15)
FNDA:0,(anonymous_16)
FNDA:0,(anonymous_17)
FNDA:0,(anonymous_18)
FNDA:0,(anonymous_19)
FNDA:0,(anonymous_20)
FNDA:0,(anonymous_21)
FNDA:0,(anonymous_22)
DA:1,0
DA:2,0
DA:3,0
DA:16,0
DA:36,0
DA:37,0
DA:38,0
DA:39,0
DA:47,0
DA:48,0
DA:49,0
DA:52,0
DA:123,0
DA:125,0
DA:126,0
DA:132,0
DA:133,0
DA:134,0
DA:136,0
DA:138,0
DA:139,0
DA:148,0
DA:169,0
DA:172,0
DA:174,0
DA:178,0
DA:278,0
DA:300,0
DA:324,0
DA:429,0
DA:458,0
DA:477,0
DA:496,0
DA:514,0
DA:520,0
DA:540,0
DA:546,0
LF:37
LH:0
BRDA:40,0,0,0
BRDA:40,0,1,0
BRDA:138,1,0,0
BRDA:153,2,0,0
BRDA:153,2,1,0
BRDA:164,3,0,0
BRDA:164,3,1,0
BRDA:182,4,0,0
BRDA:182,4,1,0
BRDA:561,5,0,0
BRDA:561,5,1,0
BRF:11
BRH:0
end_of_record
TN:
SF:src/components/AssessmentWorkflow.tsx
FN:12,(anonymous_0)
FN:17,(anonymous_1)
FN:22,(anonymous_2)
FN:27,(anonymous_3)
FNF:4
FNH:0
FNDA:0,(anonymous_0)
FNDA:0,(anonymous_1)
FNDA:0,(anonymous_2)
FNDA:0,(anonymous_3)
DA:1,0
DA:2,0
DA:3,0
DA:4,0
DA:12,0
DA:13,0
DA:14,0
DA:15,0
DA:17,0
DA:18,0
DA:19,0
DA:22,0
DA:23,0
DA:24,0
DA:27,0
DA:28,0
DA:30,0
DA:32,0
DA:34,0
DA:36,0
DA:40,0
LF:21
LH:0
BRDA:28,0,0,0
BRDA:28,0,1,0
BRDA:28,0,2,0
BRDA:28,0,3,0
BRF:4
BRH:0
end_of_record
TN:
SF:src/components/EmailCollection.tsx
FN:9,(anonymous_7)
FN:15,(anonymous_8)
FN:20,(anonymous_9)
FN:30,(anonymous_10)
FN:30,(anonymous_11)
FN:42,(anonymous_12)
FN:48,(anonymous_13)
FN:59,(anonymous_14)
FN:59,(anonymous_15)
FNF:9
FNH:0
FNDA:0,(anonymous_7)
FNDA:0,(anonymous_8)
FNDA:0,(anonymous_9)
FNDA:0,(anonymous_10)
FNDA:0,(anonymous_11)
FNDA:0,(anonymous_12)
FNDA:0,(anonymous_13)
FNDA:0,(anonymous_14)
FNDA:0,(anonymous_15)
DA:1,0
DA:2,0
DA:3,0
DA:9,0
DA:10,0
DA:11,0
DA:12,0
DA:13,0
DA:15,0
DA:16,0
DA:17,0
DA:20,0
DA:21,0
DA:22,0
DA:23,0
DA:24,0
DA:26,0
DA:30,0
DA:31,0
DA:33,0
DA:34,0
DA:35,0
DA:38,0
DA:40,0
DA:42,0
DA:45,0
DA:47,0
DA:48,0
DA:49,0
DA:52,0
DA:53,0
DA:55,0
DA:59,0
DA:61,0
DA:67,0
DA:68,0
DA:86,0
LF:37
LH:0
BRDA:23,0,0,0
BRDA:23,0,1,0
BRDA:33,1,0,0
BRDA:67,2,0,0
BRDA:114,3,0,0
BRDA:114,3,1,0
BRDA:121,4,0,0
BRDA:121,4,1,0
BRDA:125,5,0,0
BRDA:125,5,1,0
BRDA:134,6,0,0
BRDA:134,6,1,0
BRDA:134,6,2,0
BRDA:137,7,0,0
BRDA:137,7,1,0
BRF:15
BRH:0
end_of_record
TN:
SF:src/components/GDPRConsent.tsx
FN:10,(anonymous_7)
FN:24,(anonymous_8)
FN:32,(anonymous_9)
FN:38,(anonymous_10)
FN:44,(anonymous_11)
FN:74,(anonymous_12)
FN:100,(anonymous_13)
FN:149,(anonymous_14)
FN:149,(anonymous_15)
FN:175,(anonymous_16)
FN:175,(anonymous_17)
FN:212,(anonymous_18)
FN:234,(anonymous_19)
FN:239,(anonymous_20)
FN:239,(anonymous_21)
FN:259,(anonymous_22)
FN:259,(anonymous_23)
FN:343,(anonymous_24)
FNF:18
FNH:0
FNDA:0,(anonymous_7)
FNDA:0,(anonymous_8)
FNDA:0,(anonymous_9)
FNDA:0,(anonymous_10)
FNDA:0,(anonymous_11)
FNDA:0,(anonymous_12)
FNDA:0,(anonymous_13)
FNDA:0,(anonymous_14)
FNDA:0,(anonymous_15)
FNDA:0,(anonymous_16)
FNDA:0,(anonymous_17)
FNDA:0,(anonymous_18)
FNDA:0,(anonymous_19)
FNDA:0,(anonymous_20)
FNDA:0,(anonymous_21)
FNDA:0,(anonymous_22)
FNDA:0,(anonymous_23)
FNDA:0,(anonymous_24)
DA:1,0
DA:2,0
DA:10,0
DA:15,0
DA:16,0
DA:17,0
DA:18,0
DA:24,0
DA:26,0
DA:27,0
DA:28,0
DA:32,0
DA:33,0
DA:34,0
DA:35,0
DA:38,0
DA:39,0
DA:40,0
DA:41,0
DA:44,0
DA:45,0
DA:46,0
DA:48,0
DA:50,0
DA:51,0
DA:55,0
DA:56,0
DA:74,0
DA:92,0
DA:93,0
DA:100,0
DA:149,0
DA:175,0
DA:212,0
DA:230,0
DA:234,0
DA:235,0
DA:236,0
DA:237,0
DA:239,0
DA:240,0
DA:241,0
DA:244,0
DA:245,0
DA:247,0
DA:249,0
DA:250,0
DA:251,0
DA:253,0
DA:255,0
DA:259,0
DA:260,0
DA:261,0
DA:263,0
DA:264,0
DA:265,0
DA:268,0
DA:269,0
DA:270,0
DA:271,0
DA:272,0
DA:273,0
DA:274,0
DA:275,0
DA:276,0
DA:278,0
DA:280,0
DA:282,0
DA:286,0
DA:343,0
DA:344,0
LF:71
LH:0
BRDA:12,0,0,0
BRDA:13,1,0,0
BRDA:27,2,0,0
BRDA:35,3,0,0
BRDA:35,3,1,0
BRDA:35,4,0,0
BRDA:35,4,1,0
BRDA:41,5,0,0
BRDA:41,5,1,0
BRDA:41,6,0,0
BRDA:41,6,1,0
BRDA:45,7,0,0
BRDA:45,7,1,0
BRDA:51,8,0,0
BRDA:51,8,1,0
BRDA:51,9,0,0
BRDA:51,9,1,0
BRDA:55,10,0,0
BRDA:92,11,0,0
BRDA:240,12,0,0
BRDA:249,13,0,0
BRDA:249,13,1,0
BRDA:264,14,0,0
BRDA:264,14,1,0
BRDA:295,15,0,0
BRDA:295,15,1,0
BRDA:299,16,0,0
BRDA:299,16,1,0
BRDA:301,17,0,0
BRDA:301,17,1,0
BRDA:311,18,0,0
BRDA:311,18,1,0
BRDA:319,19,0,0
BRDA:319,19,1,0
BRDA:323,20,0,0
BRDA:323,20,1,0
BRDA:325,21,0,0
BRDA:325,21,1,0
BRF:38
BRH:0
end_of_record
TN:
SF:src/components/MarketingFunnelRoute.tsx
FN:15,(anonymous_0)
FNF:1
FNH:0
FNDA:0,(anonymous_0)
DA:2,0
DA:15,0
DA:16,0
DA:23,0
LF:4
LH:0
BRF:0
BRH:0
end_of_record
TN:
SF:src/components/OptimizedLandingPage.tsx
FN:6,(anonymous_6)
FN:6,(anonymous_7)
FN:6,(anonymous_8)
FN:7,(anonymous_9)
FN:7,(anonymous_10)
FN:7,(anonymous_11)
FN:8,(anonymous_12)
FN:8,(anonymous_13)
FN:8,(anonymous_14)
FN:18,(anonymous_15)
FN:22,(anonymous_16)
FN:39,(anonymous_17)
FN:40,(anonymous_18)
FN:56,(anonymous_19)
FN:59,(anonymous_20)
FN:87,(anonymous_21)
FN:98,(anonymous_22)
FN:112,(anonymous_23)
FN:120,(anonymous_24)
FN:143,(anonymous_25)
FN:176,(anonymous_26)
FN:196,(anonymous_27)
FN:234,(anonymous_28)
FN:252,(anonymous_29)
FN:287,(anonymous_30)
FN:312,(anonymous_31)
FN:388,(anonymous_32)
FN:403,(anonymous_33)
FNF:28
FNH:0
FNDA:0,(anonymous_6)
FNDA:0,(anonymous_7)
FNDA:0,(anonymous_8)
FNDA:0,(anonymous_9)
FNDA:0,(anonymous_10)
FNDA:0,(anonymous_11)
FNDA:0,(anonymous_12)
FNDA:0,(anonymous_13)
FNDA:0,(anonymous_14)
FNDA:0,(anonymous_15)
FNDA:0,(anonymous_16)
FNDA:0,(anonymous_17)
FNDA:0,(anonymous_18)
FNDA:0,(anonymous_19)
FNDA:0,(anonymous_20)
FNDA:0,(anonymous_21)
FNDA:0,(anonymous_22)
FNDA:0,(anonymous_23)
FNDA:0,(anonymous_24)
FNDA:0,(anonymous_25)
FNDA:0,(anonymous_26)
FNDA:0,(anonymous_27)
FNDA:0,(anonymous_28)
FNDA:0,(anonymous_29)
FNDA:0,(anonymous_30)
FNDA:0,(anonymous_31)
FNDA:0,(anonymous_32)
FNDA:0,(anonymous_33)
DA:1,0
DA:2,0
DA:3,0
DA:6,0
DA:7,0
DA:8,0
DA:18,0
DA:19,0
DA:20,0
DA:22,0
DA:23,0
DA:24,0
DA:28,0
DA:39,0
DA:40,0
DA:56,0
DA:57,0
DA:59,0
DA:60,0
DA:63,0
DA:88,0
DA:99,0
DA:113,0
DA:121,0
DA:143,0
DA:144,0
DA:162,0
DA:177,0
DA:196,0
DA:197,0
DA:220,0
DA:235,0
DA:252,0
DA:253,0
DA:274,0
DA:288,0
DA:312,0
DA:313,0
DA:314,0
DA:315,0
DA:317,0
DA:388,0
DA:404,0
DA:405,0
DA:406,0
LF:45
LH:0
BRDA:18,0,0,0
BRDA:18,1,0,0
BRDA:23,2,0,0
BRDA:30,3,0,0
BRDA:30,3,1,0
BRDA:30,3,2,0
BRDA:38,4,0,0
BRDA:38,4,1,0
BRDA:42,5,0,0
BRDA:42,5,1,0
BRDA:43,6,0,0
BRDA:43,6,1,0
BRDA:46,7,0,0
BRDA:46,7,1,0
BRDA:88,8,0,0
BRDA:88,8,1,0
BRDA:88,9,0,0
BRDA:88,9,1,0
BRDA:99,10,0,0
BRDA:99,10,1,0
BRDA:99,11,0,0
BRDA:99,11,1,0
BRDA:370,12,0,0
BRDA:370,12,1,0
BRDA:370,12,2,0
BRDA:398,13,0,0
BRDA:398,13,1,0
BRDA:398,13,2,0
BRDA:414,14,0,0
BRDA:414,14,1,0
BRDA:414,14,2,0
BRF:31
BRH:0
end_of_record
TN:
SF:src/components/ResultsDemo.tsx
FN:4,(anonymous_0)
FNF:1
FNH:0
FNDA:0,(anonymous_0)
DA:2,0
DA:4,0
DA:6,0
DA:23,0
LF:4
LH:0
BRF:0
BRH:0
end_of_record
TN:
SF:src/components/SimpleAssessment.tsx
FN:41,(anonymous_0)
FN:46,(anonymous_1)
FN:47,(anonymous_2)
FN:53,(anonymous_3)
FN:55,(anonymous_4)
FN:61,(anonymous_5)
FN:63,(anonymous_6)
FN:66,(anonymous_7)
FN:80,(anonymous_8)
FN:88,(anonymous_9)
FN:95,(anonymous_10)
FN:109,(anonymous_11)
FN:120,(anonymous_12)
FN:129,(anonymous_13)
FN:171,(anonymous_14)
FN:171,(anonymous_15)
FNF:16
FNH:0
FNDA:0,(anonymous_0)
FNDA:0,(anonymous_1)
FNDA:0,(anonymous_2)
FNDA:0,(anonymous_3)
FNDA:0,(anonymous_4)
FNDA:0,(anonymous_5)
FNDA:0,(anonymous_6)
FNDA:0,(anonymous_7)
FNDA:0,(anonymous_8)
FNDA:0,(anonymous_9)
FNDA:0,(anonymous_10)
FNDA:0,(anonymous_11)
FNDA:0,(anonymous_12)
FNDA:0,(anonymous_13)
FNDA:0,(anonymous_14)
FNDA:0,(anonymous_15)
DA:1,0
DA:14,0
DA:41,0
DA:42,0
DA:43,0
DA:44,0
DA:46,0
DA:47,0
DA:53,0
DA:54,0
DA:55,0
DA:57,0
DA:61,0
DA:62,0
DA:63,0
DA:64,0
DA:65,0
DA:66,0
DA:67,0
DA:71,0
DA:72,0
DA:73,0
DA:74,0
DA:75,0
DA:76,0
DA:77,0
DA:80,0
DA:85,0
DA:88,0
DA:89,0
DA:91,0
DA:96,0
DA:109,0
DA:120,0
DA:121,0
DA:122,0
DA:129,0
DA:140,0
DA:141,0
DA:144,0
DA:145,0
DA:147,0
DA:171,0
LF:43
LH:0
BRDA:54,0,0,0
BRDA:54,0,1,0
BRDA:65,1,0,0
BRDA:67,2,0,0
BRDA:67,2,1,0
BRDA:67,3,0,0
BRDA:67,3,1,0
BRDA:67,4,0,0
BRDA:67,4,1,0
BRDA:72,5,0,0
BRDA:72,5,1,0
BRDA:72,6,0,0
BRDA:72,6,1,0
BRDA:74,7,0,0
BRDA:74,7,1,0
BRDA:74,8,0,0
BRDA:74,8,1,0
BRDA:76,9,0,0
BRDA:99,10,0,0
BRDA:99,10,1,0
BRDA:140,11,0,0
BRDA:183,12,0,0
BRDA:183,12,1,0
BRF:23
BRH:0
end_of_record
TN:
SF:src/components/ValidatedForm.tsx
FN:48,(anonymous_7)
FN:70,(anonymous_8)
FN:78,(anonymous_9)
FN:78,(anonymous_10)
FN:94,(anonymous_11)
FN:103,(anonymous_12)
FN:113,(anonymous_13)
FN:116,(anonymous_14)
FN:123,(anonymous_15)
FN:129,(anonymous_16)
FN:129,(anonymous_17)
FN:137,(anonymous_18)
FN:145,(anonymous_19)
FN:149,(anonymous_20)
FN:153,(anonymous_21)
FN:179,(anonymous_22)
FN:214,(anonymous_23)
FN:221,(anonymous_24)
FN:239,(anonymous_25)
FN:240,(anonymous_26)
FN:250,(anonymous_27)
FN:258,(anonymous_28)
FN:265,(anonymous_29)
FN:266,(anonymous_30)
FN:275,(anonymous_31)
FN:281,(anonymous_32)
FN:285,(anonymous_33)
FN:288,(anonymous_34)
FN:340,(anonymous_35)
FN:527,(anonymous_36)
FN:527,(anonymous_37)
FN:538,(anonymous_38)
FN:538,(anonymous_39)
FNF:33
FNH:0
FNDA:0,(anonymous_7)
FNDA:0,(anonymous_8)
FNDA:0,(anonymous_9)
FNDA:0,(anonymous_10)
FNDA:0,(anonymous_11)
FNDA:0,(anonymous_12)
FNDA:0,(anonymous_13)
FNDA:0,(anonymous_14)
FNDA:0,(anonymous_15)
FNDA:0,(anonymous_16)
FNDA:0,(anonymous_17)
FNDA:0,(anonymous_18)
FNDA:0,(anonymous_19)
FNDA:0,(anonymous_20)
FNDA:0,(anonymous_21)
FNDA:0,(anonymous_22)
FNDA:0,(anonymous_23)
FNDA:0,(anonymous_24)
FNDA:0,(anonymous_25)
FNDA:0,(anonymous_26)
FNDA:0,(anonymous_27)
FNDA:0,(anonymous_28)
FNDA:0,(anonymous_29)
FNDA:0,(anonymous_30)
FNDA:0,(anonymous_31)
FNDA:0,(anonymous_32)
FNDA:0,(anonymous_33)
FNDA:0,(anonymous_34)
FNDA:0,(anonymous_35)
FNDA:0,(anonymous_36)
FNDA:0,(anonymous_37)
FNDA:0,(anonymous_38)
FNDA:0,(anonymous_39)
DA:1,0
DA:2,0
DA:3,0
DA:27,0
DA:34,0
DA:48,0
DA:52,0
DA:53,0
DA:54,0
DA:60,0
DA:61,0
DA:64,0
DA:70,0
DA:71,0
DA:72,0
DA:73,0
DA:78,0
DA:79,0
DA:80,0
DA:81,0
DA:82,0
DA:83,0
DA:84,0
DA:85,0
DA:86,0
DA:90,0
DA:94,0
DA:98,0
DA:99,0
DA:102,0
DA:103,0
DA:109,0
DA:113,0
DA:114,0
DA:115,0
DA:116,0
DA:123,0
DA:124,0
DA:125,0
DA:129,0
DA:130,0
DA:133,0
DA:134,0
DA:136,0
DA:137,0
DA:138,0
DA:145,0
DA:146,0
DA:149,0
DA:151,0
DA:153,0
DA:156,0
DA:158,0
DA:166,0
DA:169,0
DA:179,0
DA:186,0
DA:187,0
DA:194,0
DA:196,0
DA:215,0
DA:216,0
DA:218,0
DA:221,0
DA:239,0
DA:240,0
DA:251,0
DA:259,0
DA:265,0
DA:266,0
DA:276,0
DA:282,0
DA:283,0
DA:285,0
DA:286,0
DA:288,0
DA:314,0
DA:315,0
DA:341,0
DA:342,0
DA:355,0
DA:356,0
DA:376,0
DA:527,0
DA:538,0
LF:85
LH:0
BRDA:72,0,0,0
BRDA:80,1,0,0
BRDA:82,2,0,0
BRDA:85,3,0,0
BRDA:134,4,0,0
BRDA:186,5,0,0
BRDA:186,5,1,0
BRDA:187,6,0,0
BRDA:187,6,1,0
BRDA:194,7,0,0
BRDA:194,7,1,0
BRDA:203,8,0,0
BRDA:203,8,1,0
BRDA:203,9,0,0
BRDA:203,9,1,0
BRDA:203,10,0,0
BRDA:203,10,1,0
BRDA:208,11,0,0
BRDA:208,11,1,0
BRDA:208,12,0,0
BRDA:208,12,1,0
BRDA:208,12,2,0
BRDA:208,12,3,0
BRDA:215,13,0,0
BRDA:215,13,1,0
BRDA:226,14,0,0
BRDA:226,14,1,0
BRDA:231,15,0,0
BRDA:231,15,1,0
BRDA:235,16,0,0
BRDA:235,16,1,0
BRDA:244,17,0,0
BRDA:244,17,1,0
BRDA:250,18,0,0
BRDA:250,18,1,0
BRDA:250,19,0,0
BRDA:250,19,1,0
BRDA:256,20,0,0
BRDA:256,20,1,0
BRDA:258,21,0,0
BRDA:258,21,1,0
BRDA:258,22,0,0
BRDA:258,22,1,0
BRDA:273,23,0,0
BRDA:273,23,1,0
BRDA:275,24,0,0
BRDA:275,24,1,0
BRDA:275,25,0,0
BRDA:275,25,1,0
BRDA:280,26,0,0
BRDA:280,26,1,0
BRDA:282,27,0,0
BRDA:282,27,1,0
BRDA:283,28,0,0
BRDA:283,28,1,0
BRDA:297,29,0,0
BRDA:297,29,1,0
BRDA:314,30,0,0
BRDA:355,31,0,0
BRDA:409,32,0,0
BRDA:409,32,1,0
BRDA:433,33,0,0
BRDA:433,33,1,0
BRDA:468,34,0,0
BRDA:468,34,1,0
BRDA:510,35,0,0
BRDA:510,35,1,0
BRDA:535,36,0,0
BRDA:535,36,1,0
BRDA:548,37,0,0
BRDA:548,37,1,0
BRDA:551,38,0,0
BRDA:551,38,1,0
BRF:73
BRH:0
end_of_record
TN:
SF:src/hooks/useAnalytics.ts
FN:5,useQuestionnaireAnalytics
FN:10,(anonymous_8)
FN:16,(anonymous_9)
FN:30,(anonymous_10)
FN:35,(anonymous_11)
FN:45,(anonymous_12)
FN:51,(anonymous_13)
FN:61,(anonymous_14)
FN:62,(anonymous_15)
FN:70,(anonymous_16)
FN:74,(anonymous_17)
FN:75,(anonymous_18)
FN:80,(anonymous_19)
FN:94,useABTesting
FN:98,(anonymous_21)
FN:103,(anonymous_22)
FN:114,useUserBehaviorTracking
FN:119,(anonymous_24)
FN:125,(anonymous_25)
FN:132,(anonymous_26)
FN:133,(anonymous_27)
FN:140,(anonymous_28)
FN:150,(anonymous_29)
FN:159,(anonymous_30)
FN:167,(anonymous_31)
FN:168,(anonymous_32)
FN:177,(anonymous_33)
FN:187,useConversionFunnel
FN:191,(anonymous_35)
FN:197,(anonymous_36)
FN:202,(anonymous_37)
FN:207,(anonymous_38)
FN:216,(anonymous_39)
FN:225,(anonymous_40)
FN:233,(anonymous_41)
FN:252,useDeviceTracking
FN:254,(anonymous_43)
FN:260,(anonymous_44)
FN:261,(anonymous_45)
FN:269,(anonymous_46)
FN:273,(anonymous_47)
FN:274,(anonymous_48)
FN:278,(anonymous_49)
FN:285,(anonymous_50)
FN:293,useAnalyticsSession
FN:295,(anonymous_52)
FN:300,(anonymous_53)
FN:301,(anonymous_54)
FN:307,(anonymous_55)
FN:316,useAnalyticsConsent
FN:320,(anonymous_57)
FN:330,(anonymous_58)
FN:340,(anonymous_59)
FN:350,(anonymous_60)
FN:350,(anonymous_61)
FN:355,(anonymous_62)
FN:355,(anonymous_63)
FN:369,useAnalytics
FNF:58
FNH:0
FNDA:0,useQuestionnaireAnalytics
FNDA:0,(anonymous_8)
FNDA:0,(anonymous_9)
FNDA:0,(anonymous_10)
FNDA:0,(anonymous_11)
FNDA:0,(anonymous_12)
FNDA:0,(anonymous_13)
FNDA:0,(anonymous_14)
FNDA:0,(anonymous_15)
FNDA:0,(anonymous_16)
FNDA:0,(anonymous_17)
FNDA:0,(anonymous_18)
FNDA:0,(anonymous_19)
FNDA:0,useABTesting
FNDA:0,(anonymous_21)
FNDA:0,(anonymous_22)
FNDA:0,useUserBehaviorTracking
FNDA:0,(anonymous_24)
FNDA:0,(anonymous_25)
FNDA:0,(anonymous_26)
FNDA:0,(anonymous_27)
FNDA:0,(anonymous_28)
FNDA:0,(anonymous_29)
FNDA:0,(anonymous_30)
FNDA:0,(anonymous_31)
FNDA:0,(anonymous_32)
FNDA:0,(anonymous_33)
FNDA:0,useConversionFunnel
FNDA:0,(anonymous_35)
FNDA:0,(anonymous_36)
FNDA:0,(anonymous_37)
FNDA:0,(anonymous_38)
FNDA:0,(anonymous_39)
FNDA:0,(anonymous_40)
FNDA:0,(anonymous_41)
FNDA:0,useDeviceTracking
FNDA:0,(anonymous_43)
FNDA:0,(anonymous_44)
FNDA:0,(anonymous_45)
FNDA:0,(anonymous_46)
FNDA:0,(anonymous_47)
FNDA:0,(anonymous_48)
FNDA:0,(anonymous_49)
FNDA:0,(anonymous_50)
FNDA:0,useAnalyticsSession
FNDA:0,(anonymous_52)
FNDA:0,(anonymous_53)
FNDA:0,(anonymous_54)
FNDA:0,(anonymous_55)
FNDA:0,useAnalyticsConsent
FNDA:0,(anonymous_57)
FNDA:0,(anonymous_58)
FNDA:0,(anonymous_59)
FNDA:0,(anonymous_60)
FNDA:0,(anonymous_61)
FNDA:0,(anonymous_62)
FNDA:0,(anonymous_63)
FNDA:0,useAnalytics
DA:1,0
DA:2,0
DA:5,0
DA:6,0
DA:7,0
DA:10,0
DA:11,0
DA:12,0
DA:16,0
DA:21,0
DA:22,0
DA:25,0
DA:26,0
DA:30,0
DA:31,0
DA:35,0
DA:40,0
DA:41,0
DA:45,0
DA:46,0
DA:47,0
DA:51,0
DA:56,0
DA:57,0
DA:61,0
DA:62,0
DA:63,0
DA:65,0
DA:69,0
DA:70,0
DA:74,0
DA:75,0
DA:76,0
DA:79,0
DA:80,0
DA:83,0
DA:94,0
DA:95,0
DA:98,0
DA:99,0
DA:103,0
DA:104,0
DA:107,0
DA:114,0
DA:115,0
DA:116,0
DA:119,0
DA:120,0
DA:121,0
DA:125,0
DA:126,0
DA:127,0
DA:128,0
DA:132,0
DA:133,0
DA:134,0
DA:135,0
DA:136,0
DA:140,0
DA:141,0
DA:142,0
DA:150,0
DA:151,0
DA:152,0
DA:155,0
DA:156,0
DA:157,0
DA:159,0
DA:160,0
DA:161,0
DA:162,0
DA:167,0
DA:168,0
DA:169,0
DA:170,0
DA:172,0
DA:176,0
DA:177,0
DA:180,0
DA:187,0
DA:188,0
DA:191,0
DA:192,0
DA:193,0
DA:197,0
DA:198,0
DA:202,0
DA:203,0
DA:207,0
DA:208,0
DA:209,0
DA:216,0
DA:217,0
DA:225,0
DA:226,0
DA:233,0
DA:234,0
DA:240,0
DA:252,0
DA:254,0
DA:255,0
DA:256,0
DA:260,0
DA:261,0
DA:262,0
DA:268,0
DA:269,0
DA:273,0
DA:274,0
DA:275,0
DA:278,0
DA:279,0
DA:282,0
DA:283,0
DA:285,0
DA:286,0
DA:287,0
DA:293,0
DA:295,0
DA:296,0
DA:300,0
DA:301,0
DA:303,0
DA:306,0
DA:307,0
DA:310,0
DA:316,0
DA:317,0
DA:320,0
DA:321,0
DA:322,0
DA:323,0
DA:324,0
DA:325,0
DA:330,0
DA:331,0
DA:332,0
DA:333,0
DA:340,0
DA:341,0
DA:342,0
DA:343,0
DA:350,0
DA:351,0
DA:355,0
DA:356,0
DA:359,0
DA:369,0
DA:370,0
DA:371,0
DA:372,0
DA:373,0
DA:376,0
DA:379,0
DA:381,0
DA:390,0
LF:156
LH:0
BRDA:63,0,0,0
BRDA:135,1,0,0
BRDA:146,2,0,0
BRDA:146,2,1,0
BRDA:146,3,0,0
BRDA:146,3,1,0
BRDA:169,4,0,0
BRDA:169,4,1,0
BRDA:322,5,0,0
BRF:9
BRH:0
end_of_record
TN:
SF:src/lib/supabase-config.ts
FNF:0
FNH:0
DA:1,0
DA:2,0
DA:5,0
DA:6,0
DA:7,0
DA:9,0
DA:10,0
DA:13,0
DA:22,0
LF:9
LH:0
BRDA:9,0,0,0
BRDA:9,1,0,0
BRDA:9,1,1,0
BRDA:22,2,0,0
BRDA:22,2,1,0
BRF:5
BRH:0
end_of_record
TN:
SF:src/lib/supabase.ts
FNF:0
FNH:0
DA:1,0
DA:4,0
DA:5,0
DA:7,0
DA:8,0
DA:11,0
DA:20,0
DA:22,0
LF:8
LH:0
BRDA:7,0,0,0
BRDA:7,1,0,0
BRDA:7,1,1,0
BRDA:22,2,0,0
BRDA:22,2,1,0
BRF:5
BRH:0
end_of_record
TN:
SF:src/services/analytics.ts
FN:25,(anonymous_0)
FN:88,(anonymous_1)
FN:103,(anonymous_2)
FN:122,gtag
FN:136,(anonymous_4)
FN:173,(anonymous_5)
FN:189,(anonymous_6)
FN:205,(anonymous_7)
FN:229,(anonymous_8)
FN:243,(anonymous_9)
FN:262,(anonymous_10)
FN:280,(anonymous_11)
FN:299,(anonymous_12)
FN:316,(anonymous_13)
FN:343,(anonymous_14)
FN:355,(anonymous_15)
FN:368,(anonymous_16)
FN:381,(anonymous_17)
FN:393,(anonymous_18)
FN:410,(anonymous_19)
FN:428,(anonymous_20)
FN:444,(anonymous_21)
FN:449,(anonymous_22)
FN:455,(anonymous_23)
FN:462,(anonymous_24)
FN:485,(anonymous_25)
FN:492,(anonymous_26)
FN:496,(anonymous_27)
FN:515,(anonymous_28)
FN:521,(anonymous_29)
FN:529,(anonymous_30)
FN:538,(anonymous_31)
FN:552,(anonymous_32)
FN:557,(anonymous_33)
FN:568,(anonymous_34)
FN:578,(anonymous_35)
FN:583,(anonymous_36)
FN:612,(anonymous_37)
FN:615,(anonymous_38)
FNF:39
FNH:0
FNDA:0,(anonymous_0)
FNDA:0,(anonymous_1)
FNDA:0,(anonymous_2)
FNDA:0,gtag
FNDA:0,(anonymous_4)
FNDA:0,(anonymous_5)
FNDA:0,(anonymous_6)
FNDA:0,(anonymous_7)
FNDA:0,(anonymous_8)
FNDA:0,(anonymous_9)
FNDA:0,(anonymous_10)
FNDA:0,(anonymous_11)
FNDA:0,(anonymous_12)
FNDA:0,(anonymous_13)
FNDA:0,(anonymous_14)
FNDA:0,(anonymous_15)
FNDA:0,(anonymous_16)
FNDA:0,(anonymous_17)
FNDA:0,(anonymous_18)
FNDA:0,(anonymous_19)
FNDA:0,(anonymous_20)
FNDA:0,(anonymous_21)
FNDA:0,(anonymous_22)
FNDA:0,(anonymous_23)
FNDA:0,(anonymous_24)
FNDA:0,(anonymous_25)
FNDA:0,(anonymous_26)
FNDA:0,(anonymous_27)
FNDA:0,(anonymous_28)
FNDA:0,(anonymous_29)
FNDA:0,(anonymous_30)
FNDA:0,(anonymous_31)
FNDA:0,(anonymous_32)
FNDA:0,(anonymous_33)
FNDA:0,(anonymous_34)
FNDA:0,(anonymous_35)
FNDA:0,(anonymous_36)
FNDA:0,(anonymous_37)
FNDA:0,(anonymous_38)
DA:25,0
DA:26,0
DA:27,0
DA:28,0
DA:29,0
DA:30,0
DA:31,0
DA:81,0
DA:83,0
DA:84,0
DA:85,0
DA:86,0
DA:89,0
DA:98,0
DA:99,0
DA:104,0
DA:105,0
DA:109,0
DA:110,0
DA:111,0
DA:115,0
DA:116,0
DA:117,0
DA:118,0
DA:121,0
DA:123,0
DA:125,0
DA:126,0
DA:132,0
DA:137,0
DA:138,0
DA:139,0
DA:142,0
DA:143,0
DA:144,0
DA:146,0
DA:158,0
DA:169,0
DA:174,0
DA:176,0
DA:183,0
DA:184,0
DA:190,0
DA:192,0
DA:198,0
DA:199,0
DA:200,0
DA:206,0
DA:208,0
DA:218,0
DA:219,0
DA:220,0
DA:221,0
DA:225,0
DA:230,0
DA:232,0
DA:244,0
DA:246,0
DA:255,0
DA:256,0
DA:257,0
DA:263,0
DA:265,0
DA:273,0
DA:274,0
DA:275,0
DA:281,0
DA:283,0
DA:292,0
DA:293,0
DA:294,0
DA:300,0
DA:302,0
DA:309,0
DA:310,0
DA:311,0
DA:317,0
DA:318,0
DA:321,0
DA:322,0
DA:323,0
DA:327,0
DA:328,0
DA:329,0
DA:331,0
DA:332,0
DA:333,0
DA:334,0
DA:335,0
DA:339,0
DA:344,0
DA:346,0
DA:356,0
DA:358,0
DA:369,0
DA:371,0
DA:382,0
DA:384,0
DA:394,0
DA:396,0
DA:397,0
DA:411,0
DA:413,0
DA:414,0
DA:429,0
DA:431,0
DA:432,0
DA:437,0
DA:446,0
DA:451,0
DA:456,0
DA:463,0
DA:466,0
DA:467,0
DA:471,0
DA:472,0
DA:476,0
DA:487,0
DA:488,0
DA:489,0
DA:493,0
DA:497,0
DA:498,0
DA:499,0
DA:504,0
DA:516,0
DA:517,0
DA:518,0
DA:522,0
DA:523,0
DA:524,0
DA:525,0
DA:526,0
DA:530,0
DA:531,0
DA:532,0
DA:533,0
DA:534,0
DA:535,0
DA:539,0
DA:541,0
DA:554,0
DA:559,0
DA:560,0
DA:561,0
DA:562,0
DA:563,0
DA:565,0
DA:569,0
DA:570,0
DA:571,0
DA:572,0
DA:573,0
DA:575,0
DA:579,0
DA:580,0
DA:585,0
DA:612,0
DA:616,0
DA:617,0
DA:623,0
LF:161
LH:0
BRDA:25,0,0,0
BRDA:25,0,1,0
BRDA:90,1,0,0
BRDA:90,1,1,0
BRDA:94,2,0,0
BRDA:94,2,1,0
BRDA:104,3,0,0
BRDA:104,4,0,0
BRDA:104,4,1,0
BRDA:109,5,0,0
BRDA:109,6,0,0
BRDA:109,6,1,0
BRDA:121,7,0,0
BRDA:121,7,1,0
BRDA:137,8,0,0
BRDA:164,9,0,0
BRDA:164,9,1,0
BRDA:174,10,0,0
BRDA:183,11,0,0
BRDA:190,12,0,0
BRDA:193,13,0,0
BRDA:193,13,1,0
BRDA:193,14,0,0
BRDA:193,14,1,0
BRDA:194,15,0,0
BRDA:194,15,1,0
BRDA:194,16,0,0
BRDA:194,16,1,0
BRDA:198,17,0,0
BRDA:206,18,0,0
BRDA:213,19,0,0
BRDA:213,19,1,0
BRDA:213,20,0,0
BRDA:213,20,1,0
BRDA:214,21,0,0
BRDA:214,21,1,0
BRDA:214,22,0,0
BRDA:214,22,1,0
BRDA:218,23,0,0
BRDA:230,24,0,0
BRDA:234,25,0,0
BRDA:234,25,1,0
BRDA:235,26,0,0
BRDA:235,26,1,0
BRDA:235,27,0,0
BRDA:235,27,1,0
BRDA:236,28,0,0
BRDA:236,28,1,0
BRDA:236,29,0,0
BRDA:236,29,1,0
BRDA:244,30,0,0
BRDA:250,31,0,0
BRDA:250,31,1,0
BRDA:250,32,0,0
BRDA:250,32,1,0
BRDA:251,33,0,0
BRDA:251,33,1,0
BRDA:251,34,0,0
BRDA:251,34,1,0
BRDA:255,35,0,0
BRDA:263,36,0,0
BRDA:268,37,0,0
BRDA:268,37,1,0
BRDA:268,38,0,0
BRDA:268,38,1,0
BRDA:269,39,0,0
BRDA:269,39,1,0
BRDA:269,40,0,0
BRDA:269,40,1,0
BRDA:273,41,0,0
BRDA:281,42,0,0
BRDA:287,43,0,0
BRDA:287,43,1,0
BRDA:287,44,0,0
BRDA:287,44,1,0
BRDA:288,45,0,0
BRDA:288,45,1,0
BRDA:288,46,0,0
BRDA:288,46,1,0
BRDA:289,47,0,0
BRDA:289,47,1,0
BRDA:289,48,0,0
BRDA:289,48,1,0
BRDA:292,49,0,0
BRDA:300,50,0,0
BRDA:304,51,0,0
BRDA:304,51,1,0
BRDA:304,52,0,0
BRDA:304,52,1,0
BRDA:305,53,0,0
BRDA:305,53,1,0
BRDA:305,54,0,0
BRDA:305,54,1,0
BRDA:309,55,0,0
BRDA:317,56,0,0
BRDA:322,57,0,0
BRDA:327,58,0,0
BRDA:327,58,1,0
BRDA:327,59,0,0
BRDA:327,59,1,0
BRDA:327,60,0,0
BRDA:327,60,1,0
BRDA:334,61,0,0
BRDA:344,62,0,0
BRDA:349,63,0,0
BRDA:349,63,1,0
BRDA:349,64,0,0
BRDA:349,64,1,0
BRDA:350,65,0,0
BRDA:350,65,1,0
BRDA:350,66,0,0
BRDA:350,66,1,0
BRDA:356,67,0,0
BRDA:362,68,0,0
BRDA:362,68,1,0
BRDA:362,69,0,0
BRDA:362,69,1,0
BRDA:363,70,0,0
BRDA:363,70,1,0
BRDA:363,71,0,0
BRDA:363,71,1,0
BRDA:369,72,0,0
BRDA:373,73,0,0
BRDA:373,73,1,0
BRDA:373,74,0,0
BRDA:373,74,1,0
BRDA:374,75,0,0
BRDA:374,75,1,0
BRDA:374,76,0,0
BRDA:374,76,1,0
BRDA:382,77,0,0
BRDA:387,78,0,0
BRDA:387,78,1,0
BRDA:387,79,0,0
BRDA:387,79,1,0
BRDA:388,80,0,0
BRDA:388,80,1,0
BRDA:388,81,0,0
BRDA:388,81,1,0
BRDA:394,82,0,0
BRDA:404,83,0,0
BRDA:404,83,1,0
BRDA:404,84,0,0
BRDA:404,84,1,0
BRDA:405,85,0,0
BRDA:405,85,1,0
BRDA:405,86,0,0
BRDA:405,86,1,0
BRDA:411,87,0,0
BRDA:422,88,0,0
BRDA:422,88,1,0
BRDA:422,89,0,0
BRDA:422,89,1,0
BRDA:423,90,0,0
BRDA:423,90,1,0
BRDA:423,91,0,0
BRDA:423,91,1,0
BRDA:431,92,0,0
BRDA:431,92,1,0
BRDA:434,93,0,0
BRDA:434,93,1,0
BRDA:434,94,0,0
BRDA:434,94,1,0
BRDA:439,95,0,0
BRDA:439,95,1,0
BRDA:439,96,0,0
BRDA:439,96,1,0
BRDA:456,97,0,0
BRDA:456,97,1,0
BRDA:456,97,2,0
BRDA:456,97,3,0
BRDA:456,97,4,0
BRDA:463,98,0,0
BRDA:466,99,0,0
BRDA:471,100,0,0
BRDA:480,101,0,0
BRDA:480,101,1,0
BRDA:480,102,0,0
BRDA:480,102,1,0
BRDA:481,103,0,0
BRDA:481,103,1,0
BRDA:481,104,0,0
BRDA:481,104,1,0
BRDA:487,105,0,0
BRDA:487,105,1,0
BRDA:516,106,0,0
BRDA:517,107,0,0
BRDA:522,108,0,0
BRDA:523,109,0,0
BRDA:524,110,0,0
BRDA:525,111,0,0
BRDA:530,112,0,0
BRDA:531,113,0,0
BRDA:532,114,0,0
BRDA:533,115,0,0
BRDA:534,116,0,0
BRDA:542,117,0,0
BRDA:542,117,1,0
BRDA:543,118,0,0
BRDA:543,118,1,0
BRDA:544,119,0,0
BRDA:544,119,1,0
BRDA:545,120,0,0
BRDA:545,120,1,0
BRDA:546,121,0,0
BRDA:546,121,1,0
BRDA:547,122,0,0
BRDA:547,122,1,0
BRDA:554,123,0,0
BRDA:554,123,1,0
BRDA:579,124,0,0
BRDA:616,125,0,0
BRF:212
BRH:0
end_of_record
TN:
SF:src/services/emailService.ts
FN:25,(anonymous_7)
FN:32,(anonymous_8)
FN:58,(anonymous_10)
FN:81,(anonymous_12)
FN:101,(anonymous_14)
FN:119,(anonymous_16)
FN:122,(anonymous_18)
FN:132,(anonymous_19)
FN:135,(anonymous_21)
FN:145,(anonymous_22)
FN:155,(anonymous_24)
FN:192,(anonymous_26)
FN:201,(anonymous_28)
FN:214,(anonymous_29)
FN:221,(anonymous_30)
FN:249,(anonymous_32)
FN:271,(anonymous_34)
FN:295,(anonymous_36)
FN:312,(anonymous_38)
FN:323,(anonymous_40)
FN:334,(anonymous_42)
FN:346,(anonymous_44)
FN:361,(anonymous_46)
FN:378,(anonymous_48)
FN:385,(anonymous_49)
FN:411,(anonymous_51)
FN:434,(anonymous_53)
FN:456,(anonymous_55)
FN:480,(anonymous_57)
FN:501,(anonymous_59)
FN:515,(anonymous_61)
FN:530,(anonymous_63)
FN:547,(anonymous_65)
FN:558,createEmailService
FN:577,(anonymous_68)
FN:581,(anonymous_69)
FN:607,(anonymous_71)
FN:621,(anonymous_73)
FN:640,(anonymous_75)
FNF:39
FNH:0
FNDA:0,(anonymous_7)
FNDA:0,(anonymous_8)
FNDA:0,(anonymous_10)
FNDA:0,(anonymous_12)
FNDA:0,(anonymous_14)
FNDA:0,(anonymous_16)
FNDA:0,(anonymous_18)
FNDA:0,(anonymous_19)
FNDA:0,(anonymous_21)
FNDA:0,(anonymous_22)
FNDA:0,(anonymous_24)
FNDA:0,(anonymous_26)
FNDA:0,(anonymous_28)
FNDA:0,(anonymous_29)
FNDA:0,(anonymous_30)
FNDA:0,(anonymous_32)
FNDA:0,(anonymous_34)
FNDA:0,(anonymous_36)
FNDA:0,(anonymous_38)
FNDA:0,(anonymous_40)
FNDA:0,(anonymous_42)
FNDA:0,(anonymous_44)
FNDA:0,(anonymous_46)
FNDA:0,(anonymous_48)
FNDA:0,(anonymous_49)
FNDA:0,(anonymous_51)
FNDA:0,(anonymous_53)
FNDA:0,(anonymous_55)
FNDA:0,(anonymous_57)
FNDA:0,(anonymous_59)
FNDA:0,(anonymous_61)
FNDA:0,(anonymous_63)
FNDA:0,(anonymous_65)
FNDA:0,createEmailService
FNDA:0,(anonymous_68)
FNDA:0,(anonymous_69)
FNDA:0,(anonymous_71)
FNDA:0,(anonymous_73)
FNDA:0,(anonymous_75)
DA:2,0
DA:26,0
DA:27,0
DA:28,0
DA:29,0
DA:33,0
DA:34,0
DA:39,0
DA:40,0
DA:46,0
DA:47,0
DA:48,0
DA:51,0
DA:53,0
DA:54,0
DA:59,0
DA:60,0
DA:73,0
DA:75,0
DA:77,0
DA:82,0
DA:83,0
DA:84,0
DA:94,0
DA:95,0
DA:97,0
DA:102,0
DA:104,0
DA:112,0
DA:113,0
DA:115,0
DA:120,0
DA:121,0
DA:122,0
DA:125,0
DA:126,0
DA:128,0
DA:133,0
DA:134,0
DA:135,0
DA:138,0
DA:139,0
DA:141,0
DA:146,0
DA:147,0
DA:148,0
DA:149,0
DA:151,0
DA:156,0
DA:157,0
DA:179,0
DA:182,0
DA:186,0
DA:188,0
DA:193,0
DA:194,0
DA:195,0
DA:197,0
DA:203,0
DA:215,0
DA:216,0
DA:217,0
DA:218,0
DA:222,0
DA:223,0
DA:227,0
DA:228,0
DA:230,0
DA:231,0
DA:237,0
DA:238,0
DA:239,0
DA:242,0
DA:244,0
DA:245,0
DA:250,0
DA:251,0
DA:263,0
DA:265,0
DA:267,0
DA:272,0
DA:273,0
DA:274,0
DA:275,0
DA:278,0
DA:288,0
DA:289,0
DA:291,0
DA:296,0
DA:299,0
DA:305,0
DA:306,0
DA:308,0
DA:313,0
DA:314,0
DA:315,0
DA:317,0
DA:319,0
DA:324,0
DA:325,0
DA:326,0
DA:328,0
DA:330,0
DA:335,0
DA:336,0
DA:337,0
DA:338,0
DA:340,0
DA:342,0
DA:347,0
DA:348,0
DA:354,0
DA:355,0
DA:357,0
DA:362,0
DA:363,0
DA:364,0
DA:366,0
DA:379,0
DA:380,0
DA:381,0
DA:382,0
DA:386,0
DA:387,0
DA:392,0
DA:393,0
DA:399,0
DA:400,0
DA:401,0
DA:404,0
DA:406,0
DA:407,0
DA:412,0
DA:413,0
DA:427,0
DA:428,0
DA:430,0
DA:435,0
DA:436,0
DA:449,0
DA:450,0
DA:452,0
DA:457,0
DA:458,0
DA:473,0
DA:474,0
DA:476,0
DA:481,0
DA:483,0
DA:484,0
DA:495,0
DA:497,0
DA:502,0
DA:504,0
DA:507,0
DA:509,0
DA:511,0
DA:516,0
DA:517,0
DA:521,0
DA:522,0
DA:524,0
DA:526,0
DA:531,0
DA:532,0
DA:540,0
DA:541,0
DA:543,0
DA:548,0
DA:549,0
DA:550,0
DA:552,0
DA:558,0
DA:559,0
DA:561,0
DA:563,0
DA:565,0
DA:567,0
DA:569,0
DA:574,0
DA:578,0
DA:582,0
DA:584,0
DA:586,0
DA:587,0
DA:589,0
DA:593,0
DA:596,0
DA:597,0
DA:600,0
DA:602,0
DA:603,0
DA:610,0
DA:611,0
DA:618,0
DA:622,0
DA:623,0
DA:630,0
DA:631,0
DA:634,0
DA:636,0
DA:642,0
LF:202
LH:0
BRDA:28,0,0,0
BRDA:28,0,1,0
BRDA:32,1,0,0
BRDA:43,2,0,0
BRDA:43,2,1,0
BRDA:46,3,0,0
BRDA:48,4,0,0
BRDA:48,4,1,0
BRDA:64,5,0,0
BRDA:64,5,1,0
BRDA:68,6,0,0
BRDA:68,6,1,0
BRDA:86,7,0,0
BRDA:86,7,1,0
BRDA:90,8,0,0
BRDA:90,8,1,0
BRDA:161,9,0,0
BRDA:161,9,1,0
BRDA:221,10,0,0
BRDA:234,11,0,0
BRDA:234,11,1,0
BRDA:237,12,0,0
BRDA:239,13,0,0
BRDA:239,13,1,0
BRDA:253,14,0,0
BRDA:253,14,1,0
BRDA:258,15,0,0
BRDA:258,15,1,0
BRDA:274,16,0,0
BRDA:279,17,0,0
BRDA:279,17,1,0
BRDA:284,18,0,0
BRDA:284,18,1,0
BRDA:337,19,0,0
BRDA:337,20,0,0
BRDA:337,20,1,0
BRDA:385,21,0,0
BRDA:396,22,0,0
BRDA:396,22,1,0
BRDA:399,23,0,0
BRDA:401,24,0,0
BRDA:401,24,1,0
BRDA:401,25,0,0
BRDA:401,25,1,0
BRDA:401,26,0,0
BRDA:401,26,1,0
BRDA:401,27,0,0
BRDA:401,27,1,0
BRDA:401,28,0,0
BRDA:401,28,1,0
BRDA:416,29,0,0
BRDA:416,29,1,0
BRDA:421,30,0,0
BRDA:421,30,1,0
BRDA:439,31,0,0
BRDA:439,31,1,0
BRDA:444,32,0,0
BRDA:444,32,1,0
BRDA:474,33,0,0
BRDA:474,33,1,0
BRDA:474,34,0,0
BRDA:474,34,1,0
BRDA:521,35,0,0
BRDA:559,36,0,0
BRDA:559,36,1,0
BRDA:561,37,0,0
BRDA:561,37,1,0
BRDA:561,37,2,0
BRDA:561,37,3,0
BRDA:586,38,0,0
BRDA:586,38,1,0
BRDA:596,39,0,0
BRDA:610,40,0,0
BRDA:610,40,1,0
BRDA:613,41,0,0
BRDA:613,41,1,0
BRDA:630,42,0,0
BRF:77
BRH:0
end_of_record
TN:
SF:src/templates/emailTemplates.ts
FN:626,getSegmentDescription
FN:636,getPersonalityDescription
FN:646,getStrengthsList
FN:656,getGrowthAreas
FN:666,getStrategyDescription
FN:676,getCommonChallenge
FN:687,getWeekActions
FN:719,getWeekResults
FNF:8
FNH:0
FNDA:0,getSegmentDescription
FNDA:0,getPersonalityDescription
FNDA:0,getStrengthsList
FNDA:0,getGrowthAreas
FNDA:0,getStrategyDescription
FNDA:0,getCommonChallenge
FNDA:0,getWeekActions
FNDA:0,getWeekResults
DA:16,0
DA:626,0
DA:627,0
DA:633,0
DA:636,0
DA:637,0
DA:643,0
DA:646,0
DA:647,0
DA:653,0
DA:656,0
DA:657,0
DA:663,0
DA:666,0
DA:667,0
DA:673,0
DA:676,0
DA:677,0
DA:683,0
DA:687,0
DA:688,0
DA:715,0
DA:716,0
DA:719,0
DA:720,0
DA:747,0
DA:748,0
LF:27
LH:0
BRDA:633,0,0,0
BRDA:633,0,1,0
BRDA:643,1,0,0
BRDA:643,1,1,0
BRDA:653,2,0,0
BRDA:653,2,1,0
BRDA:663,3,0,0
BRDA:663,3,1,0
BRDA:673,4,0,0
BRDA:673,4,1,0
BRDA:683,5,0,0
BRDA:683,5,1,0
BRDA:716,6,0,0
BRDA:716,6,1,0
BRDA:748,7,0,0
BRDA:748,7,1,0
BRF:16
BRH:0
end_of_record
TN:
SF:src/types/assessment-types.ts
FN:202,(anonymous_0)
FNF:1
FNH:0
FNDA:0,(anonymous_0)
DA:30,0
DA:194,0
DA:202,0
DA:203,0
DA:204,0
DA:205,0
DA:206,0
LF:7
LH:0
BRDA:203,0,0,0
BRDA:204,1,0,0
BRDA:205,2,0,0
BRF:3
BRH:0
end_of_record
TN:
SF:src/types/validation-types.ts
FN:74,(anonymous_0)
FN:75,(anonymous_1)
FNF:2
FNH:0
FNDA:0,(anonymous_0)
FNDA:0,(anonymous_1)
DA:68,0
DA:74,0
DA:75,0
DA:81,0
DA:107,0
LF:5
LH:0
BRF:0
BRH:0
end_of_record
TN:
SF:src/utils/performance.ts
FN:42,(anonymous_0)
FN:48,(anonymous_1)
FN:52,(anonymous_2)
FN:66,(anonymous_3)
FN:68,(anonymous_4)
FN:83,(anonymous_5)
FN:101,(anonymous_6)
FN:116,(anonymous_7)
FN:140,(anonymous_8)
FN:163,(anonymous_9)
FN:170,(anonymous_10)
FN:175,(anonymous_11)
FN:185,(anonymous_12)
FN:188,(anonymous_13)
FN:197,(anonymous_14)
FN:207,(anonymous_15)
FN:210,(anonymous_16)
FN:211,(anonymous_17)
FN:224,(anonymous_18)
FN:225,(anonymous_19)
FN:231,(anonymous_20)
FN:235,(anonymous_21)
FN:243,(anonymous_22)
FN:250,(anonymous_23)
FN:260,(anonymous_24)
FN:271,(anonymous_25)
FN:272,(anonymous_26)
FN:273,(anonymous_27)
FN:289,(anonymous_28)
FN:292,(anonymous_29)
FN:296,(anonymous_30)
FN:312,(anonymous_31)
FN:326,(anonymous_32)
FN:340,(anonymous_33)
FN:345,(anonymous_34)
FN:347,(anonymous_35)
FN:352,(anonymous_36)
FN:357,(anonymous_37)
FN:361,(anonymous_38)
FN:367,(anonymous_39)
FN:376,(anonymous_40)
FN:384,(anonymous_41)
FN:406,(anonymous_42)
FN:411,(anonymous_43)
FN:416,(anonymous_44)
FN:421,(anonymous_45)
FN:426,(anonymous_46)
FN:431,(anonymous_47)
FN:436,(anonymous_48)
FN:441,(anonymous_49)
FN:446,(anonymous_50)
FN:451,(anonymous_51)
FN:459,(anonymous_52)
FN:466,(anonymous_53)
FNF:54
FNH:0
FNDA:0,(anonymous_0)
FNDA:0,(anonymous_1)
FNDA:0,(anonymous_2)
FNDA:0,(anonymous_3)
FNDA:0,(anonymous_4)
FNDA:0,(anonymous_5)
FNDA:0,(anonymous_6)
FNDA:0,(anonymous_7)
FNDA:0,(anonymous_8)
FNDA:0,(anonymous_9)
FNDA:0,(anonymous_10)
FNDA:0,(anonymous_11)
FNDA:0,(anonymous_12)
FNDA:0,(anonymous_13)
FNDA:0,(anonymous_14)
FNDA:0,(anonymous_15)
FNDA:0,(anonymous_16)
FNDA:0,(anonymous_17)
FNDA:0,(anonymous_18)
FNDA:0,(anonymous_19)
FNDA:0,(anonymous_20)
FNDA:0,(anonymous_21)
FNDA:0,(anonymous_22)
FNDA:0,(anonymous_23)
FNDA:0,(anonymous_24)
FNDA:0,(anonymous_25)
FNDA:0,(anonymous_26)
FNDA:0,(anonymous_27)
FNDA:0,(anonymous_28)
FNDA:0,(anonymous_29)
FNDA:0,(anonymous_30)
FNDA:0,(anonymous_31)
FNDA:0,(anonymous_32)
FNDA:0,(anonymous_33)
FNDA:0,(anonymous_34)
FNDA:0,(anonymous_35)
FNDA:0,(anonymous_36)
FNDA:0,(anonymous_37)
FNDA:0,(anonymous_38)
FNDA:0,(anonymous_39)
FNDA:0,(anonymous_40)
FNDA:0,(anonymous_41)
FNDA:0,(anonymous_42)
FNDA:0,(anonymous_43)
FNDA:0,(anonymous_44)
FNDA:0,(anonymous_45)
FNDA:0,(anonymous_46)
FNDA:0,(anonymous_47)
FNDA:0,(anonymous_48)
FNDA:0,(anonymous_49)
FNDA:0,(anonymous_50)
FNDA:0,(anonymous_51)
FNDA:0,(anonymous_52)
FNDA:0,(anonymous_53)
DA:1,0
DA:15,0
DA:39,0
DA:40,0
DA:43,0
DA:44,0
DA:50,0
DA:51,0
DA:52,0
DA:53,0
DA:54,0
DA:55,0
DA:56,0
DA:58,0
DA:59,0
DA:61,0
DA:65,0
DA:66,0
DA:67,0
DA:68,0
DA:69,0
DA:70,0
DA:71,0
DA:74,0
DA:75,0
DA:77,0
DA:81,0
DA:82,0
DA:83,0
DA:84,0
DA:85,0
DA:86,0
DA:87,0
DA:90,0
DA:91,0
DA:93,0
DA:94,0
DA:96,0
DA:100,0
DA:101,0
DA:102,0
DA:103,0
DA:104,0
DA:105,0
DA:107,0
DA:108,0
DA:110,0
DA:117,0
DA:118,0
DA:119,0
DA:120,0
DA:121,0
DA:122,0
DA:123,0
DA:126,0
DA:129,0
DA:130,0
DA:133,0
DA:134,0
DA:141,0
DA:142,0
DA:144,0
DA:153,0
DA:154,0
DA:164,0
DA:165,0
DA:166,0
DA:171,0
DA:176,0
DA:186,0
DA:187,0
DA:188,0
DA:189,0
DA:190,0
DA:191,0
DA:198,0
DA:199,0
DA:200,0
DA:201,0
DA:202,0
DA:208,0
DA:209,0
DA:210,0
DA:211,0
DA:212,0
DA:215,0
DA:216,0
DA:218,0
DA:225,0
DA:226,0
DA:231,0
DA:233,0
DA:236,0
DA:237,0
DA:239,0
DA:244,0
DA:245,0
DA:247,0
DA:248,0
DA:250,0
DA:251,0
DA:252,0
DA:260,0
DA:261,0
DA:267,0
DA:272,0
DA:273,0
DA:274,0
DA:275,0
DA:276,0
DA:277,0
DA:282,0
DA:287,0
DA:290,0
DA:291,0
DA:292,0
DA:293,0
DA:296,0
DA:297,0
DA:298,0
DA:310,0
DA:313,0
DA:314,0
DA:315,0
DA:327,0
DA:328,0
DA:338,0
DA:345,0
DA:346,0
DA:347,0
DA:357,0
DA:358,0
DA:359,0
DA:360,0
DA:361,0
DA:368,0
DA:369,0
DA:370,0
DA:371,0
DA:372,0
DA:377,0
DA:378,0
DA:379,0
DA:380,0
DA:386,0
DA:387,0
DA:391,0
DA:392,0
DA:396,0
DA:401,0
DA:404,0
DA:412,0
DA:417,0
DA:422,0
DA:427,0
DA:432,0
DA:437,0
DA:442,0
DA:447,0
DA:452,0
DA:457,0
DA:459,0
DA:460,0
DA:461,0
DA:462,0
DA:466,0
DA:467,0
LF:167
LH:0
BRDA:50,0,0,0
BRDA:86,1,0,0
BRDA:117,2,0,0
BRDA:119,3,0,0
BRDA:142,4,0,0
BRDA:142,4,1,0
BRDA:153,5,0,0
BRDA:157,6,0,0
BRDA:157,6,1,0
BRDA:164,7,0,0
BRDA:165,8,0,0
BRDA:186,9,0,0
BRDA:198,10,0,0
BRDA:208,11,0,0
BRDA:236,12,0,0
BRDA:244,13,0,0
BRDA:274,14,0,0
BRDA:290,15,0,0
BRDA:293,16,0,0
BRDA:293,16,1,0
BRDA:313,17,0,0
BRDA:358,18,0,0
BRDA:386,19,0,0
BRDA:391,20,0,0
BRDA:457,21,0,0
BRF:25
BRH:0
end_of_record
TN:
SF:src/utils/progress.ts
FN:7,(anonymous_0)
FN:12,(anonymous_1)
FN:22,(anonymous_2)
FN:43,(anonymous_3)
FN:66,(anonymous_4)
FN:77,(anonymous_5)
FN:84,(anonymous_6)
FN:89,(anonymous_7)
FN:96,(anonymous_8)
FN:101,(anonymous_9)
FN:106,(anonymous_10)
FN:117,(anonymous_11)
FN:118,(anonymous_12)
FN:132,(anonymous_13)
FN:150,(anonymous_14)
FN:156,(anonymous_15)
FN:165,(anonymous_16)
FN:171,(anonymous_17)
FN:178,(anonymous_18)
FN:184,(anonymous_19)
FNF:20
FNH:0
FNDA:0,(anonymous_0)
FNDA:0,(anonymous_1)
FNDA:0,(anonymous_2)
FNDA:0,(anonymous_3)
FNDA:0,(anonymous_4)
FNDA:0,(anonymous_5)
FNDA:0,(anonymous_6)
FNDA:0,(anonymous_7)
FNDA:0,(anonymous_8)
FNDA:0,(anonymous_9)
FNDA:0,(anonymous_10)
FNDA:0,(anonymous_11)
FNDA:0,(anonymous_12)
FNDA:0,(anonymous_13)
FNDA:0,(anonymous_14)
FNDA:0,(anonymous_15)
FNDA:0,(anonymous_16)
FNDA:0,(anonymous_17)
FNDA:0,(anonymous_18)
FNDA:0,(anonymous_19)
DA:3,0
DA:4,0
DA:7,0
DA:8,0
DA:12,0
DA:13,0
DA:14,0
DA:15,0
DA:16,0
DA:18,0
DA:22,0
DA:26,0
DA:27,0
DA:34,0
DA:35,0
DA:36,0
DA:38,0
DA:43,0
DA:44,0
DA:45,0
DA:46,0
DA:48,0
DA:51,0
DA:52,0
DA:53,0
DA:54,0
DA:57,0
DA:58,0
DA:60,0
DA:61,0
DA:66,0
DA:67,0
DA:68,0
DA:69,0
DA:70,0
DA:72,0
DA:77,0
DA:82,0
DA:84,0
DA:85,0
DA:86,0
DA:89,0
DA:90,0
DA:96,0
DA:97,0
DA:101,0
DA:102,0
DA:103,0
DA:105,0
DA:106,0
DA:110,0
DA:117,0
DA:118,0
DA:119,0
DA:120,0
DA:121,0
DA:122,0
DA:125,0
DA:126,0
DA:127,0
DA:132,0
DA:137,0
DA:138,0
DA:139,0
DA:143,0
DA:145,0
DA:150,0
DA:151,0
DA:152,0
DA:156,0
DA:157,0
DA:158,0
DA:159,0
DA:161,0
DA:165,0
DA:166,0
DA:167,0
DA:169,0
DA:170,0
DA:171,0
DA:174,0
DA:178,0
DA:179,0
DA:180,0
DA:184,0
DA:185,0
DA:186,0
DA:187,0
DA:188,0
DA:190,0
DA:191,0
LF:91
LH:0
BRDA:14,0,0,0
BRDA:46,1,0,0
BRDA:52,2,0,0
BRDA:80,3,0,0
BRDA:85,4,0,0
BRDA:103,5,0,0
BRDA:106,6,0,0
BRDA:106,6,1,0
BRDA:120,7,0,0
BRDA:138,8,0,0
BRDA:138,8,1,0
BRDA:152,9,0,0
BRDA:152,9,1,0
BRDA:152,10,0,0
BRDA:152,10,1,0
BRDA:152,11,0,0
BRDA:152,11,1,0
BRDA:158,12,0,0
BRDA:161,13,0,0
BRDA:161,13,1,0
BRDA:161,13,2,0
BRDA:167,14,0,0
BRDA:174,15,0,0
BRDA:174,15,1,0
BRDA:180,16,0,0
BRDA:180,16,1,0
BRF:26
BRH:0
end_of_record
TN:
SF:src/utils/security.ts
FN:45,rateLimit
FN:74,validateEmail
FN:90,validatePhone
FN:106,validateInput
FN:125,sanitizeInput
FN:140,sanitizeSQL
FN:154,(anonymous_13)
FN:162,verifyUserSession
FN:176,verifyApiKey
FN:191,validateCORS
FN:196,getCORSHeaders
FN:210,encryptSensitiveData
FN:216,decryptSensitiveData
FN:227,validateRequest
FN:318,(anonymous_23)
FN:329,getSecurityHeaders
FN:342,logSecurityEvent
FN:357,sanitizeRequest
FN:376,createSecureResponse
FN:389,createErrorResponse
FN:398,createSuccessResponse
FNF:21
FNH:0
FNDA:0,rateLimit
FNDA:0,validateEmail
FNDA:0,validatePhone
FNDA:0,validateInput
FNDA:0,sanitizeInput
FNDA:0,sanitizeSQL
FNDA:0,(anonymous_13)
FNDA:0,verifyUserSession
FNDA:0,verifyApiKey
FNDA:0,validateCORS
FNDA:0,getCORSHeaders
FNDA:0,encryptSensitiveData
FNDA:0,decryptSensitiveData
FNDA:0,validateRequest
FNDA:0,(anonymous_23)
FNDA:0,getSecurityHeaders
FNDA:0,logSecurityEvent
FNDA:0,sanitizeRequest
FNDA:0,createSecureResponse
FNDA:0,createErrorResponse
FNDA:0,createSuccessResponse
DA:1,0
DA:23,0
DA:26,0
DA:45,0
DA:46,0
DA:47,0
DA:50,0
DA:51,0
DA:52,0
DA:54,0
DA:56,0
DA:58,0
DA:62,0
DA:65,0
DA:66,0
DA:69,0
DA:70,0
DA:74,0
DA:75,0
DA:76,0
DA:79,0
DA:80,0
DA:83,0
DA:84,0
DA:87,0
DA:90,0
DA:91,0
DA:92,0
DA:95,0
DA:96,0
DA:99,0
DA:100,0
DA:103,0
DA:106,0
DA:107,0
DA:108,0
DA:111,0
DA:113,0
DA:114,0
DA:117,0
DA:118,0
DA:121,0
DA:125,0
DA:126,0
DA:127,0
DA:130,0
DA:140,0
DA:141,0
DA:142,0
DA:146,0
DA:153,0
DA:154,0
DA:155,0
DA:158,0
DA:162,0
DA:163,0
DA:164,0
DA:166,0
DA:167,0
DA:170,0
DA:172,0
DA:176,0
DA:177,0
DA:179,0
DA:180,0
DA:183,0
DA:184,0
DA:187,0
DA:191,0
DA:192,0
DA:196,0
DA:197,0
DA:198,0
DA:201,0
DA:210,0
DA:213,0
DA:216,0
DA:219,0
DA:220,0
DA:222,0
DA:227,0
DA:228,0
DA:230,0
DA:231,0
DA:234,0
DA:235,0
DA:236,0
DA:240,0
DA:241,0
DA:245,0
DA:246,0
DA:250,0
DA:251,0
DA:254,0
DA:255,0
DA:259,0
DA:260,0
DA:264,0
DA:265,0
DA:266,0
DA:267,0
DA:272,0
DA:276,0
DA:319,0
DA:320,0
DA:322,0
DA:329,0
DA:330,0
DA:342,0
DA:343,0
DA:353,0
DA:357,0
DA:358,0
DA:359,0
DA:362,0
DA:363,0
DA:365,0
DA:366,0
DA:369,0
DA:372,0
DA:376,0
DA:377,0
DA:382,0
DA:389,0
DA:390,0
DA:398,0
DA:399,0
LF:127
LH:0
BRDA:29,0,0,0
BRDA:29,0,1,0
BRDA:30,1,0,0
BRDA:30,1,1,0
BRDA:33,2,0,0
BRDA:33,2,1,0
BRDA:33,3,0,0
BRDA:33,3,1,0
BRDA:33,4,0,0
BRDA:33,4,1,0
BRDA:34,5,0,0
BRDA:34,5,1,0
BRDA:34,6,0,0
BRDA:34,6,1,0
BRDA:34,7,0,0
BRDA:34,7,1,0
BRDA:35,8,0,0
BRDA:35,8,1,0
BRDA:35,9,0,0
BRDA:35,9,1,0
BRDA:35,10,0,0
BRDA:35,10,1,0
BRDA:46,11,0,0
BRDA:56,12,0,0
BRDA:56,13,0,0
BRDA:56,13,1,0
BRDA:65,14,0,0
BRDA:75,15,0,0
BRDA:75,16,0,0
BRDA:75,16,1,0
BRDA:79,17,0,0
BRDA:83,18,0,0
BRDA:91,19,0,0
BRDA:95,20,0,0
BRDA:99,21,0,0
BRDA:107,22,0,0
BRDA:107,23,0,0
BRDA:107,23,1,0
BRDA:111,24,0,0
BRDA:111,24,1,0
BRDA:113,25,0,0
BRDA:113,26,0,0
BRDA:113,26,1,0
BRDA:117,27,0,0
BRDA:117,28,0,0
BRDA:117,28,1,0
BRDA:126,29,0,0
BRDA:141,30,0,0
BRDA:166,31,0,0
BRDA:166,32,0,0
BRDA:166,32,1,0
BRDA:179,33,0,0
BRDA:183,34,0,0
BRDA:192,35,0,0
BRDA:192,35,1,0
BRDA:197,36,0,0
BRDA:234,37,0,0
BRDA:234,38,0,0
BRDA:234,38,1,0
BRDA:234,38,2,0
BRDA:234,38,3,0
BRDA:240,39,0,0
BRDA:240,40,0,0
BRDA:240,40,1,0
BRDA:240,40,2,0
BRDA:240,40,3,0
BRDA:245,41,0,0
BRDA:245,42,0,0
BRDA:245,42,1,0
BRDA:250,43,0,0
BRDA:250,44,0,0
BRDA:250,44,1,0
BRDA:254,45,0,0
BRDA:254,46,0,0
BRDA:254,46,1,0
BRDA:259,47,0,0
BRDA:259,48,0,0
BRDA:259,48,1,0
BRDA:264,49,0,0
BRDA:266,50,0,0
BRDA:267,51,0,0
BRDA:267,51,1,0
BRDA:319,52,0,0
BRDA:319,53,0,0
BRDA:319,53,1,0
BRDA:336,54,0,0
BRDA:336,54,1,0
BRDA:337,55,0,0
BRDA:337,55,1,0
BRDA:358,56,0,0
BRDA:362,57,0,0
BRDA:362,58,0,0
BRDA:362,58,1,0
BRDA:363,59,0,0
BRDA:363,59,1,0
BRDA:376,60,0,0
BRDA:389,61,0,0
BRF:97
BRH:0
end_of_record
TN:
SF:src/utils/validation.ts
FN:21,(anonymous_0)
FN:26,(anonymous_1)
FN:32,(anonymous_2)
FN:41,(anonymous_3)
FN:45,(anonymous_4)
FN:98,(anonymous_5)
FN:110,(anonymous_6)
FN:129,(anonymous_7)
FN:190,(anonymous_8)
FN:193,(anonymous_9)
FN:207,(anonymous_10)
FN:223,(anonymous_11)
FN:238,(anonymous_12)
FN:243,(anonymous_13)
FN:244,(anonymous_14)
FN:248,(anonymous_15)
FNF:16
FNH:0
FNDA:0,(anonymous_0)
FNDA:0,(anonymous_1)
FNDA:0,(anonymous_2)
FNDA:0,(anonymous_3)
FNDA:0,(anonymous_4)
FNDA:0,(anonymous_5)
FNDA:0,(anonymous_6)
FNDA:0,(anonymous_7)
FNDA:0,(anonymous_8)
FNDA:0,(anonymous_9)
FNDA:0,(anonymous_10)
FNDA:0,(anonymous_11)
FNDA:0,(anonymous_12)
FNDA:0,(anonymous_13)
FNDA:0,(anonymous_14)
FNDA:0,(anonymous_15)
DA:1,0
DA:11,0
DA:20,0
DA:22,0
DA:23,0
DA:28,0
DA:29,0
DA:34,0
DA:38,0
DA:42,0
DA:46,0
DA:51,0
DA:98,0
DA:110,0
DA:129,0
DA:134,0
DA:136,0
DA:137,0
DA:145,0
DA:146,0
DA:150,0
DA:151,0
DA:159,0
DA:160,0
DA:168,0
DA:169,0
DA:177,0
DA:178,0
DA:186,0
DA:190,0
DA:191,0
DA:193,0
DA:194,0
DA:195,0
DA:197,0
DA:198,0
DA:199,0
DA:203,0
DA:207,0
DA:211,0
DA:212,0
DA:214,0
DA:223,0
DA:225,0
DA:228,0
DA:229,0
DA:230,0
DA:231,0
DA:233,0
DA:238,0
DA:239,0
DA:243,0
DA:244,0
DA:248,0
DA:253,0
DA:255,0
DA:256,0
DA:257,0
DA:259,0
DA:260,0
DA:264,0
LF:61
LH:0
BRDA:23,0,0,0
BRDA:23,0,1,0
BRDA:29,1,0,0
BRDA:29,1,1,0
BRDA:46,2,0,0
BRDA:46,2,1,0
BRDA:136,3,0,0
BRDA:136,4,0,0
BRDA:136,4,1,0
BRDA:136,4,2,0
BRDA:136,4,3,0
BRDA:139,5,0,0
BRDA:139,5,1,0
BRDA:145,6,0,0
BRDA:145,7,0,0
BRDA:145,7,1,0
BRDA:145,7,2,0
BRDA:150,8,0,0
BRDA:150,9,0,0
BRDA:150,9,1,0
BRDA:150,9,2,0
BRDA:153,10,0,0
BRDA:153,10,1,0
BRDA:159,11,0,0
BRDA:159,12,0,0
BRDA:159,12,1,0
BRDA:159,12,2,0
BRDA:162,13,0,0
BRDA:162,13,1,0
BRDA:168,14,0,0
BRDA:168,15,0,0
BRDA:168,15,1,0
BRDA:168,15,2,0
BRDA:171,16,0,0
BRDA:171,16,1,0
BRDA:177,17,0,0
BRDA:177,18,0,0
BRDA:177,18,1,0
BRDA:180,19,0,0
BRDA:180,19,1,0
BRDA:198,20,0,0
BRDA:211,21,0,0
BRDA:211,21,1,0
BRDA:216,22,0,0
BRDA:216,22,1,0
BRDA:216,23,0,0
BRDA:216,23,1,0
BRDA:216,24,0,0
BRDA:216,24,1,0
BRDA:228,25,0,0
BRDA:228,25,1,0
BRDA:230,26,0,0
BRDA:230,26,1,0
BRDA:255,27,0,0
BRDA:255,28,0,0
BRDA:255,28,1,0
BRDA:256,29,0,0
BRDA:256,30,0,0
BRDA:256,30,1,0
BRDA:256,30,2,0
BRDA:257,31,0,0
BRDA:257,31,1,0
BRDA:259,32,0,0
BRDA:259,33,0,0
BRDA:259,33,1,0
BRDA:259,33,2,0
BRDA:260,34,0,0
BRDA:260,34,1,0
BRF:68
BRH:0
end_of_record
